  1        1   (0)      1 :  0.0000 0.8261 0.0018 0.0004 0.0648 0.1069 
  2        2   (0)      1 :  0.0004 0.5845 0.0014 0.0000 0.1542 0.2595 
  3        3   (0)      1 :  0.0040 0.9136 0.0514 0.0000 0.0094 0.0216 
  4        4   (0)      1 :  0.0000 0.8047 0.0040 0.0002 0.0709 0.1202 
  5        5   (0)      1 :  0.0000 0.3026 0.0000 0.0000 0.2605 0.4368 
  6        6   (0)      1 :  0.0000 0.5818 0.0226 0.0002 0.2050 0.1903 
  7        7   (0)      1 :  0.0000 0.7468 0.0156 0.0002 0.1258 0.1116 
  8        8   (0)      1 :  0.0002 0.7969 0.0046 0.0012 0.0730 0.1241 
  9        9   (0)      1 :  0.0000 0.7409 0.0030 0.0002 0.0965 0.1595 
 10       10   (0)      1 :  0.0000 0.1663 0.0000 0.0000 0.3121 0.5215 
 11       11   (0)      1 :  0.0140 0.9204 0.0604 0.0052 0.0000 0.0000 
 12       12   (0)      1 :  0.0000 0.4177 0.0030 0.0000 0.2179 0.3614 
 13       13   (0)      2 :  0.0000 0.0000 0.2000 0.0000 0.8000 0.0000 
 14       14   (0)      2 :  0.0000 0.0000 0.2000 0.0000 0.8000 0.0000 
 15       15   (0)      2 :  0.0000 0.0000 0.2000 0.0000 0.8000 0.0000 
 16       16   (0)      3 :  0.2096 0.0312 0.0014 0.7542 0.0008 0.0028 
 17       17   (0)      3 :  0.1426 0.0010 0.0020 0.8502 0.0020 0.0022 
 18       18   (0)      3 :  0.1953 0.0200 0.0012 0.7787 0.0000 0.0048 
 19       19   (0)      3 :  0.0806 0.0000 0.0002 0.4874 0.1588 0.2730 
 20       20   (0)      3 :  0.0484 0.0000 0.0036 0.3051 0.2512 0.3917 
 21       21   (0)      3 :  0.1768 0.0934 0.0046 0.7248 0.0000 0.0004 
 22       22   (0)      3 :  0.0927 0.0000 0.0000 0.5892 0.1147 0.2034 
 23       23   (0)      3 :  0.2358 0.1122 0.0012 0.6506 0.0000 0.0002 
 24       24   (0)      3 :  0.2222 0.0434 0.0216 0.7127 0.0000 0.0000 
 25       25   (0)      3 :  0.1375 0.0112 0.0006 0.7385 0.0366 0.0756 
 26       26   (0)      3 :  0.1560 0.0176 0.0046 0.8218 0.0000 0.0000 
 27       27   (0)      3 :  0.1378 0.0072 0.0014 0.8386 0.0000 0.0150 
 28       28   (0)      4 :  0.0000 0.9872 0.0128 0.0000 0.0000 0.0000 
 29       29   (0)      4 :  0.0004 0.9974 0.0012 0.0000 0.0000 0.0010 
 30       30   (0)      4 :  0.0002 0.9984 0.0014 0.0000 0.0000 0.0000 
 31       31   (0)      4 :  0.0008 0.9566 0.0006 0.0006 0.0154 0.0260 
 32       32   (0)      4 :  0.0000 0.9588 0.0024 0.0000 0.0160 0.0228 
 33       33   (0)      4 :  0.0000 0.9990 0.0010 0.0000 0.0000 0.0000 
 34       34   (0)      4 :  0.0000 0.9998 0.0002 0.0000 0.0000 0.0000 
 35       35   (0)      5 :  0.0000 0.2048 0.7952 0.0000 0.0000 0.0000 
 36       36   (0)      5 :  0.0000 0.2028 0.7972 0.0000 0.0000 0.0000 
 37       37   (0)      5 :  0.0004 0.2024 0.7972 0.0000 0.0000 0.0000 
 38       38   (0)      5 :  0.0000 0.2012 0.7986 0.0002 0.0000 0.0000 
 39       39   (0)      5 :  0.0000 0.2004 0.7994 0.0002 0.0000 0.0000 
 40       40   (0)      5 :  0.0000 0.1316 0.5413 0.0000 0.1256 0.2015 
 41       41   (0)      5 :  0.0004 0.2016 0.7978 0.0002 0.0000 0.0000 
 42       42   (0)      5 :  0.0000 0.1814 0.7336 0.0000 0.0328 0.0522 
 43       43   (0)      5 :  0.0000 0.2334 0.7666 0.0000 0.0000 0.0000 
 44       44   (0)      5 :  0.0000 0.2000 0.8000 0.0000 0.0000 0.0000 
 45       45   (0)      5 :  0.0000 0.2078 0.7920 0.0002 0.0000 0.0000 
 46       46   (0)      5 :  0.0000 0.2008 0.7992 0.0000 0.0000 0.0000 
 47       47   (0)      5 :  0.0000 0.2010 0.7990 0.0000 0.0000 0.0000 
 48       48   (0)      6 :  0.0120 0.9784 0.0000 0.0072 0.0000 0.0024 
 49       49   (0)      6 :  0.0008 0.9944 0.0042 0.0004 0.0000 0.0002 
 50       50   (0)      6 :  0.0144 0.9694 0.0108 0.0054 0.0000 0.0000 
 51       51   (0)      6 :  0.0030 0.9842 0.0050 0.0004 0.0000 0.0074 
 52       52   (0)      6 :  0.0024 0.9962 0.0006 0.0008 0.0000 0.0000 
 53       53   (0)      6 :  0.0006 0.9900 0.0010 0.0082 0.0000 0.0002 
 54       54   (0)      6 :  0.0000 0.9872 0.0100 0.0028 0.0000 0.0000 
 55       55   (0)      6 :  0.0002 0.9970 0.0010 0.0016 0.0000 0.0002 
 56       56   (0)      6 :  0.0000 0.9648 0.0038 0.0314 0.0000 0.0000 
 57       57   (0)      6 :  0.0004 0.9934 0.0018 0.0004 0.0038 0.0002 
 58       58   (0)      6 :  0.4714 0.0824 0.0014 0.1406 0.0000 0.3041 
 59       59   (0)      7 :  0.4506 0.0186 0.0006 0.1500 0.0000 0.3802 
 60       60   (0)      7 :  0.4478 0.0208 0.0004 0.1532 0.0000 0.3778 
 61       61   (0)      7 :  0.4466 0.0210 0.0010 0.1544 0.0000 0.3770 
 62       62   (0)      7 :  0.4651 0.0050 0.0004 0.1500 0.0000 0.3794 
 63       63   (0)      7 :  0.4404 0.0242 0.0120 0.1520 0.0000 0.3714 
 64       64   (0)      7 :  0.4492 0.0208 0.0010 0.1504 0.0000 0.3786 
 65       65   (0)      7 :  0.4354 0.0530 0.0002 0.1425 0.0000 0.3688 
 66       66   (0)      8 :  0.0002 0.5547 0.0390 0.4061 0.0000 0.0000 
 67       67   (0)      8 :  0.0002 0.5410 0.0046 0.4542 0.0000 0.0000 
 68       68   (0)      8 :  0.0016 0.4915 0.0006 0.4939 0.0022 0.0102 
 69       69   (0)      8 :  0.0002 0.4973 0.0000 0.4961 0.0000 0.0064 
 70       70   (0)      8 :  0.0002 0.5881 0.0000 0.4117 0.0000 0.0000 
 71       71   (0)      8 :  0.0002 0.6004 0.0076 0.3918 0.0000 0.0000 
 72       72   (0)      8 :  0.0022 0.5166 0.0004 0.4808 0.0000 0.0000 
 73       73   (0)      8 :  0.0000 0.4412 0.0002 0.4324 0.0450 0.0813 
 74       74   (0)      8 :  0.0000 0.4756 0.0002 0.4774 0.0152 0.0316 
 75       75   (0)      8 :  0.0004 0.5385 0.0010 0.4601 0.0000 0.0000 
 76       76   (0)      8 :  0.0014 0.5636 0.0014 0.4336 0.0000 0.0000 
 77       77   (0)      8 :  0.0006 0.5469 0.0010 0.4515 0.0000 0.0000 
 78       78   (0)      9 :  0.0892 0.7906 0.1010 0.0010 0.0036 0.0146 
 79       79   (0)      9 :  0.0040 0.9212 0.0724 0.0022 0.0000 0.0002 
 80       80   (0)      9 :  0.0000 0.9183 0.0787 0.0000 0.0030 0.0000 
 81       81   (0)      9 :  0.0014 0.8261 0.0800 0.0010 0.0344 0.0570 
 82       82   (0)      9 :  0.0002 0.8752 0.0728 0.0222 0.0230 0.0066 
 83       83   (0)      9 :  0.0110 0.8910 0.0910 0.0062 0.0000 0.0008 
 84       84   (0)      9 :  0.0976 0.8860 0.0154 0.0006 0.0000 0.0004 
 85       85   (0)      9 :  0.0034 0.8994 0.0898 0.0020 0.0000 0.0054 
 86       86   (0)      9 :  0.0014 0.8175 0.0414 0.0002 0.0595 0.0800 
 87       87   (0)      9 :  0.0016 0.8582 0.1390 0.0012 0.0000 0.0000 
 88       88   (0)      9 :  0.0002 0.9188 0.0786 0.0024 0.0000 0.0000 
 89       89   (0)      9 :  0.0000 0.7943 0.0822 0.0000 0.0708 0.0526 
 90       90   (0)      9 :  0.0000 0.8851 0.0607 0.0000 0.0208 0.0334 
 91       91   (0)     10 :  0.8380 0.0468 0.0064 0.0976 0.0000 0.0112 
 92       92   (0)     10 :  0.8706 0.0980 0.0018 0.0288 0.0000 0.0008 
 93       93   (0)     10 :  0.9546 0.0388 0.0060 0.0006 0.0000 0.0000 
 94       94   (0)     10 :  0.9420 0.0420 0.0074 0.0086 0.0000 0.0000 
 95       95   (0)     10 :  0.9632 0.0354 0.0002 0.0008 0.0000 0.0004 
 96       96   (0)     10 :  0.9192 0.0532 0.0198 0.0034 0.0000 0.0044 
 97       97   (0)     10 :  0.7882 0.1232 0.0032 0.0682 0.0000 0.0172 
 98       98   (0)     10 :  0.9462 0.0446 0.0062 0.0030 0.0000 0.0000 
 99       99   (0)     10 :  0.7825 0.0014 0.0002 0.0018 0.0784 0.1357 
100      100   (0)     10 :  0.9292 0.0660 0.0038 0.0006 0.0000 0.0004 
101      101   (0)     10 :  0.7861 0.0006 0.0000 0.0062 0.0776 0.1295 
102      102   (0)     10 :  0.9192 0.0710 0.0008 0.0086 0.0000 0.0004 
103      103   (0)     10 :  0.9390 0.0548 0.0004 0.0058 0.0000 0.0000 
