  1        1   (0)      1 :  0.0008 0.0108 0.0006 0.0000 0.0006 0.2406 0.0000 0.0000 0.0048 0.0008 0.0004 0.1255 0.0000 0.6151 0.0000 
  2        2   (0)      1 :  0.0006 0.0158 0.0000 0.0000 0.0000 0.5222 0.0000 0.0000 0.0000 0.0046 0.0012 0.0526 0.0000 0.4011 0.0018 
  3        3   (0)      1 :  0.0714 0.0116 0.0000 0.0000 0.0008 0.0644 0.0010 0.0000 0.0130 0.0000 0.0000 0.1491 0.0000 0.6886 0.0000 
  4        4   (0)      1 :  0.0058 0.0076 0.0000 0.0000 0.0256 0.2895 0.0000 0.0000 0.0006 0.0000 0.0000 0.1046 0.0000 0.5662 0.0000 
  5        5   (0)      1 :  0.0000 0.0000 0.0000 0.0000 0.0000 0.8737 0.0000 0.0000 0.0004 0.0000 0.0000 0.0000 0.0000 0.1169 0.0090 
  6        6   (0)      1 :  0.0000 0.0004 0.0000 0.0060 0.0000 0.0282 0.0000 0.0000 0.5901 0.0000 0.0000 0.0314 0.0000 0.3439 0.0000 
  7        7   (0)      1 :  0.0012 0.0046 0.0006 0.0034 0.0002 0.0180 0.0000 0.0000 0.3499 0.0008 0.0012 0.0760 0.0000 0.5440 0.0000 
  8        8   (0)      1 :  0.0028 0.0080 0.0012 0.0000 0.0086 0.2073 0.0004 0.0000 0.0214 0.0242 0.0184 0.1082 0.0008 0.5978 0.0008 
  9        9   (0)      1 :  0.0008 0.0006 0.0000 0.0000 0.0000 0.2439 0.0000 0.0000 0.1654 0.0000 0.0002 0.0605 0.0000 0.5286 0.0000 
 10       10   (0)      1 :  0.0000 0.0000 0.0000 0.0000 0.0000 0.0000 0.0000 0.0000 0.0078 0.7948 0.0202 0.0090 0.0000 0.1043 0.0639 
 11       11   (0)      1 :  0.0717 0.0072 0.0046 0.0000 0.0070 0.0012 0.0114 0.0000 0.0086 0.0000 0.0002 0.1938 0.0000 0.6943 0.0000 
 12       12   (0)      1 :  0.0010 0.0030 0.0000 0.0000 0.0008 0.0704 0.0000 0.0000 0.0116 0.0518 0.5615 0.0476 0.0000 0.1939 0.0582 
 13       13   (0)      2 :  0.0000 0.0000 0.0000 1.0000 0.0000 0.0000 0.0000 0.0000 0.0000 0.0000 0.0000 0.0000 0.0000 0.0000 0.0000 
 14       14   (0)      2 :  0.0000 0.0000 0.0000 1.0000 0.0000 0.0000 0.0000 0.0000 0.0000 0.0000 0.0000 0.0000 0.0000 0.0000 0.0000 
 15       15   (0)      2 :  0.0000 0.0000 0.0000 1.0000 0.0000 0.0000 0.0000 0.0000 0.0000 0.0000 0.0000 0.0000 0.0000 0.0000 0.0000 
 16       16   (0)      3 :  0.0002 0.0000 0.0168 0.0000 0.0000 0.0000 0.0482 0.0000 0.0000 0.0000 0.0000 0.0000 0.6887 0.2460 0.0000 
 17       17   (0)      3 :  0.0000 0.0000 0.0000 0.0000 0.0000 0.0000 0.0000 0.0000 0.0000 0.0000 0.0000 0.0000 0.7732 0.2268 0.0000 
 18       18   (0)      3 :  0.0002 0.0000 0.0006 0.0000 0.0000 0.0000 0.0382 0.0000 0.0000 0.0000 0.0000 0.0000 0.6797 0.2595 0.0218 
 19       19   (0)      3 :  0.0000 0.0000 0.0000 0.0010 0.0000 0.0062 0.0000 0.0000 0.0002 0.0631 0.2249 0.2499 0.3562 0.0953 0.0032 
 20       20   (0)      3 :  0.0000 0.0000 0.0000 0.0000 0.0000 0.0000 0.0000 0.0000 0.0000 0.0186 0.0008 0.0000 0.1983 0.0334 0.7488 
 21       21   (0)      3 :  0.0078 0.0000 0.0012 0.0000 0.0000 0.0000 0.0138 0.0000 0.0000 0.0000 0.0000 0.0000 0.6894 0.2878 0.0000 
 22       22   (0)      3 :  0.0000 0.0266 0.0000 0.0000 0.0000 0.0092 0.0000 0.0000 0.0000 0.0220 0.0434 0.0535 0.5462 0.1197 0.1794 
 23       23   (0)      3 :  0.0002 0.0000 0.0046 0.0000 0.0000 0.0000 0.0635 0.0000 0.0000 0.0000 0.0000 0.0000 0.5924 0.3393 0.0000 
 24       24   (0)      3 :  0.0024 0.0000 0.0022 0.0000 0.0000 0.0000 0.0358 0.0000 0.0000 0.0000 0.0000 0.0000 0.6895 0.2701 0.0000 
 25       25   (0)      3 :  0.0002 0.0072 0.0004 0.0000 0.0000 0.0118 0.0022 0.0000 0.0000 0.0250 0.0150 0.0108 0.6832 0.2095 0.0346 
 26       26   (0)      3 :  0.0004 0.0000 0.0002 0.0000 0.0000 0.0000 0.0000 0.0000 0.0000 0.0000 0.0000 0.0000 0.7623 0.2371 0.0000 
 27       27   (0)      3 :  0.0000 0.0000 0.0000 0.0000 0.0000 0.0000 0.0000 0.0000 0.0000 0.0000 0.0000 0.0000 0.7823 0.2177 0.0000 
 28       28   (0)      4 :  0.0002 0.0000 0.0000 0.0000 0.3669 0.0000 0.0000 0.0000 0.0000 0.0000 0.0000 0.0392 0.0000 0.5937 0.0000 
 29       29   (0)      4 :  0.0002 0.0000 0.0000 0.0000 0.3341 0.0000 0.0000 0.0000 0.0000 0.0000 0.0000 0.0234 0.0000 0.6423 0.0000 
 30       30   (0)      4 :  0.0006 0.0000 0.0000 0.0000 0.3701 0.0000 0.0000 0.0000 0.0000 0.0000 0.0000 0.0076 0.0000 0.6217 0.0000 
 31       31   (0)      4 :  0.0002 0.0000 0.0002 0.0000 0.3576 0.0160 0.0002 0.0000 0.0000 0.0000 0.0000 0.0639 0.0000 0.5619 0.0000 
 32       32   (0)      4 :  0.0014 0.0012 0.0000 0.0000 0.4869 0.0000 0.0000 0.0000 0.0000 0.0000 0.0000 0.0058 0.0000 0.5047 0.0000 
 33       33   (0)      4 :  0.0014 0.0000 0.0000 0.0000 0.3670 0.0000 0.0000 0.0000 0.0000 0.0000 0.0000 0.0254 0.0000 0.6062 0.0000 
 34       34   (0)      4 :  0.0000 0.0000 0.0000 0.0000 0.3900 0.0000 0.0000 0.0000 0.0000 0.0000 0.0000 0.0002 0.0000 0.6098 0.0000 
 35       35   (0)      5 :  0.9780 0.0000 0.0000 0.0000 0.0000 0.0000 0.0000 0.0000 0.0000 0.0000 0.0000 0.0000 0.0000 0.0220 0.0000 
 36       36   (0)      5 :  0.9920 0.0000 0.0000 0.0000 0.0006 0.0000 0.0000 0.0000 0.0000 0.0000 0.0000 0.0000 0.0000 0.0074 0.0000 
 37       37   (0)      5 :  0.9896 0.0000 0.0000 0.0000 0.0000 0.0000 0.0000 0.0000 0.0000 0.0000 0.0000 0.0000 0.0000 0.0104 0.0000 
 38       38   (0)      5 :  0.9950 0.0000 0.0000 0.0000 0.0000 0.0000 0.0000 0.0000 0.0000 0.0000 0.0000 0.0004 0.0000 0.0046 0.0000 
 39       39   (0)      5 :  0.9874 0.0000 0.0000 0.0000 0.0000 0.0000 0.0000 0.0000 0.0000 0.0000 0.0000 0.0000 0.0000 0.0126 0.0000 
 40       40   (0)      5 :  0.6517 0.0675 0.0000 0.0000 0.0000 0.0566 0.0000 0.0000 0.0000 0.0512 0.0458 0.0242 0.0000 0.0000 0.1029 
 41       41   (0)      5 :  0.9624 0.0000 0.0000 0.0000 0.0000 0.0000 0.0000 0.0000 0.0000 0.0000 0.0000 0.0000 0.0000 0.0376 0.0000 
 42       42   (0)      5 :  0.9043 0.0000 0.0000 0.0000 0.0000 0.0000 0.0000 0.0000 0.0000 0.0128 0.0408 0.0420 0.0000 0.0000 0.0000 
 43       43   (0)      5 :  0.9338 0.0000 0.0000 0.0000 0.0000 0.0000 0.0000 0.0000 0.0000 0.0000 0.0000 0.0006 0.0000 0.0656 0.0000 
 44       44   (0)      5 :  0.9952 0.0000 0.0000 0.0000 0.0000 0.0000 0.0000 0.0000 0.0000 0.0000 0.0000 0.0000 0.0000 0.0048 0.0000 
 45       45   (0)      5 :  0.9858 0.0000 0.0000 0.0000 0.0012 0.0000 0.0000 0.0000 0.0000 0.0000 0.0000 0.0000 0.0000 0.0130 0.0000 
 46       46   (0)      5 :  0.9914 0.0000 0.0000 0.0000 0.0000 0.0000 0.0000 0.0000 0.0000 0.0000 0.0000 0.0000 0.0000 0.0086 0.0000 
 47       47   (0)      5 :  0.9904 0.0000 0.0000 0.0000 0.0000 0.0000 0.0000 0.0000 0.0000 0.0000 0.0000 0.0000 0.0000 0.0096 0.0000 
 48       48   (0)      6 :  0.0000 0.0000 0.0034 0.0000 0.0016 0.0000 0.0026 0.0014 0.0000 0.0000 0.0000 0.2915 0.0032 0.6963 0.0000 
 49       49   (0)      6 :  0.0022 0.0004 0.0000 0.0000 0.0344 0.0000 0.0000 0.0000 0.0000 0.0000 0.0000 0.2755 0.0000 0.6875 0.0000 
 50       50   (0)      6 :  0.0050 0.0000 0.0048 0.0000 0.0166 0.0000 0.0146 0.0000 0.0000 0.0000 0.0000 0.2803 0.0000 0.6787 0.0000 
 51       51   (0)      6 :  0.0010 0.0000 0.0000 0.0000 0.0026 0.0000 0.0000 0.0032 0.0000 0.0000 0.0000 0.2945 0.0000 0.6987 0.0000 
 52       52   (0)      6 :  0.0000 0.0000 0.0004 0.0000 0.0018 0.0000 0.0014 0.0000 0.0000 0.0000 0.0000 0.2853 0.0000 0.7111 0.0000 
 53       53   (0)      6 :  0.0002 0.0000 0.0004 0.0000 0.0232 0.0000 0.0000 0.0002 0.0000 0.0000 0.0000 0.2656 0.0030 0.7074 0.0000 
 54       54   (0)      6 :  0.0022 0.0004 0.0014 0.0000 0.0030 0.0000 0.0000 0.0000 0.0000 0.0000 0.0000 0.2721 0.0000 0.7209 0.0000 
 55       55   (0)      6 :  0.0008 0.0000 0.0026 0.0000 0.0400 0.0000 0.0000 0.0000 0.0000 0.0000 0.0000 0.2925 0.0000 0.6641 0.0000 
 56       56   (0)      6 :  0.0026 0.0000 0.0965 0.0000 0.0018 0.0000 0.0000 0.0000 0.0014 0.0000 0.0000 0.2587 0.0000 0.6389 0.0000 
 57       57   (0)      6 :  0.0018 0.0000 0.0002 0.0000 0.0012 0.0000 0.0000 0.0000 0.0000 0.0000 0.0000 0.3008 0.0000 0.6958 0.0002 
 58       58   (0)      6 :  0.0022 0.0000 0.0008 0.0000 0.0000 0.0000 0.0637 0.6596 0.0000 0.0000 0.0000 0.0000 0.0010 0.2728 0.0000 
 59       59   (0)      7 :  0.0002 0.0000 0.0000 0.0000 0.0000 0.0000 0.0008 0.7981 0.0000 0.0000 0.0000 0.0000 0.0008 0.2001 0.0000 
 60       60   (0)      7 :  0.0000 0.0000 0.0000 0.0000 0.0000 0.0000 0.0008 0.7898 0.0000 0.0000 0.0000 0.0000 0.0006 0.2088 0.0000 
 61       61   (0)      7 :  0.0004 0.0000 0.0004 0.0000 0.0000 0.0000 0.0064 0.8029 0.0000 0.0000 0.0000 0.0002 0.0000 0.1897 0.0000 
 62       62   (0)      7 :  0.0000 0.0000 0.0000 0.0000 0.0000 0.0000 0.0118 0.8027 0.0000 0.0000 0.0000 0.0000 0.0000 0.1855 0.0000 
 63       63   (0)      7 :  0.0064 0.0000 0.0004 0.0000 0.0000 0.0000 0.0008 0.8029 0.0000 0.0000 0.0000 0.0000 0.0000 0.1895 0.0000 
 64       64   (0)      7 :  0.0004 0.0000 0.0006 0.0000 0.0000 0.0000 0.0004 0.7987 0.0000 0.0000 0.0000 0.0000 0.0004 0.1995 0.0000 
 65       65   (0)      7 :  0.0000 0.0000 0.0006 0.0000 0.0000 0.0000 0.0046 0.7833 0.0000 0.0000 0.0000 0.0000 0.0000 0.2115 0.0000 
 66       66   (0)      8 :  0.0306 0.0000 0.5853 0.0000 0.0000 0.0000 0.0000 0.0000 0.0000 0.0000 0.0000 0.0050 0.0032 0.3759 0.0000 
 67       67   (0)      8 :  0.0004 0.0000 0.7399 0.0000 0.0000 0.0000 0.0000 0.0000 0.0000 0.0000 0.0000 0.0000 0.0000 0.2597 0.0000 
 68       68   (0)      8 :  0.0000 0.0000 0.7208 0.0000 0.0000 0.0000 0.0004 0.0000 0.0000 0.0000 0.0000 0.0000 0.0000 0.2788 0.0000 
 69       69   (0)      8 :  0.0000 0.0000 0.7097 0.0000 0.0000 0.0000 0.0000 0.0000 0.0000 0.0000 0.0000 0.0000 0.0000 0.2903 0.0000 
 70       70   (0)      8 :  0.0000 0.0000 0.6544 0.0000 0.0000 0.0000 0.0000 0.0000 0.0000 0.0000 0.0000 0.0000 0.0000 0.3456 0.0000 
 71       71   (0)      8 :  0.0204 0.0000 0.6223 0.0000 0.0020 0.0000 0.0000 0.0000 0.0000 0.0000 0.0000 0.0018 0.0000 0.3535 0.0000 
 72       72   (0)      8 :  0.0008 0.0000 0.6928 0.0000 0.0000 0.0000 0.0006 0.0000 0.0000 0.0000 0.0000 0.0000 0.0004 0.3054 0.0000 
 73       73   (0)      8 :  0.0000 0.0000 0.6098 0.0000 0.0000 0.0926 0.0000 0.0000 0.0000 0.0094 0.0230 0.0204 0.0000 0.2433 0.0014 
 74       74   (0)      8 :  0.0000 0.0014 0.6828 0.0000 0.0000 0.0000 0.0000 0.0000 0.0000 0.0018 0.0294 0.0038 0.0020 0.2770 0.0018 
 75       75   (0)      8 :  0.0026 0.0000 0.6491 0.0000 0.0000 0.0000 0.0000 0.0000 0.0000 0.0000 0.0000 0.0008 0.0014 0.3461 0.0000 
 76       76   (0)      8 :  0.0036 0.0000 0.6113 0.0000 0.0000 0.0000 0.0010 0.0000 0.0000 0.0000 0.0000 0.0182 0.0016 0.3643 0.0000 
 77       77   (0)      8 :  0.0018 0.0000 0.7058 0.0000 0.0000 0.0000 0.0002 0.0000 0.0000 0.0000 0.0000 0.0000 0.0000 0.2922 0.0000 
 78       78   (0)      9 :  0.0852 0.1378 0.0006 0.0000 0.0000 0.0000 0.0288 0.0000 0.0142 0.0000 0.0026 0.1198 0.0000 0.6104 0.0006 
 79       79   (0)      9 :  0.0772 0.0718 0.0004 0.0000 0.0008 0.0000 0.0004 0.0000 0.0086 0.0000 0.0000 0.1559 0.0002 0.6847 0.0000 
 80       80   (0)      9 :  0.0630 0.0938 0.0000 0.0000 0.0000 0.0000 0.0000 0.0000 0.0104 0.0000 0.0000 0.1344 0.0000 0.6984 0.0000 
 81       81   (0)      9 :  0.0384 0.2133 0.0002 0.0000 0.0006 0.0026 0.0000 0.0000 0.0198 0.0024 0.0000 0.1069 0.0000 0.6158 0.0000 
 82       82   (0)      9 :  0.0756 0.1288 0.0184 0.0000 0.0436 0.0000 0.0000 0.0000 0.0228 0.0000 0.0000 0.0894 0.0000 0.6213 0.0000 
 83       83   (0)      9 :  0.1013 0.0710 0.0114 0.0000 0.0000 0.0000 0.0028 0.0000 0.0082 0.0000 0.0000 0.1307 0.0000 0.6747 0.0000 
 84       84   (0)      9 :  0.0038 0.1016 0.0002 0.0000 0.0014 0.0000 0.0300 0.0000 0.0112 0.0000 0.0000 0.1236 0.0000 0.7282 0.0000 
 85       85   (0)      9 :  0.0897 0.0513 0.0002 0.0000 0.0012 0.0000 0.0000 0.0060 0.0068 0.0000 0.0000 0.1300 0.0004 0.7145 0.0000 
 86       86   (0)      9 :  0.0070 0.2050 0.0000 0.0050 0.0026 0.0468 0.0004 0.0000 0.0272 0.0052 0.0000 0.1104 0.0000 0.5880 0.0024 
 87       87   (0)      9 :  0.1404 0.0655 0.0000 0.0000 0.0000 0.0000 0.0000 0.0000 0.0076 0.0000 0.0000 0.1332 0.0000 0.6533 0.0000 
 88       88   (0)      9 :  0.0885 0.0573 0.0004 0.0000 0.0024 0.0000 0.0000 0.0000 0.0066 0.0000 0.0000 0.1600 0.0002 0.6847 0.0000 
 89       89   (0)      9 :  0.0554 0.1595 0.0000 0.0094 0.0006 0.0000 0.0000 0.0000 0.1133 0.0000 0.0000 0.0662 0.0000 0.5956 0.0000 
 90       90   (0)      9 :  0.0178 0.1442 0.0000 0.0000 0.0000 0.0000 0.0000 0.0000 0.0166 0.0000 0.0004 0.1315 0.0000 0.6895 0.0000 
 91       91   (0)     10 :  0.0010 0.0002 0.0004 0.0000 0.0000 0.0000 0.6450 0.0210 0.0000 0.0000 0.0000 0.0000 0.0755 0.2569 0.0000 
 92       92   (0)     10 :  0.0008 0.0000 0.0086 0.0000 0.0000 0.0000 0.6879 0.0010 0.0000 0.0000 0.0000 0.0006 0.0024 0.2987 0.0000 
 93       93   (0)     10 :  0.0008 0.0000 0.0000 0.0000 0.0000 0.0000 0.7542 0.0000 0.0000 0.0000 0.0000 0.0000 0.0004 0.2446 0.0000 
 94       94   (0)     10 :  0.0028 0.0000 0.0000 0.0000 0.0000 0.0000 0.7420 0.0000 0.0000 0.0000 0.0000 0.0000 0.0024 0.2528 0.0000 
 95       95   (0)     10 :  0.0000 0.0000 0.0000 0.0000 0.0000 0.0000 0.7341 0.0002 0.0000 0.0000 0.0000 0.0000 0.0000 0.2657 0.0000 
 96       96   (0)     10 :  0.0022 0.0000 0.0004 0.0000 0.0000 0.0000 0.7248 0.0076 0.0000 0.0000 0.0000 0.0000 0.0002 0.2648 0.0000 
 97       97   (0)     10 :  0.0018 0.0006 0.0000 0.0000 0.0000 0.0000 0.6087 0.0280 0.0000 0.0000 0.0000 0.0018 0.0750 0.2840 0.0000 
 98       98   (0)     10 :  0.0022 0.0000 0.0000 0.0000 0.0000 0.0000 0.7468 0.0000 0.0000 0.0000 0.0000 0.0000 0.0000 0.2510 0.0000 
 99       99   (0)     10 :  0.0000 0.0555 0.0000 0.0000 0.0000 0.0404 0.5864 0.0000 0.0000 0.0242 0.0655 0.0178 0.0006 0.1702 0.0394 
100      100   (0)     10 :  0.0006 0.0000 0.0004 0.0000 0.0000 0.0000 0.7266 0.0004 0.0000 0.0000 0.0000 0.0000 0.0000 0.2720 0.0000 
101      101   (0)     10 :  0.0000 0.0406 0.0000 0.0000 0.0000 0.0064 0.5894 0.0006 0.0000 0.0313 0.0841 0.0592 0.0000 0.1786 0.0098 
102      102   (0)     10 :  0.0004 0.0000 0.0028 0.0000 0.0010 0.0000 0.7230 0.0008 0.0000 0.0000 0.0000 0.0000 0.0002 0.2718 0.0000 
103      103   (0)     10 :  0.0000 0.0000 0.0000 0.0000 0.0000 0.0000 0.7282 0.0000 0.0000 0.0000 0.0000 0.0000 0.0036 0.2682 0.0000 
