1        1   (0)      1  : 0.5325 0.0000 0.0000 0.0010 0.0000 0.0003 0.0000 0.2297 0.0000 0.0000 0.0070 0.0173 0.0020 0.2091 0.0010
2        2   (0)      1  : 0.3865 0.0000 0.0000 0.0010 0.0000 0.0000 0.0003 0.5095 0.0000 0.0030 0.0000 0.0030 0.0090 0.0877 0.0000
3        3   (0)      1  : 0.5767 0.0000 0.0003 0.0734 0.0000 0.0000 0.0000 0.0627 0.0000 0.0000 0.0180 0.0190 0.0000 0.2485 0.0013
4        4   (0)      1  : 0.4822 0.0000 0.0000 0.0083 0.0000 0.0000 0.0000 0.2798 0.0000 0.0000 0.0010 0.0123 0.0000 0.1744 0.0420
5        5   (0)      1  : 0.1678 0.0000 0.0000 0.0000 0.0000 0.0000 0.0000 0.8165 0.0000 0.0150 0.0007 0.0000 0.0000 0.0000 0.0000
6        6   (0)      1  : 0.3259 0.0100 0.0000 0.0000 0.0000 0.0000 0.0000 0.0470 0.0000 0.0000 0.5640 0.0007 0.0000 0.0524 0.0000
7        7   (0)      1  : 0.4860 0.0057 0.0000 0.0017 0.0000 0.0000 0.0020 0.0300 0.0000 0.0000 0.3399 0.0077 0.0000 0.1267 0.0003
8        8   (0)      1  : 0.5235 0.0000 0.0000 0.0027 0.0000 0.0007 0.0310 0.2004 0.0000 0.0013 0.0283 0.0130 0.0060 0.1804 0.0127
9        9   (0)      1  : 0.4938 0.0000 0.0000 0.0010 0.0000 0.0000 0.0000 0.2386 0.0000 0.0000 0.1648 0.0010 0.0000 0.1008 0.0000
10       10   (0)      1  : 0.1064 0.0000 0.0000 0.0000 0.0000 0.0000 0.6253 0.0000 0.0000 0.1064 0.0130 0.0000 0.1338 0.0150 0.0000
11       11   (0)      1  : 0.5586 0.0000 0.0040 0.0747 0.0000 0.0013 0.0003 0.0020 0.0000 0.0000 0.0127 0.0120 0.0000 0.3230 0.0113
12       12   (0)      1  : 0.2305 0.0000 0.0000 0.0017 0.0000 0.0000 0.3506 0.1174 0.0000 0.0971 0.0193 0.0050 0.0977 0.0794 0.0013
13       13   (0)      2  : 0.0000 1.0000 0.0000 0.0000 0.0000 0.0000 0.0000 0.0000 0.0000 0.0000 0.0000 0.0000 0.0000 0.0000 0.0000
14       14   (0)      2  : 0.0000 1.0000 0.0000 0.0000 0.0000 0.0000 0.0000 0.0000 0.0000 0.0000 0.0000 0.0000 0.0000 0.0000 0.0000
15       15   (0)      2  : 0.0000 1.0000 0.0000 0.0000 0.0000 0.0000 0.0000 0.0000 0.0000 0.0000 0.0000 0.0000 0.0000 0.0000 0.0000
16       16   (0)      3  : 0.4087 0.0000 0.0227 0.0000 0.0000 0.0010 0.0000 0.0000 0.5676 0.0000 0.0000 0.0000 0.0000 0.0000 0.0000
17       17   (0)      3  : 0.3780 0.0000 0.0000 0.0000 0.0000 0.0000 0.0000 0.0000 0.6220 0.0000 0.0000 0.0000 0.0000 0.0000 0.0000
18       18   (0)      3  : 0.4284 0.0000 0.0043 0.0000 0.0000 0.0000 0.0000 0.0000 0.5552 0.0120 0.0000 0.0000 0.0000 0.0000 0.0000
19       19   (0)      3  : 0.1588 0.0017 0.0000 0.0000 0.0000 0.0000 0.0187 0.0087 0.3469 0.0050 0.0003 0.0000 0.4599 0.0000 0.0000
20       20   (0)      3  : 0.0557 0.0000 0.0000 0.0000 0.0000 0.0000 0.0324 0.0000 0.2415 0.6705 0.0000 0.0000 0.0000 0.0000 0.0000
21       21   (0)      3  : 0.4360 0.0000 0.0013 0.0013 0.0000 0.0010 0.0000 0.0000 0.5604 0.0000 0.0000 0.0000 0.0000 0.0000 0.0000
22       22   (0)      3  : 0.1995 0.0000 0.0000 0.0000 0.0000 0.0000 0.0157 0.0107 0.4943 0.1865 0.0000 0.0000 0.0934 0.0000 0.0000
23       23   (0)      3  : 0.4878 0.0000 0.0381 0.0000 0.0000 0.0033 0.0000 0.0000 0.4708 0.0000 0.0000 0.0000 0.0000 0.0000 0.0000
24       24   (0)      3  : 0.4281 0.0000 0.0043 0.0007 0.0000 0.0003 0.0000 0.0000 0.5666 0.0000 0.0000 0.0000 0.0000 0.0000 0.0000
25       25   (0)      3  : 0.3486 0.0000 0.0010 0.0003 0.0000 0.0000 0.0140 0.0033 0.5557 0.0400 0.0000 0.0000 0.0370 0.0000 0.0000
26       26   (0)      3  : 0.3948 0.0000 0.0000 0.0000 0.0000 0.0000 0.0000 0.0000 0.6052 0.0000 0.0000 0.0000 0.0000 0.0000 0.0000
27       27   (0)      3  : 0.3625 0.0000 0.0000 0.0000 0.0000 0.0000 0.0000 0.0000 0.6375 0.0000 0.0000 0.0000 0.0000 0.0000 0.0000
28       28   (0)      4  : 0.5544 0.0000 0.0000 0.0000 0.0000 0.0000 0.0000 0.0000 0.0000 0.0000 0.0000 0.0000 0.0000 0.0654 0.3802
29       29   (0)      4  : 0.6177 0.0000 0.0000 0.0003 0.0000 0.0000 0.0000 0.0000 0.0000 0.0000 0.0000 0.0000 0.0000 0.0390 0.3429
30       30   (0)      4  : 0.5973 0.0000 0.0000 0.0007 0.0000 0.0000 0.0000 0.0000 0.0000 0.0000 0.0000 0.0000 0.0000 0.0127 0.3893
31       31   (0)      4  : 0.5105 0.0000 0.0000 0.0000 0.0000 0.0000 0.0000 0.0174 0.0000 0.0000 0.0000 0.0000 0.0000 0.1065 0.3656
32       32   (0)      4  : 0.4788 0.0000 0.0000 0.0013 0.0000 0.0000 0.0000 0.0000 0.0000 0.0000 0.0000 0.0020 0.0000 0.0097 0.5082
33       33   (0)      4  : 0.5755 0.0000 0.0000 0.0017 0.0000 0.0000 0.0000 0.0000 0.0000 0.0000 0.0000 0.0000 0.0000 0.0423 0.3805
34       34   (0)      4  : 0.5939 0.0000 0.0000 0.0000 0.0000 0.0000 0.0000 0.0000 0.0000 0.0000 0.0000 0.0000 0.0000 0.0003 0.4057
35       35   (0)      5  : 0.0350 0.0000 0.0000 0.9650 0.0000 0.0000 0.0000 0.0000 0.0000 0.0000 0.0000 0.0000 0.0000 0.0000 0.0000
36       36   (0)      5  : 0.0107 0.0000 0.0000 0.9883 0.0000 0.0000 0.0000 0.0000 0.0000 0.0000 0.0000 0.0000 0.0000 0.0000 0.0010
37       37   (0)      5  : 0.0167 0.0000 0.0000 0.9833 0.0000 0.0000 0.0000 0.0000 0.0000 0.0000 0.0000 0.0000 0.0000 0.0000 0.0000
38       38   (0)      5  : 0.0070 0.0000 0.0000 0.9923 0.0000 0.0000 0.0000 0.0000 0.0000 0.0000 0.0000 0.0000 0.0000 0.0007 0.0000
39       39   (0)      5  : 0.0210 0.0000 0.0000 0.9790 0.0000 0.0000 0.0000 0.0000 0.0000 0.0000 0.0000 0.0000 0.0000 0.0000 0.0000
40       40   (0)      5  : 0.0000 0.0000 0.0000 0.6867 0.0000 0.0000 0.0170 0.0210 0.0000 0.1645 0.0000 0.0000 0.1108 0.0000 0.0000
41       41   (0)      5  : 0.0620 0.0000 0.0000 0.9380 0.0000 0.0000 0.0000 0.0000 0.0000 0.0000 0.0000 0.0000 0.0000 0.0000 0.0000
42       42   (0)      5  : 0.0000 0.0000 0.0000 0.9106 0.0000 0.0000 0.0060 0.0000 0.0000 0.0000 0.0000 0.0000 0.0834 0.0000 0.0000
43       43   (0)      5  : 0.0817 0.0000 0.0000 0.9173 0.0000 0.0000 0.0000 0.0000 0.0000 0.0000 0.0000 0.0000 0.0000 0.0010 0.0000
44       44   (0)      5  : 0.0080 0.0000 0.0000 0.9920 0.0000 0.0000 0.0000 0.0000 0.0000 0.0000 0.0000 0.0000 0.0000 0.0000 0.0000
45       45   (0)      5  : 0.0194 0.0000 0.0000 0.9796 0.0000 0.0000 0.0000 0.0000 0.0000 0.0000 0.0000 0.0000 0.0000 0.0000 0.0010
46       46   (0)      5  : 0.0143 0.0000 0.0000 0.9857 0.0000 0.0000 0.0000 0.0000 0.0000 0.0000 0.0000 0.0000 0.0000 0.0000 0.0000
47       47   (0)      5  : 0.0157 0.0000 0.0000 0.9843 0.0000 0.0000 0.0000 0.0000 0.0000 0.0000 0.0000 0.0000 0.0000 0.0000 0.0000
48       48   (0)      6  : 0.5058 0.0000 0.0010 0.0000 0.0010 0.0020 0.0000 0.0000 0.0020 0.0000 0.0000 0.0000 0.0000 0.4858 0.0023
49       49   (0)      6  : 0.5012 0.0000 0.0000 0.0020 0.0000 0.0000 0.0000 0.0000 0.0000 0.0000 0.0000 0.0007 0.0000 0.4591 0.0370
50       50   (0)      6  : 0.4995 0.0000 0.0077 0.0050 0.0000 0.0017 0.0000 0.0000 0.0000 0.0000 0.0000 0.0000 0.0000 0.4672 0.0190
51       51   (0)      6  : 0.5052 0.0000 0.0000 0.0010 0.0000 0.0000 0.0000 0.0000 0.0000 0.0000 0.0000 0.0000 0.0000 0.4908 0.0030
52       52   (0)      6  : 0.5212 0.0000 0.0003 0.0000 0.0000 0.0000 0.0000 0.0000 0.0000 0.0000 0.0000 0.0000 0.0000 0.4755 0.0030
53       53   (0)      6  : 0.5314 0.0000 0.0000 0.0000 0.0000 0.0000 0.0000 0.0000 0.0010 0.0000 0.0000 0.0000 0.0000 0.4426 0.0250
54       54   (0)      6  : 0.5375 0.0000 0.0000 0.0027 0.0000 0.0010 0.0000 0.0000 0.0000 0.0000 0.0000 0.0007 0.0000 0.4535 0.0047
55       55   (0)      6  : 0.4705 0.0000 0.0000 0.0007 0.0000 0.0010 0.0000 0.0000 0.0000 0.0000 0.0000 0.0000 0.0000 0.4875 0.0404
56       56   (0)      6  : 0.4843 0.0000 0.0000 0.0020 0.0000 0.0798 0.0000 0.0000 0.0000 0.0000 0.0000 0.0000 0.0000 0.4312 0.0027
57       57   (0)      6  : 0.4947 0.0000 0.0000 0.0020 0.0000 0.0000 0.0000 0.0000 0.0000 0.0000 0.0000 0.0000 0.0000 0.5013 0.0020
58       58   (0)      6  : 0.3942 0.0000 0.0327 0.0010 0.5714 0.0000 0.0000 0.0000 0.0007 0.0000 0.0000 0.0000 0.0000 0.0000 0.0000
59       59   (0)      7  : 0.3322 0.0000 0.0000 0.0000 0.6678 0.0000 0.0000 0.0000 0.0000 0.0000 0.0000 0.0000 0.0000 0.0000 0.0000
60       60   (0)      7  : 0.3463 0.0000 0.0000 0.0000 0.6537 0.0000 0.0000 0.0000 0.0000 0.0000 0.0000 0.0000 0.0000 0.0000 0.0000
61       61   (0)      7  : 0.3114 0.0000 0.0010 0.0000 0.6872 0.0000 0.0000 0.0000 0.0000 0.0000 0.0000 0.0000 0.0000 0.0003 0.0000
62       62   (0)      7  : 0.3092 0.0000 0.0050 0.0000 0.6858 0.0000 0.0000 0.0000 0.0000 0.0000 0.0000 0.0000 0.0000 0.0000 0.0000
63       63   (0)      7  : 0.3132 0.0000 0.0000 0.0020 0.6848 0.0000 0.0000 0.0000 0.0000 0.0000 0.0000 0.0000 0.0000 0.0000 0.0000
64       64   (0)      7  : 0.3314 0.0000 0.0000 0.0000 0.6686 0.0000 0.0000 0.0000 0.0000 0.0000 0.0000 0.0000 0.0000 0.0000 0.0000
65       65   (0)      7  : 0.3329 0.0000 0.0013 0.0000 0.6658 0.0000 0.0000 0.0000 0.0000 0.0000 0.0000 0.0000 0.0000 0.0000 0.0000
66       66   (0)      8  : 0.5338 0.0000 0.0000 0.0280 0.0000 0.4279 0.0000 0.0000 0.0020 0.0000 0.0000 0.0000 0.0000 0.0083 0.0000
67       67   (0)      8  : 0.4314 0.0000 0.0000 0.0000 0.0000 0.5686 0.0000 0.0000 0.0000 0.0000 0.0000 0.0000 0.0000 0.0000 0.0000
68       68   (0)      8  : 0.4616 0.0000 0.0000 0.0000 0.0000 0.5384 0.0000 0.0000 0.0000 0.0000 0.0000 0.0000 0.0000 0.0000 0.0000
69       69   (0)      8  : 0.4805 0.0000 0.0000 0.0000 0.0000 0.5195 0.0000 0.0000 0.0000 0.0000 0.0000 0.0000 0.0000 0.0000 0.0000
70       70   (0)      8  : 0.5284 0.0000 0.0000 0.0000 0.0000 0.4716 0.0000 0.0000 0.0000 0.0000 0.0000 0.0000 0.0000 0.0000 0.0000
71       71   (0)      8  : 0.5110 0.0000 0.0000 0.0240 0.0000 0.4586 0.0000 0.0000 0.0000 0.0000 0.0000 0.0000 0.0000 0.0030 0.0033
72       72   (0)      8  : 0.4943 0.0000 0.0000 0.0007 0.0000 0.5050 0.0000 0.0000 0.0000 0.0000 0.0000 0.0000 0.0000 0.0000 0.0000
73       73   (0)      8  : 0.4025 0.0000 0.0000 0.0000 0.0000 0.4612 0.0043 0.0826 0.0000 0.0023 0.0000 0.0000 0.0470 0.0000 0.0000
74       74   (0)      8  : 0.4550 0.0000 0.0000 0.0000 0.0000 0.5050 0.0100 0.0000 0.0007 0.0030 0.0000 0.0000 0.0264 0.0000 0.0000
75       75   (0)      8  : 0.5132 0.0000 0.0000 0.0037 0.0000 0.4808 0.0000 0.0000 0.0010 0.0000 0.0000 0.0000 0.0000 0.0013 0.0000
76       76   (0)      8  : 0.5060 0.0000 0.0010 0.0047 0.0000 0.4570 0.0000 0.0000 0.0010 0.0000 0.0000 0.0000 0.0000 0.0303 0.0000
77       77   (0)      8  : 0.4600 0.0000 0.0000 0.0007 0.0000 0.5394 0.0000 0.0000 0.0000 0.0000 0.0000 0.0000 0.0000 0.0000 0.0000
78       78   (0)      9  : 0.5187 0.0000 0.0023 0.0820 0.0000 0.0007 0.0000 0.0000 0.0000 0.0003 0.0237 0.1743 0.0000 0.1980 0.0000
79       79   (0)      9  : 0.5535 0.0000 0.0000 0.0764 0.0000 0.0000 0.0000 0.0000 0.0000 0.0000 0.0143 0.0950 0.0000 0.2594 0.0013
80       80   (0)      9  : 0.5747 0.0000 0.0000 0.0623 0.0000 0.0000 0.0000 0.0000 0.0000 0.0000 0.0173 0.1223 0.0000 0.2233 0.0000
81       81   (0)      9  : 0.5152 0.0000 0.0000 0.0330 0.0000 0.0000 0.0000 0.0000 0.0000 0.0000 0.0330 0.2614 0.0000 0.1564 0.0010
82       82   (0)      9  : 0.5355 0.0000 0.0000 0.0720 0.0000 0.0083 0.0000 0.0000 0.0000 0.0000 0.0233 0.1606 0.0000 0.1473 0.0530
83       83   (0)      9  : 0.5669 0.0000 0.0003 0.1000 0.0000 0.0067 0.0000 0.0000 0.0000 0.0000 0.0137 0.0950 0.0000 0.2174 0.0000
84       84   (0)      9  : 0.6315 0.0000 0.0040 0.0050 0.0000 0.0000 0.0000 0.0000 0.0000 0.0000 0.0187 0.1332 0.0000 0.2053 0.0023
85       85   (0)      9  : 0.6108 0.0000 0.0000 0.0861 0.0023 0.0000 0.0000 0.0000 0.0000 0.0000 0.0113 0.0711 0.0000 0.2166 0.0017
86       86   (0)      9  : 0.4905 0.0043 0.0000 0.0037 0.0000 0.0000 0.0023 0.0457 0.0000 0.0023 0.0394 0.2267 0.0007 0.1804 0.0040
87       87   (0)      9  : 0.5434 0.0000 0.0000 0.1352 0.0000 0.0000 0.0000 0.0000 0.0000 0.0000 0.0127 0.0871 0.0000 0.2216 0.0000
88       88   (0)      9  : 0.5589 0.0000 0.0000 0.0854 0.0000 0.0000 0.0000 0.0000 0.0000 0.0000 0.0110 0.0744 0.0000 0.2663 0.0040
89       89   (0)      9  : 0.5305 0.0070 0.0000 0.0487 0.0000 0.0000 0.0000 0.0000 0.0000 0.0000 0.1190 0.1971 0.0000 0.0970 0.0007
90       90   (0)      9  : 0.5812 0.0000 0.0000 0.0107 0.0000 0.0000 0.0000 0.0000 0.0000 0.0000 0.0250 0.1828 0.0007 0.1995 0.0000
91       91   (0)     10  : 0.4248 0.0000 0.5035 0.0007 0.0183 0.0000 0.0000 0.0000 0.0524 0.0000 0.0000 0.0003 0.0000 0.0000 0.0000
92       92   (0)     10  : 0.4618 0.0000 0.5338 0.0007 0.0010 0.0007 0.0000 0.0000 0.0010 0.0000 0.0000 0.0000 0.0000 0.0010 0.0000
93       93   (0)     10  : 0.4071 0.0000 0.5926 0.0003 0.0000 0.0000 0.0000 0.0000 0.0000 0.0000 0.0000 0.0000 0.0000 0.0000 0.0000
94       94   (0)     10  : 0.4213 0.0000 0.5737 0.0033 0.0000 0.0000 0.0000 0.0000 0.0017 0.0000 0.0000 0.0000 0.0000 0.0000 0.0000
95       95   (0)     10  : 0.4418 0.0000 0.5582 0.0000 0.0000 0.0000 0.0000 0.0000 0.0000 0.0000 0.0000 0.0000 0.0000 0.0000 0.0000
96       96   (0)     10  : 0.4373 0.0000 0.5574 0.0007 0.0047 0.0000 0.0000 0.0000 0.0000 0.0000 0.0000 0.0000 0.0000 0.0000 0.0000
97       97   (0)     10  : 0.4223 0.0000 0.4853 0.0017 0.0267 0.0000 0.0000 0.0000 0.0600 0.0000 0.0000 0.0010 0.0000 0.0030 0.0000
98       98   (0)     10  : 0.4176 0.0000 0.5817 0.0007 0.0000 0.0000 0.0000 0.0000 0.0000 0.0000 0.0000 0.0000 0.0000 0.0000 0.0000
99       99   (0)     10  : 0.2836 0.0000 0.4895 0.0000 0.0000 0.0000 0.0127 0.0374 0.0007 0.0517 0.0000 0.0000 0.1245 0.0000 0.0000
100      100   (0)     10  : 0.4364 0.0000 0.5636 0.0000 0.0000 0.0000 0.0000 0.0000 0.0000 0.0000 0.0000 0.0000 0.0000 0.0000 0.0000
101      101   (0)     10  : 0.2977 0.0000 0.4863 0.0000 0.0007 0.0000 0.0117 0.0084 0.0000 0.0163 0.0000 0.0000 0.1789 0.0000 0.0000
102      102   (0)     10  : 0.4510 0.0000 0.5477 0.0000 0.0007 0.0007 0.0000 0.0000 0.0000 0.0000 0.0000 0.0000 0.0000 0.0000 0.0000
103      103   (0)     10  : 0.4466 0.0000 0.5517 0.0000 0.0000 0.0000 0.0000 0.0000 0.0017 0.0000 0.0000 0.0000 0.0000 0.0000 0.0000
