1        1   (0)      1  : 0.6757 0.0000 0.0000 0.0014 0.0617 0.0008 0.0000 0.2604 0.0000
2        2   (0)      1  : 0.3538 0.0000 0.0000 0.0012 0.0884 0.0000 0.1389 0.4177 0.0000
3        3   (0)      1  : 0.8143 0.0000 0.0008 0.0785 0.0214 0.0000 0.0000 0.0851 0.0000
4        4   (0)      1  : 0.6183 0.0000 0.0000 0.0030 0.0723 0.0002 0.0000 0.3063 0.0000
5        5   (0)      1  : 0.0104 0.0000 0.0000 0.0000 0.1279 0.0000 0.2823 0.5794 0.0000
6        6   (0)      1  : 0.2948 0.0869 0.0000 0.0000 0.1157 0.0000 0.0000 0.5026 0.0000
7        7   (0)      1  : 0.5721 0.0469 0.0000 0.0010 0.0705 0.0000 0.0000 0.3095 0.0000
8        8   (0)      1  : 0.6903 0.0000 0.0000 0.0070 0.0350 0.0030 0.0876 0.1769 0.0002
9        9   (0)      1  : 0.4980 0.0000 0.0000 0.0016 0.0928 0.0000 0.0000 0.4076 0.0000
10       10   (0)      1  : 0.0509 0.0000 0.0000 0.0000 0.0310 0.0000 0.7235 0.1946 0.0000
11       11   (0)      1  : 0.8652 0.0000 0.0180 0.0792 0.0028 0.0318 0.0000 0.0030 0.0000
12       12   (0)      1  : 0.3772 0.0000 0.0000 0.0024 0.0000 0.0000 0.5459 0.0745 0.0000
13       13   (0)      2  : 0.0000 1.0000 0.0000 0.0000 0.0000 0.0000 0.0000 0.0000 0.0000
14       14   (0)      2  : 0.0000 1.0000 0.0000 0.0000 0.0000 0.0000 0.0000 0.0000 0.0000
15       15   (0)      2  : 0.0000 1.0000 0.0000 0.0000 0.0000 0.0000 0.0000 0.0000 0.0000
16       16   (0)      3  : 0.0078 0.0000 0.0712 0.0004 0.0000 0.0580 0.0000 0.0000 0.8626
17       17   (0)      3  : 0.0002 0.0000 0.0000 0.0000 0.0000 0.0000 0.0000 0.0000 0.9998
18       18   (0)      3  : 0.0136 0.0000 0.0674 0.0008 0.0000 0.0008 0.0000 0.0000 0.9174
19       19   (0)      3  : 0.0000 0.0100 0.0000 0.0000 0.0000 0.0000 0.4043 0.0010 0.5847
20       20   (0)      3  : 0.0000 0.0172 0.0000 0.0000 0.0000 0.0000 0.6080 0.0000 0.3747
21       21   (0)      3  : 0.0604 0.0000 0.0270 0.0244 0.0000 0.0028 0.0000 0.0000 0.8854
22       22   (0)      3  : 0.0000 0.0000 0.0000 0.0000 0.0000 0.0000 0.3095 0.0000 0.6905
23       23   (0)      3  : 0.1174 0.0000 0.0960 0.0008 0.0000 0.0128 0.0000 0.0000 0.7730
24       24   (0)      3  : 0.0240 0.0000 0.0816 0.0150 0.0000 0.0156 0.0000 0.0000 0.8637
25       25   (0)      3  : 0.0012 0.0000 0.0056 0.0002 0.0000 0.0022 0.0993 0.0000 0.8915
26       26   (0)      3  : 0.0014 0.0000 0.0000 0.0018 0.0000 0.0010 0.0000 0.0000 0.9958
27       27   (0)      3  : 0.0016 0.0000 0.0000 0.0004 0.0000 0.0000 0.0000 0.0000 0.9980
28       28   (0)      4  : 0.9988 0.0000 0.0000 0.0012 0.0000 0.0000 0.0000 0.0000 0.0000
29       29   (0)      4  : 0.9994 0.0000 0.0000 0.0006 0.0000 0.0000 0.0000 0.0000 0.0000
30       30   (0)      4  : 0.9994 0.0000 0.0000 0.0006 0.0000 0.0000 0.0000 0.0000 0.0000
31       31   (0)      4  : 0.9510 0.0000 0.0008 0.0006 0.0000 0.0020 0.0338 0.0118 0.0000
32       32   (0)      4  : 0.9584 0.0002 0.0000 0.0012 0.0010 0.0000 0.0170 0.0222 0.0000
33       33   (0)      4  : 0.9994 0.0000 0.0000 0.0006 0.0000 0.0000 0.0000 0.0000 0.0000
34       34   (0)      4  : 1.0000 0.0000 0.0000 0.0000 0.0000 0.0000 0.0000 0.0000 0.0000
35       35   (0)      5  : 0.0022 0.0000 0.0000 0.9978 0.0000 0.0000 0.0000 0.0000 0.0000
36       36   (0)      5  : 0.0020 0.0000 0.0000 0.9980 0.0000 0.0000 0.0000 0.0000 0.0000
37       37   (0)      5  : 0.0014 0.0000 0.0000 0.9986 0.0000 0.0000 0.0000 0.0000 0.0000
38       38   (0)      5  : 0.0010 0.0000 0.0000 0.9984 0.0000 0.0006 0.0000 0.0000 0.0000
39       39   (0)      5  : 0.0000 0.0000 0.0000 1.0000 0.0000 0.0000 0.0000 0.0000 0.0000
40       40   (0)      5  : 0.0000 0.0000 0.0000 0.6606 0.0000 0.0000 0.3082 0.0312 0.0000
41       41   (0)      5  : 0.0006 0.0000 0.0000 0.9994 0.0000 0.0000 0.0000 0.0000 0.0000
42       42   (0)      5  : 0.0000 0.0000 0.0000 0.9114 0.0000 0.0000 0.0834 0.0052 0.0000
43       43   (0)      5  : 0.0298 0.0000 0.0000 0.9700 0.0000 0.0002 0.0000 0.0000 0.0000
44       44   (0)      5  : 0.0000 0.0000 0.0000 1.0000 0.0000 0.0000 0.0000 0.0000 0.0000
45       45   (0)      5  : 0.0046 0.0000 0.0000 0.9954 0.0000 0.0000 0.0000 0.0000 0.0000
46       46   (0)      5  : 0.0002 0.0000 0.0000 0.9998 0.0000 0.0000 0.0000 0.0000 0.0000
47       47   (0)      5  : 0.0010 0.0000 0.0000 0.9990 0.0000 0.0000 0.0000 0.0000 0.0000
48       48   (0)      6  : 0.9862 0.0000 0.0036 0.0000 0.0012 0.0048 0.0000 0.0000 0.0042
49       49   (0)      6  : 0.9962 0.0000 0.0000 0.0038 0.0000 0.0000 0.0000 0.0000 0.0000
50       50   (0)      6  : 0.9610 0.0000 0.0142 0.0100 0.0000 0.0142 0.0000 0.0000 0.0006
51       51   (0)      6  : 0.9928 0.0000 0.0008 0.0018 0.0044 0.0002 0.0000 0.0000 0.0000
52       52   (0)      6  : 0.9956 0.0000 0.0024 0.0002 0.0000 0.0018 0.0000 0.0000 0.0000
53       53   (0)      6  : 0.9908 0.0000 0.0002 0.0008 0.0000 0.0016 0.0000 0.0000 0.0066
54       54   (0)      6  : 0.9926 0.0000 0.0000 0.0036 0.0000 0.0038 0.0000 0.0000 0.0000
55       55   (0)      6  : 0.9892 0.0000 0.0000 0.0008 0.0000 0.0100 0.0000 0.0000 0.0000
56       56   (0)      6  : 0.8645 0.0000 0.0000 0.0018 0.0000 0.1337 0.0000 0.0000 0.0000
57       57   (0)      6  : 0.9972 0.0000 0.0000 0.0028 0.0000 0.0000 0.0000 0.0000 0.0000
58       58   (0)      6  : 0.0678 0.0000 0.2762 0.0100 0.6400 0.0040 0.0000 0.0000 0.0020
59       59   (0)      7  : 0.0014 0.0000 0.2002 0.0004 0.7970 0.0000 0.0000 0.0000 0.0010
60       60   (0)      7  : 0.0010 0.0000 0.2008 0.0000 0.7972 0.0000 0.0000 0.0000 0.0010
61       61   (0)      7  : 0.0026 0.0000 0.2038 0.0010 0.7918 0.0008 0.0000 0.0000 0.0000
62       62   (0)      7  : 0.0000 0.0000 0.2092 0.0000 0.7904 0.0004 0.0000 0.0000 0.0000
63       63   (0)      7  : 0.0012 0.0000 0.2008 0.0102 0.7868 0.0010 0.0000 0.0000 0.0000
64       64   (0)      7  : 0.0010 0.0000 0.1996 0.0006 0.7974 0.0010 0.0000 0.0000 0.0004
65       65   (0)      7  : 0.0132 0.0000 0.1986 0.0000 0.7868 0.0012 0.0000 0.0000 0.0002
66       66   (0)      8  : 0.1025 0.0000 0.0000 0.0430 0.0000 0.8491 0.0000 0.0000 0.0054
67       67   (0)      8  : 0.0018 0.0000 0.0000 0.0008 0.0000 0.9974 0.0000 0.0000 0.0000
68       68   (0)      8  : 0.0024 0.0000 0.0010 0.0000 0.0000 0.9964 0.0000 0.0000 0.0002
69       69   (0)      8  : 0.0030 0.0000 0.0000 0.0000 0.0000 0.9970 0.0000 0.0000 0.0000
70       70   (0)      8  : 0.0376 0.0000 0.0000 0.0002 0.0000 0.9622 0.0000 0.0000 0.0000
71       71   (0)      8  : 0.1055 0.0000 0.0000 0.0124 0.0000 0.8821 0.0000 0.0000 0.0000
72       72   (0)      8  : 0.0032 0.0000 0.0012 0.0010 0.0000 0.9936 0.0000 0.0000 0.0010
73       73   (0)      8  : 0.0044 0.0000 0.0000 0.0000 0.0000 0.8645 0.1127 0.0184 0.0000
74       74   (0)      8  : 0.0040 0.0000 0.0000 0.0000 0.0000 0.9461 0.0479 0.0000 0.0020
75       75   (0)      8  : 0.0644 0.0000 0.0006 0.0038 0.0000 0.9276 0.0000 0.0000 0.0036
76       76   (0)      8  : 0.1278 0.0000 0.0012 0.0026 0.0000 0.8664 0.0000 0.0000 0.0020
77       77   (0)      8  : 0.0202 0.0000 0.0010 0.0028 0.0002 0.9758 0.0000 0.0000 0.0000
78       78   (0)      9  : 0.7420 0.0000 0.1010 0.1113 0.0000 0.0010 0.0140 0.0306 0.0000
79       79   (0)      9  : 0.8892 0.0000 0.0024 0.0916 0.0000 0.0016 0.0000 0.0144 0.0008
80       80   (0)      9  : 0.8991 0.0000 0.0000 0.0813 0.0000 0.0000 0.0000 0.0196 0.0000
81       81   (0)      9  : 0.7806 0.0000 0.0008 0.0964 0.0000 0.0022 0.0640 0.0556 0.0004
82       82   (0)      9  : 0.8165 0.0046 0.0000 0.0798 0.0000 0.0354 0.0020 0.0606 0.0010
83       83   (0)      9  : 0.8234 0.0000 0.0032 0.1126 0.0004 0.0472 0.0000 0.0132 0.0000
84       84   (0)      9  : 0.8788 0.0000 0.0888 0.0112 0.0002 0.0008 0.0000 0.0202 0.0000
85       85   (0)      9  : 0.8776 0.0000 0.0008 0.1086 0.0042 0.0006 0.0000 0.0082 0.0000
86       86   (0)      9  : 0.7514 0.0084 0.0012 0.0338 0.0000 0.0012 0.0538 0.1501 0.0000
87       87   (0)      9  : 0.8236 0.0000 0.0008 0.1614 0.0000 0.0008 0.0000 0.0128 0.0006
88       88   (0)      9  : 0.8806 0.0000 0.0000 0.1042 0.0000 0.0032 0.0000 0.0116 0.0004
89       89   (0)      9  : 0.7078 0.0344 0.0000 0.0835 0.0000 0.0000 0.0082 0.1661 0.0000
90       90   (0)      9  : 0.8528 0.0000 0.0000 0.0653 0.0000 0.0000 0.0294 0.0524 0.0000
91       91   (0)     10  : 0.0200 0.0000 0.8490 0.0014 0.0200 0.0038 0.0000 0.0000 0.1058
92       92   (0)     10  : 0.0308 0.0000 0.9120 0.0014 0.0008 0.0464 0.0000 0.0000 0.0086
93       93   (0)     10  : 0.0178 0.0000 0.9794 0.0020 0.0000 0.0002 0.0000 0.0000 0.0006
94       94   (0)     10  : 0.0206 0.0000 0.9698 0.0022 0.0000 0.0002 0.0000 0.0000 0.0072
95       95   (0)     10  : 0.0196 0.0000 0.9796 0.0000 0.0006 0.0002 0.0000 0.0000 0.0000
96       96   (0)     10  : 0.0286 0.0000 0.9558 0.0046 0.0092 0.0016 0.0000 0.0000 0.0002
97       97   (0)     10  : 0.0808 0.0000 0.8010 0.0032 0.0282 0.0004 0.0000 0.0000 0.0864
98       98   (0)     10  : 0.0186 0.0000 0.9756 0.0044 0.0000 0.0012 0.0000 0.0000 0.0002
99       99   (0)     10  : 0.0002 0.0000 0.7841 0.0002 0.0004 0.0002 0.2013 0.0122 0.0014
100      100   (0)     10  : 0.0296 0.0000 0.9668 0.0016 0.0008 0.0010 0.0000 0.0000 0.0002
101      101   (0)     10  : 0.0002 0.0000 0.7931 0.0000 0.0008 0.0002 0.2047 0.0000 0.0010
102      102   (0)     10  : 0.0284 0.0000 0.9604 0.0010 0.0008 0.0082 0.0000 0.0000 0.0012
103      103   (0)     10  : 0.0252 0.0000 0.9680 0.0002 0.0000 0.0004 0.0000 0.0000 0.0062
