1        1   (0)      1  : 0.7208 0.0000 0.0000 0.0012 0.0000 0.0014 0.0000 0.2608 0.0000 0.0078 0.0040 0.0040
2        2   (0)      1  : 0.4255 0.0000 0.0000 0.0008 0.0000 0.0000 0.0260 0.5467 0.0000 0.0000 0.0010 0.0000
3        3   (0)      1  : 0.8447 0.0000 0.0018 0.0644 0.0000 0.0000 0.0000 0.0732 0.0000 0.0072 0.0080 0.0006
4        4   (0)      1  : 0.6812 0.0000 0.0000 0.0036 0.0000 0.0000 0.0000 0.3124 0.0000 0.0008 0.0002 0.0018
5        5   (0)      1  : 0.0650 0.0000 0.0000 0.0000 0.0000 0.0000 0.0498 0.8695 0.0000 0.0000 0.0156 0.0000
6        6   (0)      1  : 0.3622 0.0190 0.0000 0.0002 0.0000 0.0000 0.0000 0.1183 0.0000 0.0026 0.4977 0.0000
7        7   (0)      1  : 0.6171 0.0108 0.0000 0.0012 0.0000 0.0012 0.0000 0.0743 0.0000 0.0012 0.2942 0.0000
8        8   (0)      1  : 0.7104 0.0000 0.0000 0.0028 0.0000 0.0018 0.0320 0.2204 0.0010 0.0106 0.0188 0.0022
9        9   (0)      1  : 0.5746 0.0000 0.0000 0.0006 0.0000 0.0000 0.0000 0.2909 0.0000 0.0006 0.1333 0.0000
10       10   (0)      1  : 0.1095 0.0000 0.0000 0.0000 0.0000 0.0000 0.6606 0.0142 0.0000 0.1117 0.1039 0.0000
11       11   (0)      1  : 0.8796 0.0000 0.0228 0.0673 0.0000 0.0114 0.0000 0.0038 0.0000 0.0060 0.0038 0.0052
12       12   (0)      1  : 0.3599 0.0000 0.0000 0.0010 0.0000 0.0000 0.4007 0.1688 0.0000 0.0337 0.0357 0.0002
13       13   (0)      2  : 0.0000 1.0000 0.0000 0.0000 0.0000 0.0000 0.0000 0.0000 0.0000 0.0000 0.0000 0.0000
14       14   (0)      2  : 0.0000 1.0000 0.0000 0.0000 0.0000 0.0000 0.0000 0.0000 0.0000 0.0000 0.0000 0.0000
15       15   (0)      2  : 0.0000 1.0000 0.0000 0.0000 0.0000 0.0000 0.0000 0.0000 0.0000 0.0000 0.0000 0.0000
16       16   (0)      3  : 0.0362 0.0000 0.0788 0.0006 0.0000 0.0414 0.0000 0.0000 0.8429 0.0000 0.0000 0.0000
17       17   (0)      3  : 0.0206 0.0000 0.0000 0.0000 0.0000 0.0000 0.0000 0.0000 0.9794 0.0000 0.0000 0.0000
18       18   (0)      3  : 0.0398 0.0000 0.0674 0.0006 0.0000 0.0010 0.0042 0.0000 0.8869 0.0000 0.0000 0.0000
19       19   (0)      3  : 0.0000 0.0018 0.0000 0.0000 0.0000 0.0000 0.2137 0.0773 0.5476 0.0553 0.1043 0.0000
20       20   (0)      3  : 0.0000 0.0000 0.0000 0.0000 0.0000 0.0000 0.6488 0.0000 0.3342 0.0000 0.0170 0.0000
21       21   (0)      3  : 0.1249 0.0000 0.0166 0.0052 0.0000 0.0012 0.0000 0.0000 0.8521 0.0000 0.0000 0.0000
22       22   (0)      3  : 0.0000 0.0000 0.0000 0.0000 0.0000 0.0000 0.2697 0.0198 0.6825 0.0112 0.0168 0.0000
23       23   (0)      3  : 0.1677 0.0000 0.0875 0.0000 0.0000 0.0048 0.0000 0.0000 0.7400 0.0000 0.0000 0.0000
24       24   (0)      3  : 0.0894 0.0000 0.0660 0.0052 0.0002 0.0036 0.0000 0.0000 0.8356 0.0000 0.0000 0.0000
25       25   (0)      3  : 0.0236 0.0000 0.0064 0.0000 0.0000 0.0010 0.0829 0.0068 0.8724 0.0052 0.0016 0.0000
26       26   (0)      3  : 0.0282 0.0000 0.0000 0.0016 0.0000 0.0008 0.0000 0.0000 0.9694 0.0000 0.0000 0.0000
27       27   (0)      3  : 0.0248 0.0000 0.0000 0.0004 0.0000 0.0000 0.0000 0.0000 0.9748 0.0000 0.0000 0.0000
28       28   (0)      4  : 0.7310 0.0000 0.0000 0.0014 0.0000 0.0000 0.0000 0.0000 0.0000 0.0000 0.0026 0.2650
29       29   (0)      4  : 0.7628 0.0000 0.0000 0.0004 0.0002 0.0002 0.0000 0.0000 0.0000 0.0000 0.0000 0.2364
30       30   (0)      4  : 0.7489 0.0000 0.0000 0.0004 0.0000 0.0000 0.0000 0.0000 0.0000 0.0000 0.0000 0.2507
31       31   (0)      4  : 0.7083 0.0000 0.0008 0.0004 0.0000 0.0014 0.0004 0.0198 0.0000 0.0000 0.0000 0.2689
32       32   (0)      4  : 0.6348 0.0004 0.0000 0.0010 0.0000 0.0000 0.0002 0.0086 0.0000 0.0050 0.0000 0.3499
33       33   (0)      4  : 0.7417 0.0000 0.0000 0.0010 0.0000 0.0000 0.0000 0.0000 0.0000 0.0000 0.0000 0.2573
34       34   (0)      4  : 0.7314 0.0000 0.0000 0.0000 0.0000 0.0000 0.0000 0.0000 0.0000 0.0000 0.0000 0.2686
35       35   (0)      5  : 0.0044 0.0000 0.0000 0.9954 0.0000 0.0000 0.0000 0.0000 0.0000 0.0000 0.0000 0.0002
36       36   (0)      5  : 0.0048 0.0000 0.0000 0.9950 0.0000 0.0000 0.0000 0.0000 0.0000 0.0000 0.0000 0.0002
37       37   (0)      5  : 0.0016 0.0000 0.0000 0.9984 0.0000 0.0000 0.0000 0.0000 0.0000 0.0000 0.0000 0.0000
38       38   (0)      5  : 0.0012 0.0000 0.0000 0.9988 0.0000 0.0000 0.0000 0.0000 0.0000 0.0000 0.0000 0.0000
39       39   (0)      5  : 0.0002 0.0000 0.0000 0.9998 0.0000 0.0000 0.0000 0.0000 0.0000 0.0000 0.0000 0.0000
40       40   (0)      5  : 0.0000 0.0000 0.0000 0.6347 0.0000 0.0000 0.1750 0.1552 0.0000 0.0148 0.0202 0.0000
41       41   (0)      5  : 0.0026 0.0000 0.0002 0.9972 0.0000 0.0000 0.0000 0.0000 0.0000 0.0000 0.0000 0.0000
42       42   (0)      5  : 0.0000 0.0000 0.0000 0.9084 0.0000 0.0000 0.0498 0.0068 0.0000 0.0160 0.0190 0.0000
43       43   (0)      5  : 0.0470 0.0000 0.0000 0.9530 0.0000 0.0000 0.0000 0.0000 0.0000 0.0000 0.0000 0.0000
44       44   (0)      5  : 0.0000 0.0000 0.0000 1.0000 0.0000 0.0000 0.0000 0.0000 0.0000 0.0000 0.0000 0.0000
45       45   (0)      5  : 0.0064 0.0000 0.0000 0.9924 0.0000 0.0000 0.0000 0.0000 0.0000 0.0000 0.0000 0.0012
46       46   (0)      5  : 0.0002 0.0000 0.0000 0.9998 0.0000 0.0000 0.0000 0.0000 0.0000 0.0000 0.0000 0.0000
47       47   (0)      5  : 0.0012 0.0000 0.0000 0.9988 0.0000 0.0000 0.0000 0.0000 0.0000 0.0000 0.0000 0.0000
48       48   (0)      6  : 0.9379 0.0000 0.0056 0.0000 0.0018 0.0028 0.0000 0.0000 0.0042 0.0000 0.0000 0.0476
49       49   (0)      6  : 0.9385 0.0000 0.0000 0.0020 0.0002 0.0000 0.0000 0.0000 0.0000 0.0000 0.0000 0.0593
50       50   (0)      6  : 0.9140 0.0000 0.0216 0.0042 0.0000 0.0084 0.0000 0.0000 0.0002 0.0000 0.0000 0.0516
51       51   (0)      6  : 0.9490 0.0000 0.0004 0.0010 0.0054 0.0002 0.0000 0.0000 0.0000 0.0000 0.0000 0.0440
52       52   (0)      6  : 0.9592 0.0000 0.0034 0.0002 0.0000 0.0008 0.0000 0.0000 0.0000 0.0000 0.0000 0.0364
53       53   (0)      6  : 0.9399 0.0000 0.0000 0.0000 0.0000 0.0010 0.0000 0.0000 0.0072 0.0000 0.0000 0.0518
54       54   (0)      6  : 0.9592 0.0000 0.0000 0.0018 0.0000 0.0026 0.0000 0.0000 0.0000 0.0000 0.0000 0.0364
55       55   (0)      6  : 0.9283 0.0000 0.0000 0.0004 0.0000 0.0050 0.0000 0.0000 0.0000 0.0000 0.0000 0.0663
56       56   (0)      6  : 0.8401 0.0000 0.0000 0.0022 0.0000 0.1171 0.0000 0.0000 0.0000 0.0000 0.0020 0.0386
57       57   (0)      6  : 0.9502 0.0000 0.0000 0.0022 0.0000 0.0000 0.0002 0.0002 0.0000 0.0000 0.0000 0.0472
58       58   (0)      6  : 0.1134 0.0000 0.0964 0.0036 0.7801 0.0046 0.0000 0.0000 0.0018 0.0000 0.0000 0.0000
59       59   (0)      7  : 0.0230 0.0000 0.0014 0.0004 0.9738 0.0000 0.0000 0.0000 0.0014 0.0000 0.0000 0.0000
60       60   (0)      7  : 0.0272 0.0000 0.0016 0.0000 0.9700 0.0000 0.0000 0.0000 0.0012 0.0000 0.0000 0.0000
61       61   (0)      7  : 0.0254 0.0000 0.0058 0.0006 0.9676 0.0006 0.0000 0.0000 0.0000 0.0000 0.0000 0.0000
62       62   (0)      7  : 0.0120 0.0000 0.0176 0.0000 0.9700 0.0004 0.0000 0.0000 0.0000 0.0000 0.0000 0.0000
63       63   (0)      7  : 0.0222 0.0000 0.0016 0.0112 0.9644 0.0006 0.0000 0.0000 0.0000 0.0000 0.0000 0.0000
64       64   (0)      7  : 0.0210 0.0000 0.0000 0.0006 0.9766 0.0010 0.0000 0.0000 0.0008 0.0000 0.0000 0.0000
65       65   (0)      7  : 0.0494 0.0000 0.0048 0.0000 0.9454 0.0004 0.0000 0.0000 0.0000 0.0000 0.0000 0.0000
66       66   (0)      8  : 0.1910 0.0000 0.0000 0.0220 0.0000 0.7824 0.0000 0.0000 0.0046 0.0000 0.0000 0.0000
67       67   (0)      8  : 0.0354 0.0000 0.0000 0.0010 0.0000 0.9636 0.0000 0.0000 0.0000 0.0000 0.0000 0.0000
68       68   (0)      8  : 0.0425 0.0000 0.0008 0.0002 0.0000 0.9563 0.0000 0.0000 0.0002 0.0000 0.0000 0.0000
69       69   (0)      8  : 0.0462 0.0000 0.0000 0.0000 0.0000 0.9538 0.0000 0.0000 0.0000 0.0000 0.0000 0.0000
70       70   (0)      8  : 0.1245 0.0000 0.0000 0.0000 0.0000 0.8755 0.0000 0.0000 0.0000 0.0000 0.0000 0.0000
71       71   (0)      8  : 0.1607 0.0000 0.0000 0.0116 0.0000 0.8275 0.0000 0.0000 0.0000 0.0000 0.0000 0.0002
72       72   (0)      8  : 0.0602 0.0000 0.0014 0.0008 0.0000 0.9368 0.0000 0.0000 0.0008 0.0000 0.0000 0.0000
73       73   (0)      8  : 0.0378 0.0000 0.0000 0.0000 0.0000 0.8128 0.0453 0.0897 0.0000 0.0052 0.0092 0.0000
74       74   (0)      8  : 0.0555 0.0000 0.0000 0.0000 0.0000 0.9021 0.0258 0.0008 0.0020 0.0060 0.0078 0.0000
75       75   (0)      8  : 0.1333 0.0000 0.0000 0.0008 0.0000 0.8647 0.0000 0.0000 0.0012 0.0000 0.0000 0.0000
76       76   (0)      8  : 0.1872 0.0000 0.0016 0.0028 0.0000 0.8062 0.0000 0.0000 0.0018 0.0000 0.0000 0.0004
77       77   (0)      8  : 0.0809 0.0000 0.0000 0.0012 0.0000 0.9177 0.0000 0.0000 0.0002 0.0000 0.0000 0.0000
78       78   (0)      9  : 0.7378 0.0000 0.0250 0.0812 0.0000 0.0010 0.0030 0.0000 0.0000 0.1520 0.0000 0.0000
79       79   (0)      9  : 0.8459 0.0000 0.0010 0.0744 0.0000 0.0006 0.0000 0.0000 0.0000 0.0777 0.0000 0.0004
80       80   (0)      9  : 0.8451 0.0000 0.0000 0.0566 0.0000 0.0000 0.0000 0.0000 0.0000 0.0983 0.0000 0.0000
81       81   (0)      9  : 0.7151 0.0000 0.0002 0.0380 0.0000 0.0000 0.0024 0.0086 0.0002 0.2354 0.0000 0.0000
82       82   (0)      9  : 0.7379 0.0000 0.0000 0.0716 0.0000 0.0226 0.0000 0.0000 0.0002 0.1410 0.0098 0.0168
83       83   (0)      9  : 0.8022 0.0000 0.0020 0.1003 0.0002 0.0224 0.0000 0.0000 0.0000 0.0728 0.0000 0.0000
84       84   (0)      9  : 0.8538 0.0000 0.0425 0.0018 0.0000 0.0012 0.0000 0.0000 0.0000 0.1007 0.0000 0.0000
85       85   (0)      9  : 0.8495 0.0000 0.0006 0.0891 0.0096 0.0008 0.0000 0.0000 0.0006 0.0498 0.0000 0.0000
86       86   (0)      9  : 0.6988 0.0044 0.0008 0.0100 0.0000 0.0004 0.0178 0.0604 0.0000 0.2017 0.0050 0.0006
87       87   (0)      9  : 0.7926 0.0000 0.0002 0.1375 0.0000 0.0002 0.0000 0.0000 0.0000 0.0695 0.0000 0.0000
88       88   (0)      9  : 0.8400 0.0000 0.0000 0.0905 0.0000 0.0012 0.0000 0.0000 0.0000 0.0619 0.0000 0.0064
89       89   (0)      9  : 0.6728 0.0086 0.0000 0.0408 0.0000 0.0000 0.0000 0.0000 0.0000 0.1918 0.0858 0.0002
90       90   (0)      9  : 0.8132 0.0000 0.0000 0.0182 0.0000 0.0000 0.0002 0.0030 0.0000 0.1612 0.0042 0.0000
91       91   (0)     10  : 0.0324 0.0000 0.8393 0.0014 0.0250 0.0012 0.0000 0.0000 0.1007 0.0000 0.0000 0.0000
92       92   (0)     10  : 0.0798 0.0000 0.8933 0.0008 0.0012 0.0196 0.0000 0.0000 0.0052 0.0000 0.0000 0.0000
93       93   (0)     10  : 0.0265 0.0000 0.9715 0.0014 0.0000 0.0000 0.0000 0.0000 0.0006 0.0000 0.0000 0.0000
94       94   (0)     10  : 0.0262 0.0000 0.9690 0.0026 0.0000 0.0000 0.0000 0.0000 0.0022 0.0000 0.0000 0.0000
95       95   (0)     10  : 0.0318 0.0000 0.9674 0.0000 0.0008 0.0000 0.0000 0.0000 0.0000 0.0000 0.0000 0.0000
96       96   (0)     10  : 0.0404 0.0000 0.9452 0.0030 0.0096 0.0014 0.0000 0.0000 0.0004 0.0000 0.0000 0.0000
97       97   (0)     10  : 0.0996 0.0000 0.7835 0.0024 0.0324 0.0002 0.0000 0.0000 0.0819 0.0000 0.0000 0.0000
98       98   (0)     10  : 0.0238 0.0000 0.9720 0.0040 0.0000 0.0002 0.0000 0.0000 0.0000 0.0000 0.0000 0.0000
99       99   (0)     10  : 0.0006 0.0000 0.7662 0.0000 0.0000 0.0000 0.1025 0.0571 0.0006 0.0248 0.0478 0.0004
100      100   (0)     10  : 0.0510 0.0000 0.9468 0.0012 0.0004 0.0006 0.0000 0.0000 0.0000 0.0000 0.0000 0.0000
101      101   (0)     10  : 0.0010 0.0000 0.7760 0.0000 0.0012 0.0000 0.0973 0.0520 0.0002 0.0268 0.0454 0.0000
102      102   (0)     10  : 0.0367 0.0000 0.9549 0.0008 0.0008 0.0050 0.0000 0.0000 0.0006 0.0000 0.0000 0.0012
103      103   (0)     10  : 0.0292 0.0000 0.9658 0.0000 0.0000 0.0000 0.0000 0.0000 0.0050 0.0000 0.0000 0.0000
