1        1   (0)      1  : 0.8399 0.0640 0.0000 0.0010 0.0926 0.0000 0.0025
2        2   (0)      1  : 0.6075 0.1645 0.0005 0.0015 0.2260 0.0000 0.0000
3        3   (0)      1  : 0.9265 0.0000 0.0020 0.0540 0.0170 0.0000 0.0005
4        4   (0)      1  : 0.8229 0.0691 0.0000 0.0035 0.1040 0.0000 0.0005
5        5   (0)      1  : 0.3320 0.2865 0.0000 0.0000 0.3815 0.0000 0.0000
6        6   (0)      1  : 0.5955 0.2370 0.0000 0.0000 0.1655 0.0000 0.0020
7        7   (0)      1  : 0.7574 0.1431 0.0000 0.0010 0.0980 0.0000 0.0005
8        8   (0)      1  : 0.8094 0.0735 0.0000 0.0040 0.1091 0.0010 0.0030
9        9   (0)      1  : 0.7555 0.1011 0.0000 0.0025 0.1399 0.0000 0.0010
10       10   (0)      1  : 0.1912 0.3539 0.0000 0.0000 0.4550 0.0000 0.0000
11       11   (0)      1  : 0.9054 0.0000 0.0020 0.0771 0.0000 0.0000 0.0155
12       12   (0)      1  : 0.4345 0.2480 0.0000 0.0035 0.3140 0.0000 0.0000
13       13   (0)      2  : 0.0000 1.0000 0.0000 0.0000 0.0000 0.0000 0.0000
14       14   (0)      2  : 0.0000 1.0000 0.0000 0.0000 0.0000 0.0000 0.0000
15       15   (0)      2  : 0.0000 1.0000 0.0000 0.0000 0.0000 0.0000 0.0000
16       16   (0)      3  : 0.0015 0.0000 0.0615 0.0005 0.0000 0.8536 0.0830
17       17   (0)      3  : 0.0000 0.0000 0.0000 0.0010 0.0000 0.9980 0.0010
18       18   (0)      3  : 0.0075 0.0000 0.0680 0.0020 0.0000 0.9165 0.0060
19       19   (0)      3  : 0.0000 0.1760 0.0000 0.0000 0.2160 0.6080 0.0000
20       20   (0)      3  : 0.0000 0.2690 0.0000 0.0000 0.3000 0.4310 0.0000
21       21   (0)      3  : 0.0499 0.0000 0.0255 0.0420 0.0000 0.8791 0.0035
22       22   (0)      3  : 0.0000 0.1126 0.0000 0.0000 0.1557 0.7317 0.0000
23       23   (0)      3  : 0.0981 0.0000 0.1001 0.0025 0.0000 0.7608 0.0385
24       24   (0)      3  : 0.0135 0.0000 0.0766 0.0300 0.0000 0.8474 0.0325
25       25   (0)      3  : 0.0010 0.0000 0.0045 0.0000 0.0530 0.9405 0.0010
26       26   (0)      3  : 0.0015 0.0000 0.0000 0.0035 0.0000 0.9935 0.0015
27       27   (0)      3  : 0.0005 0.0000 0.0000 0.0010 0.0000 0.9980 0.0005
28       28   (0)      4  : 0.9970 0.0000 0.0000 0.0030 0.0000 0.0000 0.0000
29       29   (0)      4  : 0.9985 0.0000 0.0000 0.0010 0.0000 0.0000 0.0005
30       30   (0)      4  : 0.9990 0.0000 0.0000 0.0010 0.0000 0.0000 0.0000
31       31   (0)      4  : 0.9715 0.0015 0.0010 0.0005 0.0225 0.0000 0.0030
32       32   (0)      4  : 0.9715 0.0095 0.0000 0.0015 0.0175 0.0000 0.0000
33       33   (0)      4  : 0.9990 0.0000 0.0000 0.0010 0.0000 0.0000 0.0000
34       34   (0)      4  : 1.0000 0.0000 0.0000 0.0000 0.0000 0.0000 0.0000
35       35   (0)      5  : 0.0020 0.0000 0.0000 0.9980 0.0000 0.0000 0.0000
36       36   (0)      5  : 0.0020 0.0000 0.0000 0.9980 0.0000 0.0000 0.0000
37       37   (0)      5  : 0.0010 0.0000 0.0000 0.9990 0.0000 0.0000 0.0000
38       38   (0)      5  : 0.0010 0.0000 0.0000 0.9985 0.0000 0.0000 0.0005
39       39   (0)      5  : 0.0000 0.0000 0.0000 1.0000 0.0000 0.0000 0.0000
40       40   (0)      5  : 0.0000 0.1431 0.0000 0.6819 0.1750 0.0000 0.0000
41       41   (0)      5  : 0.0010 0.0000 0.0000 0.9990 0.0000 0.0000 0.0000
42       42   (0)      5  : 0.0000 0.0355 0.0000 0.9190 0.0455 0.0000 0.0000
43       43   (0)      5  : 0.0255 0.0000 0.0000 0.9735 0.0000 0.0000 0.0010
44       44   (0)      5  : 0.0000 0.0000 0.0000 1.0000 0.0000 0.0000 0.0000
45       45   (0)      5  : 0.0040 0.0000 0.0000 0.9955 0.0000 0.0000 0.0005
46       46   (0)      5  : 0.0005 0.0000 0.0000 0.9995 0.0000 0.0000 0.0000
47       47   (0)      5  : 0.0005 0.0000 0.0000 0.9995 0.0000 0.0000 0.0000
48       48   (0)      6  : 0.9820 0.0000 0.0060 0.0000 0.0005 0.0035 0.0080
49       49   (0)      6  : 0.9965 0.0000 0.0000 0.0035 0.0000 0.0000 0.0000
50       50   (0)      6  : 0.9585 0.0000 0.0095 0.0125 0.0000 0.0005 0.0190
51       51   (0)      6  : 0.9915 0.0000 0.0020 0.0025 0.0035 0.0000 0.0005
52       52   (0)      6  : 0.9950 0.0000 0.0020 0.0010 0.0000 0.0000 0.0020
53       53   (0)      6  : 0.9960 0.0000 0.0000 0.0010 0.0000 0.0015 0.0015
54       54   (0)      6  : 0.9905 0.0000 0.0000 0.0060 0.0000 0.0000 0.0035
55       55   (0)      6  : 0.9925 0.0000 0.0000 0.0020 0.0000 0.0000 0.0055
56       56   (0)      6  : 0.8750 0.0000 0.0000 0.0025 0.0000 0.0000 0.1225
57       57   (0)      6  : 0.9965 0.0000 0.0000 0.0030 0.0000 0.0000 0.0005
58       58   (0)      6  : 0.0265 0.0000 0.5495 0.0120 0.4025 0.0020 0.0075
59       59   (0)      7  : 0.0005 0.0000 0.5000 0.0000 0.4985 0.0010 0.0000
60       60   (0)      7  : 0.0005 0.0000 0.5005 0.0000 0.4985 0.0005 0.0000
61       61   (0)      7  : 0.0020 0.0000 0.5015 0.0010 0.4950 0.0000 0.0005
62       62   (0)      7  : 0.0000 0.0000 0.5045 0.0000 0.4950 0.0000 0.0005
63       63   (0)      7  : 0.0005 0.0000 0.4995 0.0085 0.4905 0.0000 0.0010
64       64   (0)      7  : 0.0005 0.0000 0.5000 0.0005 0.4985 0.0000 0.0005
65       65   (0)      7  : 0.0075 0.0000 0.4990 0.0000 0.4925 0.0000 0.0010
66       66   (0)      8  : 0.0845 0.0000 0.0000 0.0520 0.0000 0.0050 0.8584
67       67   (0)      8  : 0.0010 0.0000 0.0000 0.0010 0.0000 0.0000 0.9980
68       68   (0)      8  : 0.0015 0.0000 0.0010 0.0000 0.0000 0.0000 0.9975
69       69   (0)      8  : 0.0010 0.0000 0.0000 0.0000 0.0000 0.0000 0.9990
70       70   (0)      8  : 0.0250 0.0000 0.0000 0.0010 0.0000 0.0000 0.9740
71       71   (0)      8  : 0.0926 0.0000 0.0000 0.0185 0.0000 0.0000 0.8889
72       72   (0)      8  : 0.0025 0.0000 0.0010 0.0010 0.0000 0.0015 0.9940
73       73   (0)      8  : 0.0080 0.0511 0.0000 0.0000 0.0700 0.0000 0.8709
74       74   (0)      8  : 0.0010 0.0000 0.0000 0.0000 0.0240 0.0040 0.9710
75       75   (0)      8  : 0.0610 0.0000 0.0005 0.0045 0.0000 0.0020 0.9320
76       76   (0)      8  : 0.1199 0.0000 0.0015 0.0035 0.0000 0.0015 0.8736
77       77   (0)      8  : 0.0180 0.0000 0.0010 0.0050 0.0005 0.0000 0.9755
78       78   (0)      9  : 0.7833 0.0000 0.0856 0.1186 0.0110 0.0000 0.0015
79       79   (0)      9  : 0.9080 0.0000 0.0020 0.0870 0.0005 0.0005 0.0020
80       80   (0)      9  : 0.9145 0.0000 0.0000 0.0855 0.0000 0.0000 0.0000
81       81   (0)      9  : 0.8236 0.0310 0.0020 0.0880 0.0475 0.0040 0.0040
82       82   (0)      9  : 0.8431 0.0230 0.0000 0.0790 0.0005 0.0010 0.0535
83       83   (0)      9  : 0.8515 0.0000 0.0075 0.1160 0.0005 0.0000 0.0245
84       84   (0)      9  : 0.9064 0.0000 0.0876 0.0055 0.0000 0.0000 0.0005
85       85   (0)      9  : 0.8800 0.0000 0.0015 0.1155 0.0020 0.0000 0.0010
86       86   (0)      9  : 0.8252 0.0634 0.0015 0.0390 0.0689 0.0000 0.0020
87       87   (0)      9  : 0.8260 0.0000 0.0005 0.1720 0.0000 0.0005 0.0010
88       88   (0)      9  : 0.8975 0.0000 0.0000 0.0970 0.0000 0.0005 0.0050
89       89   (0)      9  : 0.7914 0.0801 0.0000 0.0860 0.0425 0.0000 0.0000
90       90   (0)      9  : 0.8899 0.0165 0.0000 0.0671 0.0265 0.0000 0.0000
91       91   (0)     10  : 0.0075 0.0000 0.8529 0.0090 0.0125 0.1021 0.0160
92       92   (0)     10  : 0.0075 0.0000 0.9110 0.0030 0.0005 0.0060 0.0720
93       93   (0)     10  : 0.0025 0.0000 0.9915 0.0050 0.0000 0.0005 0.0005
94       94   (0)     10  : 0.0015 0.0000 0.9725 0.0155 0.0000 0.0095 0.0010
95       95   (0)     10  : 0.0010 0.0000 0.9980 0.0005 0.0000 0.0000 0.0005
96       96   (0)     10  : 0.0035 0.0000 0.9645 0.0260 0.0035 0.0005 0.0020
97       97   (0)     10  : 0.0781 0.0000 0.8104 0.0085 0.0195 0.0820 0.0015
98       98   (0)     10  : 0.0080 0.0000 0.9765 0.0070 0.0000 0.0000 0.0085
99       99   (0)     10  : 0.0000 0.0865 0.7889 0.0000 0.1196 0.0050 0.0000
100      100   (0)     10  : 0.0205 0.0000 0.9705 0.0035 0.0005 0.0005 0.0045
101      101   (0)     10  : 0.0000 0.0870 0.7964 0.0000 0.1146 0.0020 0.0000
102      102   (0)     10  : 0.0150 0.0000 0.9570 0.0020 0.0005 0.0005 0.0250
103      103   (0)     10  : 0.0215 0.0000 0.9670 0.0005 0.0000 0.0050 0.0060
