  1        1   (0)      1 :  0.0010 0.8598 0.1392 
  2        2   (0)      1 :  0.0008 0.6752 0.3240 
  3        3   (0)      1 :  0.0042 0.9718 0.0240 
  4        4   (0)      1 :  0.0000 0.8480 0.1520 
  5        5   (0)      1 :  0.0000 0.4462 0.5538 
  6        6   (0)      1 :  0.0000 0.6519 0.3481 
  7        7   (0)      1 :  0.0000 0.7899 0.2101 
  8        8   (0)      1 :  0.0010 0.8440 0.1550 
  9        9   (0)      1 :  0.0000 0.7960 0.2040 
 10       10   (0)      1 :  0.0000 0.3342 0.6658 
 11       11   (0)      1 :  0.0118 0.9882 0.0000 
 12       12   (0)      1 :  0.0000 0.5339 0.4661 
 13       13   (0)      2 :  0.0000 0.0000 1.0000 
 14       14   (0)      2 :  0.0000 0.0000 1.0000 
 15       15   (0)      2 :  0.0000 0.0000 1.0000 
 16       16   (0)      3 :  0.9200 0.0602 0.0198 
 17       17   (0)      3 :  0.9742 0.0026 0.0232 
 18       18   (0)      3 :  0.9926 0.0074 0.0000 
 19       19   (0)      3 :  0.6259 0.0000 0.3741 
 20       20   (0)      3 :  0.4359 0.0000 0.5641 
 21       21   (0)      3 :  0.8920 0.1080 0.0000 
 22       22   (0)      3 :  0.7292 0.0010 0.2698 
 23       23   (0)      3 :  0.9050 0.0950 0.0000 
 24       24   (0)      3 :  0.9096 0.0904 0.0000 
 25       25   (0)      3 :  0.9004 0.0036 0.0960 
 26       26   (0)      3 :  0.9646 0.0354 0.0000 
 27       27   (0)      3 :  0.9230 0.0340 0.0430 
 28       28   (0)      4 :  0.0010 0.9980 0.0010 
 29       29   (0)      4 :  0.0036 0.9964 0.0000 
 30       30   (0)      4 :  0.0002 0.9998 0.0000 
 31       31   (0)      4 :  0.0018 0.9630 0.0352 
 32       32   (0)      4 :  0.0000 0.9620 0.0380 
 33       33   (0)      4 :  0.0000 1.0000 0.0000 
 34       34   (0)      4 :  0.0006 0.9994 0.0000 
 35       35   (0)      5 :  0.0000 1.0000 0.0000 
 36       36   (0)      5 :  0.0000 1.0000 0.0000 
 37       37   (0)      5 :  0.0000 1.0000 0.0000 
 38       38   (0)      5 :  0.0000 1.0000 0.0000 
 39       39   (0)      5 :  0.0000 1.0000 0.0000 
 40       40   (0)      5 :  0.0000 0.7230 0.2770 
 41       41   (0)      5 :  0.0000 1.0000 0.0000 
 42       42   (0)      5 :  0.0000 0.9260 0.0740 
 43       43   (0)      5 :  0.0000 1.0000 0.0000 
 44       44   (0)      5 :  0.0000 1.0000 0.0000 
 45       45   (0)      5 :  0.0000 1.0000 0.0000 
 46       46   (0)      5 :  0.0000 1.0000 0.0000 
 47       47   (0)      5 :  0.0000 1.0000 0.0000 
 48       48   (0)      6 :  0.0408 0.9592 0.0000 
 49       49   (0)      6 :  0.0024 0.9976 0.0000 
 50       50   (0)      6 :  0.0198 0.9802 0.0000 
 51       51   (0)      6 :  0.0266 0.9734 0.0000 
 52       52   (0)      6 :  0.0050 0.9950 0.0000 
 53       53   (0)      6 :  0.0288 0.9712 0.0000 
 54       54   (0)      6 :  0.0010 0.9990 0.0000 
 55       55   (0)      6 :  0.0010 0.9990 0.0000 
 56       56   (0)      6 :  0.0010 0.9990 0.0000 
 57       57   (0)      6 :  0.0050 0.9950 0.0000 
 58       58   (0)      6 :  0.9790 0.0210 0.0000 
 59       59   (0)      7 :  0.9990 0.0010 0.0000 
 60       60   (0)      7 :  0.9986 0.0014 0.0000 
 61       61   (0)      7 :  0.9950 0.0050 0.0000 
 62       62   (0)      7 :  0.9990 0.0010 0.0000 
 63       63   (0)      7 :  0.9882 0.0118 0.0000 
 64       64   (0)      7 :  0.9984 0.0016 0.0000 
 65       65   (0)      7 :  0.9692 0.0308 0.0000 
 66       66   (0)      8 :  0.2062 0.7938 0.0000 
 67       67   (0)      8 :  0.2136 0.7864 0.0000 
 68       68   (0)      8 :  0.2346 0.7374 0.0280 
 69       69   (0)      8 :  0.2264 0.7485 0.0250 
 70       70   (0)      8 :  0.1790 0.8210 0.0000 
 71       71   (0)      8 :  0.1879 0.8121 0.0000 
 72       72   (0)      8 :  0.2466 0.7534 0.0000 
 73       73   (0)      8 :  0.2018 0.6808 0.1174 
 74       74   (0)      8 :  0.2318 0.7191 0.0490 
 75       75   (0)      8 :  0.2426 0.7574 0.0000 
 76       76   (0)      8 :  0.2689 0.7311 0.0000 
 77       77   (0)      8 :  0.2350 0.7650 0.0000 
 78       78   (0)      9 :  0.1014 0.8962 0.0024 
 79       79   (0)      9 :  0.0204 0.9796 0.0000 
 80       80   (0)      9 :  0.0000 1.0000 0.0000 
 81       81   (0)      9 :  0.0068 0.9190 0.0742 
 82       82   (0)      9 :  0.0088 0.9544 0.0368 
 83       83   (0)      9 :  0.0290 0.9710 0.0000 
 84       84   (0)      9 :  0.0896 0.9104 0.0000 
 85       85   (0)      9 :  0.0278 0.9722 0.0000 
 86       86   (0)      9 :  0.0020 0.8770 0.1210 
 87       87   (0)      9 :  0.0032 0.9968 0.0000 
 88       88   (0)      9 :  0.0018 0.9982 0.0000 
 89       89   (0)      9 :  0.0000 0.8849 0.1151 
 90       90   (0)      9 :  0.0010 0.9550 0.0440 
 91       91   (0)     10 :  0.9042 0.0958 0.0000 
 92       92   (0)     10 :  0.8936 0.1064 0.0000 
 93       93   (0)     10 :  0.9424 0.0576 0.0000 
 94       94   (0)     10 :  0.9166 0.0834 0.0000 
 95       95   (0)     10 :  0.9852 0.0148 0.0000 
 96       96   (0)     10 :  0.9056 0.0944 0.0000 
 97       97   (0)     10 :  0.8648 0.1352 0.0000 
 98       98   (0)     10 :  0.9368 0.0632 0.0000 
 99       99   (0)     10 :  0.8058 0.0142 0.1800 
100      100   (0)     10 :  0.9078 0.0922 0.0000 
101      101   (0)     10 :  0.8318 0.0012 0.1670 
102      102   (0)     10 :  0.9124 0.0876 0.0000 
103      103   (0)     10 :  0.9380 0.0620 0.0000 
