  1        1   (0)      1 :  0.0000 0.0000 0.0010 0.0008 0.6945 0.3003 0.0000 0.0000 0.0014 0.0010 0.0010 
  2        2   (0)      1 :  0.0000 0.0000 0.0000 0.0020 0.3913 0.5102 0.0000 0.0956 0.0000 0.0000 0.0008 
  3        3   (0)      1 :  0.0000 0.0000 0.0020 0.0018 0.8214 0.0972 0.0014 0.0000 0.0000 0.0038 0.0724 
  4        4   (0)      1 :  0.0000 0.0000 0.0000 0.0000 0.6450 0.3526 0.0000 0.0000 0.0000 0.0002 0.0022 
  5        5   (0)      1 :  0.0000 0.0000 0.0000 0.0000 0.0396 0.7787 0.0000 0.1817 0.0000 0.0000 0.0000 
  6        6   (0)      1 :  0.0541 0.0000 0.1219 0.1263 0.3229 0.3734 0.0000 0.0000 0.0000 0.0014 0.0000 
  7        7   (0)      1 :  0.0294 0.0000 0.0730 0.0751 0.5895 0.2312 0.0002 0.0000 0.0004 0.0002 0.0010 
  8        8   (0)      1 :  0.0000 0.0000 0.0062 0.0154 0.7032 0.2133 0.0000 0.0544 0.0020 0.0004 0.0050 
  9        9   (0)      1 :  0.0000 0.0000 0.0326 0.0336 0.5307 0.4018 0.0000 0.0000 0.0000 0.0000 0.0012 
 10       10   (0)      1 :  0.0000 0.0000 0.0190 0.4186 0.0891 0.0630 0.0000 0.4103 0.0000 0.0000 0.0000 
 11       11   (0)      1 :  0.0000 0.0000 0.0016 0.0004 0.8631 0.0068 0.0240 0.0000 0.0284 0.0000 0.0757 
 12       12   (0)      1 :  0.0000 0.0000 0.0020 0.0757 0.3835 0.0750 0.0000 0.4614 0.0000 0.0002 0.0022 
 13       13   (0)      2 :  1.0000 0.0000 0.0000 0.0000 0.0000 0.0000 0.0000 0.0000 0.0000 0.0000 0.0000 
 14       14   (0)      2 :  1.0000 0.0000 0.0000 0.0000 0.0000 0.0000 0.0000 0.0000 0.0000 0.0000 0.0000 
 15       15   (0)      2 :  1.0000 0.0000 0.0000 0.0000 0.0000 0.0000 0.0000 0.0000 0.0000 0.0000 0.0000 
 16       16   (0)      3 :  0.0000 0.0000 0.6890 0.0000 0.0022 0.0000 0.2486 0.0000 0.0598 0.0000 0.0004 
 17       17   (0)      3 :  0.0000 0.0000 0.7998 0.0000 0.0002 0.0000 0.1914 0.0084 0.0002 0.0000 0.0000 
 18       18   (0)      3 :  0.0000 0.0000 0.7319 0.0000 0.0034 0.0000 0.2522 0.0074 0.0042 0.0000 0.0008 
 19       19   (0)      3 :  0.0104 0.0000 0.4398 0.1386 0.0000 0.0326 0.0971 0.2796 0.0000 0.0018 0.0000 
 20       20   (0)      3 :  0.0074 0.0000 0.2921 0.0498 0.0000 0.0000 0.0454 0.6053 0.0000 0.0000 0.0000 
 21       21   (0)      3 :  0.0000 0.0000 0.7020 0.0000 0.0750 0.0000 0.2044 0.0000 0.0108 0.0000 0.0078 
 22       22   (0)      3 :  0.0000 0.0000 0.5496 0.0144 0.0000 0.0000 0.1226 0.3132 0.0002 0.0000 0.0000 
 23       23   (0)      3 :  0.0000 0.0000 0.6102 0.0000 0.1125 0.0000 0.2615 0.0000 0.0156 0.0000 0.0002 
 24       24   (0)      3 :  0.0000 0.0000 0.6894 0.0000 0.0152 0.0000 0.2574 0.0000 0.0248 0.0000 0.0132 
 25       25   (0)      3 :  0.0000 0.0000 0.7153 0.0120 0.0010 0.0022 0.1770 0.0911 0.0014 0.0000 0.0000 
 26       26   (0)      3 :  0.0000 0.0000 0.7970 0.0000 0.0012 0.0000 0.1980 0.0000 0.0012 0.0000 0.0026 
 27       27   (0)      3 :  0.0000 0.0000 0.7988 0.0000 0.0010 0.0000 0.1864 0.0130 0.0002 0.0000 0.0006 
 28       28   (0)      4 :  0.0000 0.0000 0.0000 0.0002 0.9446 0.0000 0.0000 0.0000 0.0000 0.0542 0.0010 
 29       29   (0)      4 :  0.0000 0.0000 0.0000 0.0000 0.9538 0.0000 0.0000 0.0000 0.0000 0.0460 0.0002 
 30       30   (0)      4 :  0.0000 0.0000 0.0000 0.0000 0.9518 0.0000 0.0002 0.0000 0.0000 0.0478 0.0002 
 31       31   (0)      4 :  0.0000 0.0000 0.0000 0.0000 0.9016 0.0110 0.0010 0.0246 0.0010 0.0607 0.0000 
 32       32   (0)      4 :  0.0006 0.0000 0.0000 0.0000 0.8751 0.0112 0.0000 0.0122 0.0000 0.0999 0.0010 
 33       33   (0)      4 :  0.0000 0.0000 0.0000 0.0000 0.9488 0.0000 0.0000 0.0000 0.0000 0.0508 0.0004 
 34       34   (0)      4 :  0.0000 0.0000 0.0000 0.0000 0.9483 0.0000 0.0000 0.0000 0.0000 0.0517 0.0000 
 35       35   (0)      5 :  0.0000 0.0000 0.0000 0.0000 0.0022 0.0000 0.0000 0.0000 0.0000 0.0000 0.9978 
 36       36   (0)      5 :  0.0000 0.0000 0.0000 0.0000 0.0030 0.0000 0.0000 0.0000 0.0000 0.0000 0.9970 
 37       37   (0)      5 :  0.0000 0.0000 0.0000 0.0000 0.0010 0.0000 0.0000 0.0000 0.0000 0.0000 0.9990 
 38       38   (0)      5 :  0.0000 0.0000 0.0000 0.0000 0.0010 0.0000 0.0000 0.0000 0.0000 0.0000 0.9990 
 39       39   (0)      5 :  0.0000 0.0000 0.0000 0.0000 0.0000 0.0000 0.0000 0.0000 0.0000 0.0000 1.0000 
 40       40   (0)      5 :  0.0000 0.0000 0.0000 0.0184 0.0000 0.0712 0.0000 0.2580 0.0000 0.0000 0.6523 
 41       41   (0)      5 :  0.0000 0.0000 0.0000 0.0000 0.0010 0.0000 0.0000 0.0000 0.0000 0.0000 0.9990 
 42       42   (0)      5 :  0.0000 0.0000 0.0000 0.0204 0.0000 0.0000 0.0000 0.0586 0.0000 0.0198 0.9011 
 43       43   (0)      5 :  0.0000 0.0000 0.0000 0.0000 0.0332 0.0000 0.0000 0.0000 0.0000 0.0000 0.9668 
 44       44   (0)      5 :  0.0000 0.0000 0.0000 0.0000 0.0000 0.0000 0.0000 0.0000 0.0000 0.0000 1.0000 
 45       45   (0)      5 :  0.0000 0.0000 0.0000 0.0000 0.0056 0.0000 0.0000 0.0000 0.0000 0.0000 0.9944 
 46       46   (0)      5 :  0.0000 0.0000 0.0000 0.0000 0.0004 0.0000 0.0000 0.0000 0.0000 0.0000 0.9996 
 47       47   (0)      5 :  0.0000 0.0000 0.0000 0.0000 0.0010 0.0000 0.0000 0.0000 0.0000 0.0000 0.9990 
 48       48   (0)      6 :  0.0000 0.0024 0.0042 0.0000 0.9824 0.0000 0.0060 0.0000 0.0050 0.0000 0.0000 
 49       49   (0)      6 :  0.0000 0.0000 0.0000 0.0000 0.9926 0.0000 0.0002 0.0000 0.0000 0.0036 0.0036 
 50       50   (0)      6 :  0.0000 0.0000 0.0004 0.0000 0.9620 0.0000 0.0238 0.0000 0.0082 0.0004 0.0052 
 51       51   (0)      6 :  0.0000 0.0082 0.0000 0.0000 0.9906 0.0000 0.0000 0.0000 0.0000 0.0000 0.0012 
 52       52   (0)      6 :  0.0000 0.0000 0.0000 0.0000 0.9934 0.0000 0.0042 0.0000 0.0018 0.0000 0.0006 
 53       53   (0)      6 :  0.0000 0.0002 0.0060 0.0000 0.9908 0.0000 0.0010 0.0000 0.0012 0.0008 0.0000 
 54       54   (0)      6 :  0.0000 0.0000 0.0002 0.0000 0.9930 0.0000 0.0000 0.0000 0.0050 0.0002 0.0016 
 55       55   (0)      6 :  0.0000 0.0000 0.0000 0.0000 0.9900 0.0000 0.0000 0.0000 0.0076 0.0018 0.0006 
 56       56   (0)      6 :  0.0000 0.0000 0.0012 0.0008 0.8709 0.0000 0.0000 0.0000 0.1257 0.0000 0.0014 
 57       57   (0)      6 :  0.0000 0.0000 0.0000 0.0000 0.9976 0.0000 0.0000 0.0002 0.0000 0.0000 0.0022 
 58       58   (0)      6 :  0.0000 0.7828 0.0014 0.0000 0.1072 0.0000 0.1056 0.0000 0.0008 0.0000 0.0022 
 59       59   (0)      7 :  0.0000 0.9894 0.0012 0.0000 0.0034 0.0000 0.0054 0.0000 0.0000 0.0000 0.0006 
 60       60   (0)      7 :  0.0000 0.9910 0.0010 0.0000 0.0046 0.0000 0.0034 0.0000 0.0000 0.0000 0.0000 
 61       61   (0)      7 :  0.0000 0.9808 0.0000 0.0000 0.0112 0.0000 0.0062 0.0000 0.0010 0.0000 0.0008 
 62       62   (0)      7 :  0.0000 0.9850 0.0000 0.0000 0.0004 0.0000 0.0140 0.0000 0.0006 0.0000 0.0000 
 63       63   (0)      7 :  0.0000 0.9774 0.0000 0.0000 0.0064 0.0000 0.0026 0.0000 0.0014 0.0000 0.0122 
 64       64   (0)      7 :  0.0000 0.9928 0.0004 0.0000 0.0030 0.0000 0.0010 0.0000 0.0018 0.0000 0.0010 
 65       65   (0)      7 :  0.0000 0.9592 0.0000 0.0000 0.0342 0.0000 0.0058 0.0000 0.0008 0.0000 0.0000 
 66       66   (0)      8 :  0.0000 0.0000 0.0044 0.0000 0.1465 0.0000 0.0002 0.0000 0.8171 0.0000 0.0318 
 67       67   (0)      8 :  0.0000 0.0000 0.0000 0.0000 0.0066 0.0000 0.0000 0.0000 0.9926 0.0000 0.0008 
 68       68   (0)      8 :  0.0000 0.0000 0.0000 0.0000 0.0088 0.0000 0.0016 0.0000 0.9896 0.0000 0.0000 
 69       69   (0)      8 :  0.0000 0.0000 0.0000 0.0000 0.0106 0.0000 0.0000 0.0000 0.9894 0.0000 0.0000 
 70       70   (0)      8 :  0.0000 0.0000 0.0000 0.0000 0.0794 0.0000 0.0000 0.0000 0.9206 0.0000 0.0000 
 71       71   (0)      8 :  0.0000 0.0000 0.0000 0.0000 0.1313 0.0000 0.0000 0.0000 0.8607 0.0000 0.0080 
 72       72   (0)      8 :  0.0000 0.0000 0.0008 0.0000 0.0146 0.0000 0.0020 0.0000 0.9814 0.0000 0.0012 
 73       73   (0)      8 :  0.0000 0.0000 0.0000 0.0112 0.0116 0.0428 0.0000 0.0818 0.8525 0.0000 0.0000 
 74       74   (0)      8 :  0.0000 0.0000 0.0016 0.0080 0.0168 0.0000 0.0000 0.0360 0.9373 0.0000 0.0002 
 75       75   (0)      8 :  0.0000 0.0000 0.0012 0.0000 0.0972 0.0000 0.0004 0.0000 0.9002 0.0000 0.0010 
 76       76   (0)      8 :  0.0000 0.0000 0.0018 0.0000 0.1517 0.0000 0.0018 0.0000 0.8425 0.0000 0.0022 
 77       77   (0)      8 :  0.0000 0.0000 0.0000 0.0000 0.0466 0.0000 0.0010 0.0000 0.9498 0.0000 0.0026 
 78       78   (0)      9 :  0.0000 0.0000 0.0000 0.0298 0.7161 0.0000 0.0002 0.0000 0.0012 0.1477 0.1050 
 79       79   (0)      9 :  0.0000 0.0000 0.0000 0.0126 0.8225 0.0000 0.0010 0.0000 0.0012 0.0736 0.0892 
 80       80   (0)      9 :  0.0000 0.0000 0.0000 0.0176 0.8083 0.0000 0.0000 0.0000 0.0000 0.0954 0.0786 
 81       81   (0)      9 :  0.0000 0.0000 0.0000 0.0468 0.6536 0.0000 0.0000 0.0000 0.0006 0.2299 0.0690 
 82       82   (0)      9 :  0.0000 0.0000 0.0000 0.0284 0.7342 0.0000 0.0000 0.0000 0.0228 0.1363 0.0782 
 83       83   (0)      9 :  0.0000 0.0000 0.0000 0.0122 0.7657 0.0000 0.0010 0.0000 0.0356 0.0678 0.1176 
 84       84   (0)      9 :  0.0000 0.0000 0.0000 0.0198 0.8533 0.0000 0.0176 0.0000 0.0020 0.0966 0.0106 
 85       85   (0)      9 :  0.0000 0.0044 0.0000 0.0072 0.8392 0.0000 0.0004 0.0000 0.0010 0.0437 0.1041 
 86       86   (0)      9 :  0.0032 0.0000 0.0000 0.0573 0.6888 0.0558 0.0004 0.0216 0.0008 0.1641 0.0080 
 87       87   (0)      9 :  0.0000 0.0000 0.0000 0.0118 0.7698 0.0000 0.0000 0.0000 0.0000 0.0631 0.1554 
 88       88   (0)      9 :  0.0000 0.0000 0.0000 0.0108 0.8216 0.0000 0.0002 0.0000 0.0028 0.0576 0.1070 
 89       89   (0)      9 :  0.0004 0.0000 0.0200 0.0522 0.6405 0.0000 0.0000 0.0000 0.0000 0.2423 0.0446 
 90       90   (0)      9 :  0.0000 0.0000 0.0000 0.0306 0.7798 0.0000 0.0000 0.0000 0.0000 0.1538 0.0358 
 91       91   (0)     10 :  0.0000 0.0278 0.0850 0.0002 0.0032 0.0000 0.8808 0.0000 0.0012 0.0000 0.0018 
 92       92   (0)     10 :  0.0000 0.0016 0.0052 0.0000 0.0272 0.0000 0.9330 0.0000 0.0318 0.0000 0.0012 
 93       93   (0)     10 :  0.0000 0.0000 0.0000 0.0000 0.0010 0.0000 0.9976 0.0000 0.0000 0.0000 0.0014 
 94       94   (0)     10 :  0.0000 0.0000 0.0018 0.0000 0.0000 0.0000 0.9966 0.0000 0.0000 0.0000 0.0016 
 95       95   (0)     10 :  0.0000 0.0026 0.0000 0.0000 0.0010 0.0000 0.9964 0.0000 0.0000 0.0000 0.0000 
 96       96   (0)     10 :  0.0000 0.0158 0.0004 0.0000 0.0038 0.0000 0.9758 0.0000 0.0016 0.0000 0.0026 
 97       97   (0)     10 :  0.0000 0.0409 0.0679 0.0010 0.0669 0.0000 0.8202 0.0000 0.0004 0.0000 0.0028 
 98       98   (0)     10 :  0.0000 0.0000 0.0000 0.0000 0.0016 0.0000 0.9944 0.0000 0.0000 0.0000 0.0040 
 99       99   (0)     10 :  0.0000 0.0004 0.0006 0.0649 0.0000 0.0304 0.7714 0.1317 0.0000 0.0006 0.0000 
100      100   (0)     10 :  0.0000 0.0070 0.0000 0.0000 0.0136 0.0000 0.9768 0.0000 0.0008 0.0000 0.0018 
101      101   (0)     10 :  0.0000 0.0016 0.0000 0.0350 0.0000 0.0226 0.7872 0.1536 0.0000 0.0000 0.0000 
102      102   (0)     10 :  0.0000 0.0058 0.0006 0.0000 0.0062 0.0000 0.9812 0.0000 0.0054 0.0000 0.0008 
103      103   (0)     10 :  0.0000 0.0000 0.0048 0.0000 0.0010 0.0000 0.9938 0.0000 0.0004 0.0000 0.0000 
