1        1   (0)      1  : 0.8575 0.1365 0.0000 0.0060
2        2   (0)      1  : 0.6642 0.3300 0.0006 0.0052
3        3   (0)      1  : 0.9330 0.0086 0.0024 0.0560
4        4   (0)      1  : 0.8364 0.1488 0.0000 0.0148
5        5   (0)      1  : 0.4309 0.5683 0.0000 0.0008
6        6   (0)      1  : 0.6453 0.3539 0.0000 0.0008
7        7   (0)      1  : 0.7818 0.2130 0.0000 0.0052
8        8   (0)      1  : 0.8332 0.1526 0.0008 0.0134
9        9   (0)      1  : 0.7852 0.2042 0.0000 0.0106
10       10   (0)      1  : 0.3095 0.6897 0.0000 0.0008
11       11   (0)      1  : 0.9268 0.0000 0.0038 0.0694
12       12   (0)      1  : 0.5023 0.4837 0.0000 0.0140
13       13   (0)      2  : 0.0000 1.0000 0.0000 0.0000
14       14   (0)      2  : 0.0000 1.0000 0.0000 0.0000
15       15   (0)      2  : 0.0000 1.0000 0.0000 0.0000
16       16   (0)      3  : 0.0312 0.0158 0.7704 0.1826
17       17   (0)      3  : 0.0038 0.0200 0.7774 0.1988
18       18   (0)      3  : 0.0124 0.0000 0.8034 0.1842
19       19   (0)      3  : 0.0000 0.3844 0.4868 0.1288
20       20   (0)      3  : 0.0000 0.5760 0.3326 0.0914
21       21   (0)      3  : 0.0888 0.0000 0.7336 0.1776
22       22   (0)      3  : 0.0002 0.2756 0.5749 0.1493
23       23   (0)      3  : 0.0948 0.0000 0.7554 0.1498
24       24   (0)      3  : 0.0306 0.0000 0.7546 0.2148
25       25   (0)      3  : 0.0066 0.0946 0.7198 0.1790
26       26   (0)      3  : 0.0106 0.0000 0.7812 0.2082
27       27   (0)      3  : 0.0086 0.0360 0.7558 0.1996
28       28   (0)      4  : 0.9574 0.0002 0.0002 0.0422
29       29   (0)      4  : 0.9928 0.0000 0.0022 0.0050
30       30   (0)      4  : 0.9928 0.0000 0.0000 0.0072
31       31   (0)      4  : 0.9678 0.0292 0.0012 0.0018
32       32   (0)      4  : 0.9584 0.0336 0.0000 0.0080
33       33   (0)      4  : 0.9970 0.0000 0.0000 0.0030
34       34   (0)      4  : 0.9992 0.0000 0.0000 0.0008
35       35   (0)      5  : 0.2056 0.0000 0.0000 0.7944
36       36   (0)      5  : 0.2038 0.0000 0.0000 0.7962
37       37   (0)      5  : 0.2044 0.0000 0.0008 0.7948
38       38   (0)      5  : 0.2032 0.0000 0.0000 0.7968
39       39   (0)      5  : 0.2012 0.0000 0.0004 0.7984
40       40   (0)      5  : 0.1426 0.2798 0.0000 0.5776
41       41   (0)      5  : 0.2030 0.0000 0.0006 0.7964
42       42   (0)      5  : 0.1846 0.0714 0.0000 0.7440
43       43   (0)      5  : 0.2330 0.0000 0.0000 0.7670
44       44   (0)      5  : 0.2000 0.0000 0.0000 0.8000
45       45   (0)      5  : 0.2098 0.0000 0.0000 0.7902
46       46   (0)      5  : 0.2010 0.0000 0.0002 0.7988
47       47   (0)      5  : 0.2016 0.0000 0.0000 0.7984
48       48   (0)      6  : 0.9748 0.0000 0.0230 0.0022
49       49   (0)      6  : 0.9850 0.0000 0.0012 0.0138
50       50   (0)      6  : 0.9738 0.0000 0.0070 0.0192
51       51   (0)      6  : 0.9758 0.0000 0.0080 0.0162
52       52   (0)      6  : 0.9976 0.0000 0.0016 0.0008
53       53   (0)      6  : 0.9882 0.0000 0.0018 0.0100
54       54   (0)      6  : 0.9666 0.0000 0.0000 0.0334
55       55   (0)      6  : 0.9962 0.0000 0.0008 0.0030
56       56   (0)      6  : 0.9820 0.0000 0.0000 0.0180
57       57   (0)      6  : 0.9940 0.0000 0.0010 0.0050
58       58   (0)      6  : 0.0254 0.0000 0.9732 0.0014
59       59   (0)      7  : 0.0052 0.0000 0.9944 0.0004
60       60   (0)      7  : 0.0028 0.0000 0.9962 0.0010
61       61   (0)      7  : 0.0074 0.0000 0.9918 0.0008
62       62   (0)      7  : 0.0008 0.0000 0.9988 0.0004
63       63   (0)      7  : 0.0112 0.0000 0.9848 0.0040
64       64   (0)      7  : 0.0056 0.0000 0.9936 0.0008
65       65   (0)      7  : 0.0332 0.0000 0.9658 0.0010
66       66   (0)      8  : 0.7786 0.0000 0.1242 0.0972
67       67   (0)      8  : 0.7918 0.0000 0.1216 0.0866
68       68   (0)      8  : 0.7539 0.0192 0.1289 0.0980
69       69   (0)      8  : 0.7700 0.0174 0.1162 0.0964
70       70   (0)      8  : 0.8395 0.0000 0.0877 0.0728
71       71   (0)      8  : 0.8240 0.0000 0.1012 0.0748
72       72   (0)      8  : 0.7740 0.0000 0.1356 0.0904
73       73   (0)      8  : 0.6968 0.1128 0.1019 0.0885
74       74   (0)      8  : 0.7331 0.0434 0.1278 0.0957
75       75   (0)      8  : 0.7844 0.0000 0.1284 0.0872
76       76   (0)      8  : 0.7626 0.0000 0.1578 0.0796
77       77   (0)      8  : 0.7796 0.0000 0.1390 0.0815
78       78   (0)      9  : 0.8254 0.0006 0.0572 0.1168
79       79   (0)      9  : 0.9100 0.0000 0.0044 0.0856
80       80   (0)      9  : 0.9012 0.0000 0.0000 0.0988
81       81   (0)      9  : 0.8310 0.0720 0.0014 0.0956
82       82   (0)      9  : 0.8734 0.0338 0.0008 0.0920
83       83   (0)      9  : 0.8788 0.0000 0.0170 0.1042
84       84   (0)      9  : 0.8938 0.0000 0.0716 0.0346
85       85   (0)      9  : 0.8902 0.0000 0.0100 0.0998
86       86   (0)      9  : 0.8270 0.1190 0.0012 0.0528
87       87   (0)      9  : 0.8410 0.0000 0.0010 0.1580
88       88   (0)      9  : 0.9148 0.0000 0.0008 0.0844
89       89   (0)      9  : 0.7935 0.1167 0.0000 0.0898
90       90   (0)      9  : 0.8858 0.0414 0.0002 0.0726
91       91   (0)     10  : 0.0680 0.0000 0.8947 0.0372
92       92   (0)     10  : 0.1130 0.0000 0.8768 0.0102
93       93   (0)     10  : 0.0364 0.0000 0.9532 0.0104
94       94   (0)     10  : 0.0474 0.0000 0.9364 0.0162
95       95   (0)     10  : 0.0308 0.0000 0.9682 0.0010
96       96   (0)     10  : 0.0438 0.0000 0.9236 0.0326
97       97   (0)     10  : 0.1252 0.0000 0.8474 0.0274
98       98   (0)     10  : 0.0440 0.0000 0.9474 0.0086
99       99   (0)     10  : 0.0176 0.1850 0.7908 0.0066
100      100   (0)     10  : 0.0500 0.0000 0.9380 0.0120
101      101   (0)     10  : 0.0024 0.1726 0.8018 0.0232
102      102   (0)     10  : 0.0734 0.0000 0.9180 0.0086
103      103   (0)     10  : 0.0504 0.0000 0.9474 0.0022
