  1        1   (0)      1 :  0.8569 0.0000 0.0028 0.0010 0.1393 
  2        2   (0)      1 :  0.6528 0.0002 0.0028 0.0002 0.3440 
  3        3   (0)      1 :  0.9296 0.0018 0.0606 0.0000 0.0080 
  4        4   (0)      1 :  0.8386 0.0000 0.0080 0.0004 0.1530 
  5        5   (0)      1 :  0.4056 0.0000 0.0004 0.0000 0.5940 
  6        6   (0)      1 :  0.6314 0.0000 0.0008 0.0230 0.3449 
  7        7   (0)      1 :  0.7772 0.0000 0.0026 0.0150 0.2052 
  8        8   (0)      1 :  0.8316 0.0008 0.0068 0.0022 0.1586 
  9        9   (0)      1 :  0.7815 0.0000 0.0062 0.0012 0.2111 
 10       10   (0)      1 :  0.2758 0.0000 0.0004 0.0000 0.7238 
 11       11   (0)      1 :  0.9098 0.0034 0.0824 0.0044 0.0000 
 12       12   (0)      1 :  0.4852 0.0000 0.0086 0.0000 0.5062 
 13       13   (0)      2 :  0.0000 0.0000 0.0000 0.2000 0.8000 
 14       14   (0)      2 :  0.0000 0.0000 0.0000 0.2000 0.8000 
 15       15   (0)      2 :  0.0000 0.0000 0.0000 0.2000 0.8000 
 16       16   (0)      3 :  0.0080 0.8657 0.0040 0.1119 0.0104 
 17       17   (0)      3 :  0.0002 0.8863 0.0008 0.1008 0.0118 
 18       18   (0)      3 :  0.0018 0.9019 0.0012 0.0938 0.0012 
 19       19   (0)      3 :  0.0000 0.5428 0.0000 0.0546 0.4026 
 20       20   (0)      3 :  0.0000 0.3935 0.0000 0.0054 0.6011 
 21       21   (0)      3 :  0.0342 0.8536 0.0118 0.1004 0.0000 
 22       22   (0)      3 :  0.0000 0.6409 0.0000 0.0690 0.2901 
 23       23   (0)      3 :  0.0490 0.8577 0.0014 0.0918 0.0000 
 24       24   (0)      3 :  0.0028 0.8694 0.0370 0.0908 0.0000 
 25       25   (0)      3 :  0.0004 0.8069 0.0010 0.0896 0.1022 
 26       26   (0)      3 :  0.0014 0.9140 0.0108 0.0738 0.0000 
 27       27   (0)      3 :  0.0012 0.8688 0.0012 0.0894 0.0394 
 28       28   (0)      4 :  0.9750 0.0000 0.0250 0.0000 0.0000 
 29       29   (0)      4 :  0.9964 0.0004 0.0026 0.0006 0.0000 
 30       30   (0)      4 :  0.9966 0.0000 0.0034 0.0000 0.0000 
 31       31   (0)      4 :  0.9738 0.0008 0.0010 0.0014 0.0230 
 32       32   (0)      4 :  0.9650 0.0000 0.0046 0.0002 0.0302 
 33       33   (0)      4 :  0.9982 0.0000 0.0016 0.0002 0.0000 
 34       34   (0)      4 :  0.9994 0.0000 0.0006 0.0000 0.0000 
 35       35   (0)      5 :  0.0048 0.0000 0.9952 0.0000 0.0000 
 36       36   (0)      5 :  0.0034 0.0000 0.9966 0.0000 0.0000 
 37       37   (0)      5 :  0.0036 0.0002 0.9958 0.0004 0.0000 
 38       38   (0)      5 :  0.0028 0.0000 0.9968 0.0004 0.0000 
 39       39   (0)      5 :  0.0008 0.0000 0.9988 0.0004 0.0000 
 40       40   (0)      5 :  0.0000 0.0000 0.7103 0.0000 0.2897 
 41       41   (0)      5 :  0.0022 0.0004 0.9970 0.0004 0.0000 
 42       42   (0)      5 :  0.0000 0.0000 0.9260 0.0000 0.0740 
 43       43   (0)      5 :  0.0372 0.0000 0.9624 0.0004 0.0000 
 44       44   (0)      5 :  0.0000 0.0000 1.0000 0.0000 0.0000 
 45       45   (0)      5 :  0.0098 0.0000 0.9902 0.0000 0.0000 
 46       46   (0)      5 :  0.0010 0.0000 0.9990 0.0000 0.0000 
 47       47   (0)      5 :  0.0016 0.0000 0.9984 0.0000 0.0000 
 48       48   (0)      6 :  0.9784 0.0170 0.0006 0.0040 0.0000 
 49       49   (0)      6 :  0.9896 0.0010 0.0086 0.0008 0.0000 
 50       50   (0)      6 :  0.9644 0.0074 0.0188 0.0094 0.0000 
 51       51   (0)      6 :  0.9846 0.0018 0.0080 0.0056 0.0000 
 52       52   (0)      6 :  0.9966 0.0010 0.0008 0.0016 0.0000 
 53       53   (0)      6 :  0.9948 0.0020 0.0024 0.0008 0.0000 
 54       54   (0)      6 :  0.9758 0.0000 0.0206 0.0036 0.0000 
 55       55   (0)      6 :  0.9958 0.0000 0.0022 0.0020 0.0000 
 56       56   (0)      6 :  0.9466 0.0000 0.0066 0.0468 0.0000 
 57       57   (0)      6 :  0.9948 0.0000 0.0048 0.0004 0.0000 
 58       58   (0)      6 :  0.0344 0.6608 0.0048 0.3000 0.0000 
 59       59   (0)      7 :  0.0018 0.6270 0.0014 0.3698 0.0000 
 60       60   (0)      7 :  0.0030 0.6274 0.0006 0.3690 0.0000 
 61       61   (0)      7 :  0.0100 0.6148 0.0018 0.3734 0.0000 
 62       62   (0)      7 :  0.0012 0.6224 0.0006 0.3758 0.0000 
 63       63   (0)      7 :  0.0056 0.6026 0.0200 0.3718 0.0000 
 64       64   (0)      7 :  0.0146 0.6062 0.0032 0.3760 0.0000 
 65       65   (0)      7 :  0.0340 0.6010 0.0006 0.3644 0.0000 
 66       66   (0)      8 :  0.5073 0.1099 0.0438 0.3390 0.0000 
 67       67   (0)      8 :  0.4825 0.1153 0.0040 0.3982 0.0000 
 68       68   (0)      8 :  0.4682 0.1174 0.0004 0.3978 0.0162 
 69       69   (0)      8 :  0.4686 0.1196 0.0000 0.3994 0.0124 
 70       70   (0)      8 :  0.5387 0.0843 0.0004 0.3766 0.0000 
 71       71   (0)      8 :  0.5458 0.0970 0.0100 0.3472 0.0000 
 72       72   (0)      8 :  0.4784 0.1258 0.0012 0.3946 0.0000 
 73       73   (0)      8 :  0.4401 0.0982 0.0008 0.3468 0.1140 
 74       74   (0)      8 :  0.4502 0.1227 0.0004 0.3972 0.0294 
 75       75   (0)      8 :  0.5120 0.1192 0.0018 0.3670 0.0000 
 76       76   (0)      8 :  0.5140 0.1385 0.0034 0.3442 0.0000 
 77       77   (0)      8 :  0.4964 0.1218 0.0022 0.3796 0.0000 
 78       78   (0)      9 :  0.8047 0.0555 0.1318 0.0020 0.0060 
 79       79   (0)      9 :  0.8976 0.0042 0.0966 0.0016 0.0000 
 80       80   (0)      9 :  0.8917 0.0000 0.1083 0.0000 0.0000 
 81       81   (0)      9 :  0.8193 0.0016 0.1018 0.0042 0.0730 
 82       82   (0)      9 :  0.8507 0.0012 0.0951 0.0256 0.0274 
 83       83   (0)      9 :  0.8610 0.0066 0.1236 0.0088 0.0000 
 84       84   (0)      9 :  0.9054 0.0736 0.0194 0.0016 0.0000 
 85       85   (0)      9 :  0.8734 0.0032 0.1196 0.0038 0.0000 
 86       86   (0)      9 :  0.8235 0.0010 0.0544 0.0028 0.1182 
 87       87   (0)      9 :  0.8125 0.0010 0.1861 0.0004 0.0000 
 88       88   (0)      9 :  0.8954 0.0004 0.1008 0.0034 0.0000 
 89       89   (0)      9 :  0.7824 0.0000 0.0988 0.0094 0.1094 
 90       90   (0)      9 :  0.8800 0.0000 0.0790 0.0004 0.0406 
 91       91   (0)     10 :  0.0262 0.9290 0.0136 0.0312 0.0000 
 92       92   (0)     10 :  0.0612 0.9018 0.0034 0.0336 0.0000 
 93       93   (0)     10 :  0.0078 0.9804 0.0114 0.0004 0.0000 
 94       94   (0)     10 :  0.0076 0.9726 0.0186 0.0012 0.0000 
 95       95   (0)     10 :  0.0026 0.9840 0.0002 0.0132 0.0000 
 96       96   (0)     10 :  0.0040 0.9394 0.0364 0.0202 0.0000 
 97       97   (0)     10 :  0.1060 0.8508 0.0074 0.0358 0.0000 
 98       98   (0)     10 :  0.0146 0.9720 0.0094 0.0040 0.0000 
 99       99   (0)     10 :  0.0012 0.7944 0.0006 0.0140 0.1898 
100      100   (0)     10 :  0.0222 0.9394 0.0104 0.0280 0.0000 
101      101   (0)     10 :  0.0004 0.8140 0.0000 0.0076 0.1780 
102      102   (0)     10 :  0.0414 0.9296 0.0042 0.0248 0.0000 
103      103   (0)     10 :  0.0184 0.9766 0.0014 0.0036 0.0000 
