1        1   (0)      1  : 0.8526 0.1440 0.0000 0.0033 0.0000
2        2   (0)      1  : 0.6418 0.3546 0.0003 0.0033 0.0000
3        3   (0)      1  : 0.9160 0.0133 0.0017 0.0690 0.0000
4        4   (0)      1  : 0.8300 0.1597 0.0000 0.0103 0.0000
5        5   (0)      1  : 0.3942 0.6051 0.0000 0.0007 0.0000
6        6   (0)      1  : 0.6276 0.3338 0.0000 0.0010 0.0376
7        7   (0)      1  : 0.7739 0.1987 0.0000 0.0030 0.0243
8        8   (0)      1  : 0.8273 0.1634 0.0007 0.0087 0.0000
9        9   (0)      1  : 0.7766 0.2161 0.0000 0.0063 0.0010
10       10   (0)      1  : 0.2667 0.7326 0.0000 0.0007 0.0000
11       11   (0)      1  : 0.9116 0.0000 0.0047 0.0837 0.0000
12       12   (0)      1  : 0.4775 0.5118 0.0000 0.0107 0.0000
13       13   (0)      2  : 0.0000 0.6667 0.0000 0.0000 0.3333
14       14   (0)      2  : 0.0000 0.6667 0.0000 0.0000 0.3333
15       15   (0)      2  : 0.0000 0.6667 0.0000 0.0000 0.3333
16       16   (0)      3  : 0.0133 0.0030 0.9757 0.0063 0.0017
17       17   (0)      3  : 0.0003 0.0023 0.9933 0.0007 0.0033
18       18   (0)      3  : 0.0027 0.0017 0.9940 0.0017 0.0000
19       19   (0)      3  : 0.0000 0.3996 0.6001 0.0000 0.0003
20       20   (0)      3  : 0.0000 0.5920 0.3997 0.0000 0.0083
21       21   (0)      3  : 0.0560 0.0000 0.9263 0.0177 0.0000
22       22   (0)      3  : 0.0000 0.2868 0.7132 0.0000 0.0000
23       23   (0)      3  : 0.0810 0.0000 0.9170 0.0017 0.0003
24       24   (0)      3  : 0.0040 0.0000 0.9413 0.0547 0.0000
25       25   (0)      3  : 0.0003 0.1027 0.8960 0.0010 0.0000
26       26   (0)      3  : 0.0017 0.0000 0.9843 0.0140 0.0000
27       27   (0)      3  : 0.0017 0.0343 0.9627 0.0013 0.0000
28       28   (0)      4  : 0.9630 0.0000 0.0000 0.0370 0.0000
29       29   (0)      4  : 0.9953 0.0000 0.0003 0.0037 0.0007
30       30   (0)      4  : 0.9953 0.0000 0.0000 0.0047 0.0000
31       31   (0)      4  : 0.9666 0.0317 0.0007 0.0010 0.0000
32       32   (0)      4  : 0.9590 0.0340 0.0000 0.0067 0.0003
33       33   (0)      4  : 0.9980 0.0000 0.0000 0.0020 0.0000
34       34   (0)      4  : 0.9990 0.0000 0.0000 0.0010 0.0000
35       35   (0)      5  : 0.0057 0.0000 0.0000 0.9943 0.0000
36       36   (0)      5  : 0.0037 0.0000 0.0000 0.9963 0.0000
37       37   (0)      5  : 0.0037 0.0000 0.0003 0.9960 0.0000
38       38   (0)      5  : 0.0037 0.0000 0.0000 0.9963 0.0000
39       39   (0)      5  : 0.0010 0.0000 0.0000 0.9990 0.0000
40       40   (0)      5  : 0.0000 0.2914 0.0000 0.7086 0.0000
41       41   (0)      5  : 0.0027 0.0000 0.0007 0.9967 0.0000
42       42   (0)      5  : 0.0000 0.0747 0.0000 0.9253 0.0000
43       43   (0)      5  : 0.0400 0.0000 0.0000 0.9600 0.0000
44       44   (0)      5  : 0.0000 0.0000 0.0000 1.0000 0.0000
45       45   (0)      5  : 0.0100 0.0000 0.0000 0.9900 0.0000
46       46   (0)      5  : 0.0010 0.0000 0.0000 0.9990 0.0000
47       47   (0)      5  : 0.0013 0.0000 0.0000 0.9987 0.0000
48       48   (0)      6  : 0.9803 0.0000 0.0163 0.0010 0.0023
49       49   (0)      6  : 0.9887 0.0000 0.0010 0.0097 0.0007
50       50   (0)      6  : 0.9736 0.0000 0.0100 0.0163 0.0000
51       51   (0)      6  : 0.9810 0.0000 0.0003 0.0100 0.0087
52       52   (0)      6  : 0.9983 0.0000 0.0010 0.0007 0.0000
53       53   (0)      6  : 0.9953 0.0000 0.0020 0.0027 0.0000
54       54   (0)      6  : 0.9737 0.0000 0.0000 0.0263 0.0000
55       55   (0)      6  : 0.9980 0.0000 0.0000 0.0020 0.0000
56       56   (0)      6  : 0.9910 0.0000 0.0000 0.0090 0.0000
57       57   (0)      6  : 0.9970 0.0000 0.0000 0.0030 0.0000
58       58   (0)      6  : 0.0510 0.0000 0.4426 0.0070 0.4994
59       59   (0)      7  : 0.0030 0.0000 0.3790 0.0017 0.6164
60       60   (0)      7  : 0.0043 0.0000 0.3796 0.0010 0.6150
61       61   (0)      7  : 0.0153 0.0000 0.3606 0.0023 0.6217
62       62   (0)      7  : 0.0020 0.0000 0.3706 0.0010 0.6264
63       63   (0)      7  : 0.0087 0.0000 0.3420 0.0303 0.6190
64       64   (0)      7  : 0.0240 0.0000 0.3447 0.0053 0.6260
65       65   (0)      7  : 0.0460 0.0000 0.3467 0.0007 0.6067
66       66   (0)      8  : 0.7824 0.0000 0.1828 0.0347 0.0000
67       67   (0)      8  : 0.8029 0.0000 0.1921 0.0050 0.0000
68       68   (0)      8  : 0.7787 0.0270 0.1940 0.0000 0.0003
69       69   (0)      8  : 0.7799 0.0207 0.1994 0.0000 0.0000
70       70   (0)      8  : 0.8596 0.0000 0.1404 0.0000 0.0000
71       71   (0)      8  : 0.8333 0.0000 0.1617 0.0050 0.0000
72       72   (0)      8  : 0.7913 0.0000 0.2084 0.0003 0.0000
73       73   (0)      8  : 0.7142 0.1214 0.1637 0.0007 0.0000
74       74   (0)      8  : 0.7471 0.0490 0.2039 0.0000 0.0000
75       75   (0)      8  : 0.8013 0.0000 0.1981 0.0007 0.0000
76       76   (0)      8  : 0.7689 0.0000 0.2301 0.0010 0.0000
77       77   (0)      8  : 0.7970 0.0000 0.2020 0.0010 0.0000
78       78   (0)      9  : 0.7736 0.0100 0.0807 0.1357 0.0000
79       79   (0)      9  : 0.8944 0.0000 0.0040 0.1009 0.0007
80       80   (0)      9  : 0.8832 0.0000 0.0000 0.1168 0.0000
81       81   (0)      9  : 0.8116 0.0767 0.0017 0.1100 0.0000
82       82   (0)      9  : 0.8652 0.0270 0.0020 0.1001 0.0057
83       83   (0)      9  : 0.8683 0.0000 0.0067 0.1237 0.0013
84       84   (0)      9  : 0.8913 0.0000 0.0804 0.0270 0.0013
85       85   (0)      9  : 0.8730 0.0000 0.0030 0.1183 0.0057
86       86   (0)      9  : 0.8153 0.1190 0.0010 0.0607 0.0040
87       87   (0)      9  : 0.8102 0.0000 0.0010 0.1888 0.0000
88       88   (0)      9  : 0.8973 0.0000 0.0007 0.1020 0.0000
89       89   (0)      9  : 0.7733 0.1057 0.0000 0.1057 0.0153
90       90   (0)      9  : 0.8716 0.0444 0.0000 0.0840 0.0000
91       91   (0)     10  : 0.0227 0.0000 0.9353 0.0100 0.0320
92       92   (0)     10  : 0.0913 0.0000 0.9027 0.0023 0.0037
93       93   (0)     10  : 0.0047 0.0000 0.9853 0.0100 0.0000
94       94   (0)     10  : 0.0093 0.0000 0.9690 0.0210 0.0007
95       95   (0)     10  : 0.0030 0.0000 0.9757 0.0000 0.0213
96       96   (0)     10  : 0.0050 0.0000 0.9330 0.0313 0.0307
97       97   (0)     10  : 0.1037 0.0000 0.8343 0.0073 0.0547
98       98   (0)     10  : 0.0147 0.0000 0.9740 0.0107 0.0007
99       99   (0)     10  : 0.0010 0.1896 0.7861 0.0007 0.0227
100      100   (0)     10  : 0.0187 0.0000 0.9237 0.0120 0.0457
101      101   (0)     10  : 0.0003 0.1771 0.8106 0.0000 0.0120
102      102   (0)     10  : 0.0440 0.0000 0.9247 0.0047 0.0267
103      103   (0)     10  : 0.0183 0.0000 0.9793 0.0017 0.0007
