1        1   (0)      1  : 0.7948 0.0000 0.0000 0.0010 0.0814 0.0000 0.1228
2        2   (0)      1  : 0.5352 0.0000 0.0000 0.0010 0.1110 0.0000 0.3528
3        3   (0)      1  : 0.8813 0.0000 0.0020 0.0654 0.0254 0.0000 0.0260
4        4   (0)      1  : 0.7639 0.0000 0.0000 0.0033 0.0953 0.0000 0.1374
5        5   (0)      1  : 0.2262 0.0000 0.0000 0.0000 0.1808 0.0000 0.5929
6        6   (0)      1  : 0.5197 0.1017 0.0000 0.0003 0.1622 0.0000 0.2161
7        7   (0)      1  : 0.7125 0.0614 0.0000 0.0010 0.0984 0.0000 0.1267
8        8   (0)      1  : 0.7795 0.0000 0.0000 0.0043 0.0383 0.0000 0.1778
9        9   (0)      1  : 0.6896 0.0013 0.0000 0.0010 0.1253 0.0000 0.1828
10       10   (0)      1  : 0.1471 0.0000 0.0000 0.0000 0.0000 0.0000 0.8529
11       11   (0)      1  : 0.9093 0.0000 0.0190 0.0707 0.0007 0.0003 0.0000
12       12   (0)      1  : 0.4051 0.0000 0.0000 0.0020 0.0000 0.0000 0.5929
13       13   (0)      2  : 0.0000 1.0000 0.0000 0.0000 0.0000 0.0000 0.0000
14       14   (0)      2  : 0.0000 1.0000 0.0000 0.0000 0.0000 0.0000 0.0000
15       15   (0)      2  : 0.0000 1.0000 0.0000 0.0000 0.0000 0.0000 0.0000
16       16   (0)      3  : 0.0233 0.0000 0.0864 0.0010 0.0000 0.8893 0.0000
17       17   (0)      3  : 0.0003 0.0000 0.0010 0.0010 0.0000 0.9977 0.0000
18       18   (0)      3  : 0.0067 0.0000 0.0724 0.0013 0.0000 0.9196 0.0000
19       19   (0)      3  : 0.0000 0.0017 0.0000 0.0000 0.0157 0.5715 0.4111
20       20   (0)      3  : 0.0000 0.0213 0.0000 0.0000 0.0000 0.3623 0.6163
21       21   (0)      3  : 0.0864 0.0000 0.0434 0.0097 0.0003 0.8603 0.0000
22       22   (0)      3  : 0.0000 0.0000 0.0000 0.0000 0.0000 0.6844 0.3156
23       23   (0)      3  : 0.1251 0.0000 0.1111 0.0010 0.0000 0.7628 0.0000
24       24   (0)      3  : 0.0280 0.0000 0.0964 0.0227 0.0000 0.8529 0.0000
25       25   (0)      3  : 0.0023 0.0000 0.0070 0.0010 0.0003 0.8757 0.1137
26       26   (0)      3  : 0.0023 0.0000 0.0007 0.0043 0.0000 0.9927 0.0000
27       27   (0)      3  : 0.0017 0.0000 0.0000 0.0010 0.0000 0.9973 0.0000
28       28   (0)      4  : 0.9930 0.0000 0.0000 0.0070 0.0000 0.0000 0.0000
29       29   (0)      4  : 0.9990 0.0000 0.0000 0.0010 0.0000 0.0000 0.0000
30       30   (0)      4  : 0.9990 0.0000 0.0000 0.0010 0.0000 0.0000 0.0000
31       31   (0)      4  : 0.9553 0.0000 0.0007 0.0010 0.0000 0.0000 0.0430
32       32   (0)      4  : 0.9563 0.0010 0.0000 0.0017 0.0090 0.0000 0.0320
33       33   (0)      4  : 0.9990 0.0000 0.0000 0.0010 0.0000 0.0000 0.0000
34       34   (0)      4  : 1.0000 0.0000 0.0000 0.0000 0.0000 0.0000 0.0000
35       35   (0)      5  : 0.0057 0.0000 0.0000 0.9943 0.0000 0.0000 0.0000
36       36   (0)      5  : 0.0037 0.0000 0.0000 0.9963 0.0000 0.0000 0.0000
37       37   (0)      5  : 0.0023 0.0000 0.0007 0.9970 0.0000 0.0000 0.0000
38       38   (0)      5  : 0.0013 0.0000 0.0000 0.9987 0.0000 0.0000 0.0000
39       39   (0)      5  : 0.0010 0.0000 0.0000 0.9990 0.0000 0.0000 0.0000
40       40   (0)      5  : 0.0000 0.0000 0.0000 0.6679 0.0033 0.0000 0.3288
41       41   (0)      5  : 0.0013 0.0000 0.0003 0.9983 0.0000 0.0000 0.0000
42       42   (0)      5  : 0.0000 0.0000 0.0000 0.9143 0.0000 0.0000 0.0857
43       43   (0)      5  : 0.0427 0.0000 0.0000 0.9573 0.0000 0.0000 0.0000
44       44   (0)      5  : 0.0000 0.0000 0.0000 1.0000 0.0000 0.0000 0.0000
45       45   (0)      5  : 0.0117 0.0000 0.0000 0.9883 0.0000 0.0000 0.0000
46       46   (0)      5  : 0.0010 0.0000 0.0000 0.9990 0.0000 0.0000 0.0000
47       47   (0)      5  : 0.0010 0.0000 0.0000 0.9990 0.0000 0.0000 0.0000
48       48   (0)      6  : 0.9833 0.0000 0.0080 0.0000 0.0017 0.0070 0.0000
49       49   (0)      6  : 0.9973 0.0000 0.0003 0.0023 0.0000 0.0000 0.0000
50       50   (0)      6  : 0.9753 0.0000 0.0167 0.0067 0.0000 0.0013 0.0000
51       51   (0)      6  : 0.9853 0.0000 0.0037 0.0027 0.0083 0.0000 0.0000
52       52   (0)      6  : 0.9980 0.0000 0.0017 0.0003 0.0000 0.0000 0.0000
53       53   (0)      6  : 0.9920 0.0000 0.0003 0.0010 0.0000 0.0067 0.0000
54       54   (0)      6  : 0.9930 0.0000 0.0000 0.0063 0.0000 0.0007 0.0000
55       55   (0)      6  : 0.9993 0.0000 0.0000 0.0007 0.0000 0.0000 0.0000
56       56   (0)      6  : 0.9957 0.0000 0.0000 0.0030 0.0000 0.0013 0.0000
57       57   (0)      6  : 0.9980 0.0000 0.0000 0.0017 0.0003 0.0000 0.0000
58       58   (0)      6  : 0.0973 0.0000 0.3793 0.0037 0.5173 0.0023 0.0000
59       59   (0)      7  : 0.0060 0.0000 0.3370 0.0010 0.6547 0.0013 0.0000
60       60   (0)      7  : 0.0070 0.0000 0.3363 0.0007 0.6550 0.0010 0.0000
61       61   (0)      7  : 0.0140 0.0000 0.3407 0.0017 0.6437 0.0000 0.0000
62       62   (0)      7  : 0.0007 0.0000 0.3550 0.0000 0.6443 0.0000 0.0000
63       63   (0)      7  : 0.0097 0.0000 0.3317 0.0200 0.6387 0.0000 0.0000
64       64   (0)      7  : 0.0093 0.0000 0.3340 0.0020 0.6533 0.0013 0.0000
65       65   (0)      7  : 0.0501 0.0000 0.3227 0.0000 0.6273 0.0000 0.0000
66       66   (0)      8  : 0.5984 0.0000 0.0000 0.0577 0.0000 0.3439 0.0000
67       67   (0)      8  : 0.6218 0.0000 0.0000 0.0047 0.0000 0.3736 0.0000
68       68   (0)      8  : 0.5650 0.0000 0.0007 0.0007 0.0033 0.4113 0.0190
69       69   (0)      8  : 0.5734 0.0000 0.0000 0.0000 0.0000 0.4196 0.0070
70       70   (0)      8  : 0.6668 0.0000 0.0000 0.0000 0.0000 0.3332 0.0000
71       71   (0)      8  : 0.6683 0.0000 0.0000 0.0087 0.0000 0.3230 0.0000
72       72   (0)      8  : 0.5829 0.0000 0.0003 0.0000 0.0000 0.4168 0.0000
73       73   (0)      8  : 0.5023 0.0000 0.0000 0.0000 0.0007 0.3702 0.1268
74       74   (0)      8  : 0.5472 0.0000 0.0000 0.0000 0.0000 0.4041 0.0487
75       75   (0)      8  : 0.6017 0.0000 0.0000 0.0007 0.0000 0.3976 0.0000
76       76   (0)      8  : 0.6337 0.0000 0.0003 0.0010 0.0000 0.3650 0.0000
77       77   (0)      8  : 0.6249 0.0000 0.0000 0.0007 0.0000 0.3745 0.0000
78       78   (0)      9  : 0.7613 0.0000 0.1067 0.1193 0.0000 0.0000 0.0127
79       79   (0)      9  : 0.9073 0.0000 0.0017 0.0897 0.0000 0.0013 0.0000
80       80   (0)      9  : 0.9046 0.0000 0.0000 0.0954 0.0000 0.0000 0.0000
81       81   (0)      9  : 0.8063 0.0000 0.0010 0.0960 0.0087 0.0003 0.0877
82       82   (0)      9  : 0.8656 0.0113 0.0000 0.0824 0.0173 0.0143 0.0090
83       83   (0)      9  : 0.8800 0.0000 0.0097 0.1080 0.0013 0.0010 0.0000
84       84   (0)      9  : 0.8786 0.0000 0.1014 0.0193 0.0007 0.0000 0.0000
85       85   (0)      9  : 0.8833 0.0000 0.0033 0.1067 0.0067 0.0000 0.0000
86       86   (0)      9  : 0.7991 0.0110 0.0010 0.0487 0.0270 0.0000 0.1132
87       87   (0)      9  : 0.8320 0.0000 0.0007 0.1663 0.0000 0.0010 0.0000
88       88   (0)      9  : 0.9020 0.0000 0.0000 0.0970 0.0000 0.0010 0.0000
89       89   (0)      9  : 0.7622 0.0447 0.0000 0.0904 0.0414 0.0000 0.0613
90       90   (0)      9  : 0.8672 0.0000 0.0000 0.0734 0.0107 0.0000 0.0487
91       91   (0)     10  : 0.0417 0.0000 0.8229 0.0043 0.0200 0.1110 0.0000
92       92   (0)     10  : 0.1143 0.0000 0.8700 0.0013 0.0007 0.0137 0.0000
93       93   (0)     10  : 0.0443 0.0000 0.9527 0.0027 0.0000 0.0003 0.0000
94       94   (0)     10  : 0.0417 0.0000 0.9410 0.0037 0.0000 0.0137 0.0000
95       95   (0)     10  : 0.0434 0.0000 0.9560 0.0000 0.0007 0.0000 0.0000
96       96   (0)     10  : 0.0573 0.0000 0.9237 0.0093 0.0087 0.0010 0.0000
97       97   (0)     10  : 0.1157 0.0000 0.7740 0.0047 0.0283 0.0773 0.0000
98       98   (0)     10  : 0.0443 0.0000 0.9497 0.0053 0.0000 0.0007 0.0000
99       99   (0)     10  : 0.0053 0.0000 0.7766 0.0003 0.0003 0.0017 0.2157
100      100   (0)     10  : 0.0641 0.0000 0.9316 0.0027 0.0007 0.0010 0.0000
101      101   (0)     10  : 0.0007 0.0000 0.7793 0.0000 0.0007 0.0097 0.2097
102      102   (0)     10  : 0.0603 0.0000 0.9294 0.0010 0.0010 0.0083 0.0000
103      103   (0)     10  : 0.0543 0.0000 0.9393 0.0003 0.0000 0.0060 0.0000
