  1        1   (0)      1 :  0.2008 0.6600 0.0008 0.0000 0.0179 0.0013 0.0000 0.0000 0.0674 0.0000 0.0296 0.0199 0.0000 0.0022 
  2        2   (0)      1 :  0.4641 0.4226 0.0000 0.0000 0.0000 0.0007 0.0000 0.0000 0.0203 0.0000 0.0375 0.0494 0.0000 0.0053 
  3        3   (0)      1 :  0.0535 0.7579 0.0000 0.0011 0.0150 0.0656 0.0000 0.0000 0.0764 0.0000 0.0237 0.0065 0.0000 0.0003 
  4        4   (0)      1 :  0.2419 0.6288 0.0000 0.0000 0.0024 0.0055 0.0000 0.0000 0.0510 0.0000 0.0345 0.0251 0.0000 0.0107 
  5        5   (0)      1 :  0.8256 0.1106 0.0000 0.0000 0.0000 0.0000 0.0000 0.0001 0.0000 0.0000 0.0637 0.0000 0.0000 0.0000 
  6        6   (0)      1 :  0.0000 0.3624 0.0000 0.0000 0.0003 0.0001 0.0000 0.0000 0.0123 0.0000 0.6164 0.0007 0.0078 0.0000 
  7        7   (0)      1 :  0.0000 0.5810 0.0009 0.0000 0.0045 0.0014 0.0000 0.0000 0.0399 0.0000 0.3638 0.0046 0.0034 0.0005 
  8        8   (0)      1 :  0.1886 0.6480 0.0016 0.0003 0.0122 0.0029 0.0000 0.0017 0.0604 0.0008 0.0325 0.0435 0.0000 0.0074 
  9        9   (0)      1 :  0.1998 0.5615 0.0000 0.0000 0.0000 0.0005 0.0000 0.0000 0.0244 0.0000 0.2045 0.0092 0.0000 0.0000 
 10       10   (0)      1 :  0.0000 0.0971 0.0000 0.0000 0.0000 0.0000 0.0000 0.1554 0.0022 0.0000 0.0095 0.7358 0.0000 0.0001 
 11       11   (0)      1 :  0.0000 0.7581 0.0096 0.0221 0.0116 0.0719 0.0000 0.0000 0.1158 0.0000 0.0068 0.0024 0.0000 0.0017 
 12       12   (0)      1 :  0.1612 0.2867 0.0000 0.0000 0.0020 0.0012 0.0000 0.1214 0.0410 0.0000 0.0019 0.1047 0.0000 0.2800 
 13       13   (0)      2 :  0.0000 0.0000 0.0000 0.0000 0.0000 0.0000 0.0000 0.0000 0.0000 0.0000 0.0000 0.0000 1.0000 0.0000 
 14       14   (0)      2 :  0.0000 0.0000 0.0000 0.0000 0.0000 0.0000 0.0000 0.0000 0.0000 0.0000 0.0000 0.0000 1.0000 0.0000 
 15       15   (0)      2 :  0.0000 0.0000 0.0000 0.0000 0.0000 0.0000 0.0000 0.0000 0.0000 0.0000 0.0000 0.0000 1.0000 0.0000 
 16       16   (0)      3 :  0.0000 0.1851 0.0170 0.0508 0.0000 0.0001 0.0000 0.0000 0.0000 0.7470 0.0000 0.0000 0.0000 0.0000 
 17       17   (0)      3 :  0.0000 0.1517 0.0000 0.0000 0.0000 0.0000 0.0000 0.0000 0.0000 0.8483 0.0000 0.0000 0.0000 0.0000 
 18       18   (0)      3 :  0.0000 0.2048 0.0003 0.0366 0.0000 0.0004 0.0000 0.0303 0.0000 0.7276 0.0000 0.0000 0.0000 0.0000 
 19       19   (0)      3 :  0.0549 0.0496 0.0000 0.0000 0.0000 0.0000 0.0000 0.0482 0.0000 0.4505 0.0023 0.0127 0.0044 0.3774 
 20       20   (0)      3 :  0.0000 0.0050 0.0000 0.0000 0.0000 0.0000 0.0000 0.8185 0.0000 0.1765 0.0000 0.0000 0.0000 0.0000 
 21       21   (0)      3 :  0.0000 0.2461 0.0010 0.0073 0.0000 0.0018 0.0000 0.0000 0.0000 0.7438 0.0000 0.0000 0.0000 0.0000 
 22       22   (0)      3 :  0.0574 0.0590 0.0000 0.0000 0.0000 0.0000 0.0000 0.1827 0.0000 0.5911 0.0000 0.0090 0.0000 0.1008 
 23       23   (0)      3 :  0.0000 0.2969 0.0028 0.0606 0.0000 0.0000 0.0000 0.0000 0.0001 0.6397 0.0000 0.0000 0.0000 0.0000 
 24       24   (0)      3 :  0.0000 0.2280 0.0011 0.0273 0.0000 0.0023 0.0004 0.0000 0.0000 0.7409 0.0000 0.0000 0.0000 0.0000 
 25       25   (0)      3 :  0.0211 0.1410 0.0007 0.0021 0.0000 0.0000 0.0000 0.0398 0.0000 0.7474 0.0000 0.0127 0.0000 0.0351 
 26       26   (0)      3 :  0.0000 0.1660 0.0002 0.0000 0.0000 0.0008 0.0000 0.0000 0.0000 0.8330 0.0000 0.0000 0.0000 0.0000 
 27       27   (0)      3 :  0.0000 0.1517 0.0000 0.0000 0.0000 0.0001 0.0000 0.0000 0.0000 0.8482 0.0000 0.0000 0.0000 0.0000 
 28       28   (0)      4 :  0.0000 0.7564 0.0000 0.0000 0.0350 0.0010 0.0000 0.0000 0.1230 0.0000 0.0051 0.0000 0.0001 0.0794 
 29       29   (0)      4 :  0.0000 0.7899 0.0005 0.0000 0.0319 0.0006 0.0004 0.0000 0.1047 0.0000 0.0000 0.0000 0.0000 0.0720 
 30       30   (0)      4 :  0.0000 0.7804 0.0000 0.0000 0.0338 0.0001 0.0000 0.0000 0.1024 0.0000 0.0000 0.0000 0.0000 0.0832 
 31       31   (0)      4 :  0.0304 0.7161 0.0021 0.0010 0.0355 0.0000 0.0000 0.0011 0.1362 0.0000 0.0000 0.0000 0.0000 0.0776 
 32       32   (0)      4 :  0.0207 0.6825 0.0000 0.0000 0.0548 0.0010 0.0000 0.0000 0.1335 0.0000 0.0000 0.0000 0.0012 0.1062 
 33       33   (0)      4 :  0.0000 0.7721 0.0000 0.0000 0.0335 0.0009 0.0000 0.0000 0.1133 0.0000 0.0000 0.0000 0.0000 0.0802 
 34       34   (0)      4 :  0.0000 0.7733 0.0000 0.0000 0.0358 0.0000 0.0000 0.0000 0.1052 0.0000 0.0000 0.0000 0.0000 0.0857 
 35       35   (0)      5 :  0.0000 0.0230 0.0000 0.0000 0.0000 0.9770 0.0000 0.0000 0.0000 0.0000 0.0000 0.0000 0.0000 0.0000 
 36       36   (0)      5 :  0.0000 0.0142 0.0000 0.0000 0.0000 0.9855 0.0000 0.0000 0.0001 0.0000 0.0000 0.0000 0.0000 0.0002 
 37       37   (0)      5 :  0.0000 0.0122 0.0000 0.0000 0.0000 0.9878 0.0000 0.0000 0.0000 0.0000 0.0000 0.0000 0.0000 0.0000 
 38       38   (0)      5 :  0.0000 0.0068 0.0000 0.0000 0.0000 0.9929 0.0000 0.0000 0.0003 0.0000 0.0000 0.0000 0.0000 0.0000 
 39       39   (0)      5 :  0.0000 0.0126 0.0000 0.0000 0.0000 0.9874 0.0000 0.0000 0.0000 0.0000 0.0000 0.0000 0.0000 0.0000 
 40       40   (0)      5 :  0.1603 0.0000 0.0000 0.0000 0.0000 0.6225 0.0000 0.0240 0.0000 0.0000 0.0000 0.0504 0.0000 0.1428 
 41       41   (0)      5 :  0.0000 0.0263 0.0000 0.0000 0.0000 0.9737 0.0000 0.0000 0.0000 0.0000 0.0000 0.0000 0.0000 0.0000 
 42       42   (0)      5 :  0.0164 0.0000 0.0000 0.0000 0.0022 0.9045 0.0000 0.0087 0.0000 0.0000 0.0000 0.0005 0.0000 0.0676 
 43       43   (0)      5 :  0.0000 0.0685 0.0000 0.0000 0.0000 0.9313 0.0000 0.0000 0.0002 0.0000 0.0000 0.0000 0.0000 0.0000 
 44       44   (0)      5 :  0.0000 0.0062 0.0000 0.0000 0.0000 0.9938 0.0000 0.0000 0.0000 0.0000 0.0000 0.0000 0.0000 0.0000 
 45       45   (0)      5 :  0.0000 0.0185 0.0000 0.0000 0.0001 0.9809 0.0000 0.0000 0.0003 0.0000 0.0000 0.0000 0.0000 0.0002 
 46       46   (0)      5 :  0.0000 0.0105 0.0000 0.0000 0.0000 0.9895 0.0000 0.0000 0.0000 0.0000 0.0000 0.0000 0.0000 0.0000 
 47       47   (0)      5 :  0.0000 0.0098 0.0000 0.0000 0.0000 0.9902 0.0000 0.0000 0.0000 0.0000 0.0000 0.0000 0.0000 0.0000 
 48       48   (0)      6 :  0.0000 0.7180 0.0019 0.0017 0.0000 0.0000 0.0006 0.0000 0.2751 0.0026 0.0000 0.0000 0.0000 0.0001 
 49       49   (0)      6 :  0.0000 0.7370 0.0000 0.0000 0.0028 0.0020 0.0001 0.0000 0.2508 0.0000 0.0000 0.0000 0.0000 0.0073 
 50       50   (0)      6 :  0.0000 0.7150 0.0026 0.0113 0.0000 0.0052 0.0000 0.0000 0.2624 0.0004 0.0000 0.0000 0.0000 0.0031 
 51       51   (0)      6 :  0.0000 0.7279 0.0000 0.0000 0.0000 0.0009 0.0018 0.0000 0.2693 0.0000 0.0000 0.0000 0.0000 0.0001 
 52       52   (0)      6 :  0.0000 0.7511 0.0004 0.0016 0.0000 0.0002 0.0000 0.0000 0.2466 0.0000 0.0000 0.0000 0.0000 0.0001 
 53       53   (0)      6 :  0.0000 0.7429 0.0003 0.0000 0.0000 0.0002 0.0000 0.0000 0.2480 0.0035 0.0000 0.0000 0.0000 0.0051 
 54       54   (0)      6 :  0.0000 0.7578 0.0016 0.0000 0.0001 0.0019 0.0000 0.0000 0.2379 0.0000 0.0000 0.0000 0.0000 0.0007 
 55       55   (0)      6 :  0.0000 0.7170 0.0029 0.0000 0.0001 0.0009 0.0000 0.0000 0.2708 0.0000 0.0000 0.0000 0.0000 0.0083 
 56       56   (0)      6 :  0.0000 0.6664 0.0970 0.0000 0.0000 0.0017 0.0000 0.0000 0.2336 0.0000 0.0012 0.0000 0.0000 0.0002 
 57       57   (0)      6 :  0.0000 0.7153 0.0000 0.0000 0.0001 0.0020 0.0000 0.0002 0.2823 0.0000 0.0000 0.0000 0.0000 0.0001 
 58       58   (0)      6 :  0.0000 0.2345 0.0008 0.0643 0.0000 0.0018 0.6972 0.0000 0.0000 0.0013 0.0000 0.0000 0.0000 0.0000 
 59       59   (0)      7 :  0.0000 0.1453 0.0000 0.0013 0.0000 0.0002 0.8524 0.0000 0.0000 0.0008 0.0000 0.0000 0.0000 0.0000 
 60       60   (0)      7 :  0.0000 0.1561 0.0000 0.0007 0.0000 0.0000 0.8422 0.0000 0.0000 0.0010 0.0000 0.0000 0.0000 0.0000 
 61       61   (0)      7 :  0.0000 0.1373 0.0002 0.0031 0.0000 0.0004 0.8588 0.0000 0.0002 0.0000 0.0000 0.0000 0.0000 0.0000 
 62       62   (0)      7 :  0.0000 0.1224 0.0000 0.0147 0.0000 0.0001 0.8627 0.0000 0.0000 0.0000 0.0000 0.0000 0.0000 0.0000 
 63       63   (0)      7 :  0.0000 0.1342 0.0002 0.0012 0.0000 0.0078 0.8566 0.0000 0.0000 0.0000 0.0000 0.0000 0.0000 0.0000 
 64       64   (0)      7 :  0.0000 0.1429 0.0007 0.0001 0.0000 0.0005 0.8557 0.0000 0.0000 0.0001 0.0000 0.0000 0.0000 0.0000 
 65       65   (0)      7 :  0.0000 0.1602 0.0003 0.0034 0.0000 0.0000 0.8360 0.0000 0.0000 0.0001 0.0000 0.0000 0.0000 0.0000 
 66       66   (0)      8 :  0.0000 0.3443 0.6244 0.0000 0.0000 0.0258 0.0000 0.0000 0.0022 0.0032 0.0000 0.0000 0.0000 0.0000 
 67       67   (0)      8 :  0.0000 0.1949 0.8047 0.0000 0.0000 0.0004 0.0000 0.0000 0.0000 0.0000 0.0000 0.0000 0.0000 0.0000 
 68       68   (0)      8 :  0.0002 0.2176 0.7818 0.0004 0.0000 0.0000 0.0000 0.0000 0.0000 0.0000 0.0000 0.0000 0.0000 0.0000 
 69       69   (0)      8 :  0.0000 0.2274 0.7726 0.0000 0.0000 0.0000 0.0000 0.0000 0.0000 0.0000 0.0000 0.0000 0.0000 0.0000 
 70       70   (0)      8 :  0.0000 0.3037 0.6963 0.0000 0.0000 0.0000 0.0000 0.0000 0.0000 0.0000 0.0000 0.0000 0.0000 0.0000 
 71       71   (0)      8 :  0.0000 0.3244 0.6617 0.0000 0.0000 0.0099 0.0000 0.0000 0.0032 0.0000 0.0000 0.0000 0.0000 0.0008 
 72       72   (0)      8 :  0.0000 0.2498 0.7489 0.0005 0.0000 0.0003 0.0000 0.0000 0.0000 0.0005 0.0000 0.0000 0.0000 0.0000 
 73       73   (0)      8 :  0.0980 0.1841 0.6686 0.0000 0.0000 0.0000 0.0000 0.0068 0.0000 0.0000 0.0000 0.0046 0.0000 0.0379 
 74       74   (0)      8 :  0.0047 0.2247 0.7303 0.0000 0.0000 0.0000 0.0000 0.0047 0.0007 0.0013 0.0000 0.0014 0.0000 0.0321 
 75       75   (0)      8 :  0.0000 0.2963 0.7010 0.0000 0.0000 0.0014 0.0000 0.0000 0.0003 0.0010 0.0000 0.0000 0.0000 0.0000 
 76       76   (0)      8 :  0.0000 0.3258 0.6559 0.0010 0.0000 0.0023 0.0000 0.0000 0.0123 0.0027 0.0000 0.0000 0.0000 0.0000 
 77       77   (0)      8 :  0.0000 0.2414 0.7579 0.0000 0.0000 0.0007 0.0000 0.0000 0.0000 0.0000 0.0000 0.0000 0.0000 0.0000 
 78       78   (0)      9 :  0.0000 0.6737 0.0006 0.0124 0.1826 0.0671 0.0000 0.0001 0.0611 0.0000 0.0000 0.0000 0.0000 0.0024 
 79       79   (0)      9 :  0.0000 0.7379 0.0003 0.0006 0.0995 0.0784 0.0000 0.0000 0.0829 0.0001 0.0000 0.0000 0.0000 0.0003 
 80       80   (0)      9 :  0.0000 0.7541 0.0000 0.0000 0.1243 0.0510 0.0000 0.0000 0.0706 0.0000 0.0000 0.0000 0.0000 0.0000 
 81       81   (0)      9 :  0.0004 0.6374 0.0000 0.0001 0.2644 0.0421 0.0000 0.0000 0.0449 0.0000 0.0000 0.0009 0.0000 0.0097 
 82       82   (0)      9 :  0.0000 0.6822 0.0137 0.0000 0.1661 0.0667 0.0000 0.0000 0.0539 0.0001 0.0057 0.0000 0.0000 0.0116 
 83       83   (0)      9 :  0.0000 0.7247 0.0121 0.0018 0.0938 0.0989 0.0000 0.0000 0.0687 0.0000 0.0000 0.0000 0.0000 0.0000 
 84       84   (0)      9 :  0.0000 0.7820 0.0008 0.0179 0.1270 0.0033 0.0002 0.0000 0.0682 0.0000 0.0000 0.0000 0.0000 0.0006 
 85       85   (0)      9 :  0.0000 0.7668 0.0001 0.0003 0.0689 0.0861 0.0053 0.0000 0.0718 0.0004 0.0000 0.0000 0.0000 0.0003 
 86       86   (0)      9 :  0.0284 0.6150 0.0002 0.0005 0.2676 0.0063 0.0001 0.0027 0.0581 0.0001 0.0132 0.0038 0.0030 0.0010 
 87       87   (0)      9 :  0.0000 0.7025 0.0001 0.0001 0.0891 0.1368 0.0000 0.0000 0.0713 0.0001 0.0000 0.0000 0.0000 0.0000 
 88       88   (0)      9 :  0.0000 0.7339 0.0010 0.0000 0.0762 0.0885 0.0000 0.0000 0.0997 0.0001 0.0000 0.0000 0.0000 0.0006 
 89       89   (0)      9 :  0.0000 0.6315 0.0000 0.0000 0.2019 0.0390 0.0000 0.0000 0.0295 0.0000 0.0881 0.0000 0.0083 0.0016 
 90       90   (0)      9 :  0.0000 0.7291 0.0000 0.0000 0.1856 0.0138 0.0000 0.0000 0.0646 0.0000 0.0008 0.0000 0.0000 0.0060 
 91       91   (0)     10 :  0.0000 0.1865 0.0007 0.7024 0.0000 0.0014 0.0219 0.0000 0.0004 0.0867 0.0000 0.0000 0.0000 0.0000 
 92       92   (0)     10 :  0.0000 0.2439 0.0057 0.7446 0.0000 0.0009 0.0011 0.0000 0.0002 0.0036 0.0000 0.0000 0.0000 0.0000 
 93       93   (0)     10 :  0.0000 0.1806 0.0000 0.8181 0.0000 0.0011 0.0000 0.0000 0.0000 0.0002 0.0000 0.0000 0.0000 0.0000 
 94       94   (0)     10 :  0.0000 0.1863 0.0000 0.8080 0.0000 0.0030 0.0000 0.0000 0.0000 0.0027 0.0000 0.0000 0.0000 0.0000 
 95       95   (0)     10 :  0.0000 0.1984 0.0000 0.8013 0.0000 0.0000 0.0003 0.0000 0.0000 0.0000 0.0000 0.0000 0.0000 0.0000 
 96       96   (0)     10 :  0.0000 0.2087 0.0005 0.7829 0.0000 0.0014 0.0064 0.0000 0.0000 0.0001 0.0000 0.0000 0.0000 0.0000 
 97       97   (0)     10 :  0.0000 0.2279 0.0000 0.6596 0.0002 0.0021 0.0292 0.0000 0.0014 0.0796 0.0000 0.0000 0.0000 0.0000 
 98       98   (0)     10 :  0.0000 0.1799 0.0000 0.8176 0.0000 0.0025 0.0000 0.0000 0.0000 0.0000 0.0000 0.0000 0.0000 0.0000 
 99       99   (0)     10 :  0.0670 0.0885 0.0000 0.6756 0.0000 0.0000 0.0000 0.0479 0.0001 0.0010 0.0000 0.0569 0.0000 0.0631 
100      100   (0)     10 :  0.0000 0.2141 0.0001 0.7851 0.0000 0.0007 0.0000 0.0000 0.0000 0.0000 0.0000 0.0000 0.0000 0.0000 
101      101   (0)     10 :  0.0410 0.0969 0.0000 0.6812 0.0000 0.0000 0.0009 0.0187 0.0000 0.0001 0.0000 0.0320 0.0000 0.1291 
102      102   (0)     10 :  0.0000 0.2100 0.0028 0.7855 0.0002 0.0003 0.0007 0.0000 0.0002 0.0003 0.0000 0.0000 0.0000 0.0000 
103      103   (0)     10 :  0.0000 0.1978 0.0000 0.7987 0.0000 0.0000 0.0000 0.0000 0.0000 0.0035 0.0000 0.0000 0.0000 0.0000 
