1        1   (0)      1  : 0.8634 0.1321 0.0000 0.0020 0.0025
2        2   (0)      1  : 0.6693 0.3282 0.0000 0.0020 0.0005
3        3   (0)      1  : 0.9500 0.0000 0.0020 0.0480 0.0000
4        4   (0)      1  : 0.8515 0.1430 0.0000 0.0045 0.0010
5        5   (0)      1  : 0.4227 0.5773 0.0000 0.0000 0.0000
6        6   (0)      1  : 0.6370 0.3615 0.0000 0.0005 0.0010
7        7   (0)      1  : 0.7820 0.2150 0.0000 0.0020 0.0010
8        8   (0)      1  : 0.8381 0.1514 0.0010 0.0040 0.0055
9        9   (0)      1  : 0.7889 0.2036 0.0000 0.0060 0.0015
10       10   (0)      1  : 0.2893 0.7107 0.0000 0.0000 0.0000
11       11   (0)      1  : 0.9070 0.0000 0.0015 0.0805 0.0110
12       12   (0)      1  : 0.4967 0.4977 0.0000 0.0055 0.0000
13       13   (0)      2  : 0.0000 1.0000 0.0000 0.0000 0.0000
14       14   (0)      2  : 0.0000 1.0000 0.0000 0.0000 0.0000
15       15   (0)      2  : 0.0000 1.0000 0.0000 0.0000 0.0000
16       16   (0)      3  : 0.0000 0.0215 0.7007 0.0005 0.2773
17       17   (0)      3  : 0.0000 0.0260 0.7259 0.0010 0.2471
18       18   (0)      3  : 0.0005 0.0005 0.7639 0.0005 0.2346
19       19   (0)      3  : 0.0000 0.4070 0.4570 0.0000 0.1360
20       20   (0)      3  : 0.0000 0.6148 0.3842 0.0000 0.0010
21       21   (0)      3  : 0.0015 0.0000 0.7445 0.0030 0.2510
22       22   (0)      3  : 0.0000 0.2951 0.5323 0.0000 0.1726
23       23   (0)      3  : 0.0010 0.0000 0.7689 0.0010 0.2291
24       24   (0)      3  : 0.0010 0.0000 0.7615 0.0105 0.2270
25       25   (0)      3  : 0.0005 0.1014 0.6732 0.0010 0.2239
26       26   (0)      3  : 0.0010 0.0000 0.8086 0.0060 0.1844
27       27   (0)      3  : 0.0005 0.0470 0.7279 0.0010 0.2236
28       28   (0)      4  : 0.9930 0.0000 0.0000 0.0070 0.0000
29       29   (0)      4  : 0.9980 0.0000 0.0005 0.0010 0.0005
30       30   (0)      4  : 0.9985 0.0000 0.0000 0.0015 0.0000
31       31   (0)      4  : 0.9845 0.0100 0.0010 0.0010 0.0035
32       32   (0)      4  : 0.9740 0.0245 0.0000 0.0015 0.0000
33       33   (0)      4  : 0.9985 0.0000 0.0000 0.0010 0.0005
34       34   (0)      4  : 1.0000 0.0000 0.0000 0.0000 0.0000
35       35   (0)      5  : 0.0035 0.0000 0.0000 0.9965 0.0000
36       36   (0)      5  : 0.0030 0.0000 0.0000 0.9970 0.0000
37       37   (0)      5  : 0.0035 0.0000 0.0000 0.9955 0.0010
38       38   (0)      5  : 0.0015 0.0000 0.0000 0.9975 0.0010
39       39   (0)      5  : 0.0005 0.0000 0.0000 0.9985 0.0010
40       40   (0)      5  : 0.0000 0.2870 0.0000 0.7130 0.0000
41       41   (0)      5  : 0.0015 0.0000 0.0000 0.9975 0.0010
42       42   (0)      5  : 0.0000 0.0730 0.0000 0.9270 0.0000
43       43   (0)      5  : 0.0330 0.0000 0.0000 0.9660 0.0010
44       44   (0)      5  : 0.0000 0.0000 0.0000 1.0000 0.0000
45       45   (0)      5  : 0.0095 0.0000 0.0000 0.9905 0.0000
46       46   (0)      5  : 0.0010 0.0000 0.0000 0.9990 0.0000
47       47   (0)      5  : 0.0020 0.0000 0.0000 0.9980 0.0000
48       48   (0)      6  : 0.9755 0.0000 0.0180 0.0000 0.0065
49       49   (0)      6  : 0.9910 0.0000 0.0010 0.0070 0.0010
50       50   (0)      6  : 0.9505 0.0000 0.0035 0.0225 0.0235
51       51   (0)      6  : 0.9900 0.0000 0.0040 0.0050 0.0010
52       52   (0)      6  : 0.9940 0.0000 0.0010 0.0010 0.0040
53       53   (0)      6  : 0.9940 0.0000 0.0020 0.0020 0.0020
54       54   (0)      6  : 0.9790 0.0000 0.0000 0.0120 0.0090
55       55   (0)      6  : 0.9925 0.0000 0.0000 0.0025 0.0050
56       56   (0)      6  : 0.8800 0.0000 0.0000 0.0030 0.1170
57       57   (0)      6  : 0.9915 0.0000 0.0000 0.0075 0.0010
58       58   (0)      6  : 0.0095 0.0000 0.9880 0.0015 0.0010
59       59   (0)      7  : 0.0000 0.0000 0.9990 0.0010 0.0000
60       60   (0)      7  : 0.0010 0.0000 0.9990 0.0000 0.0000
61       61   (0)      7  : 0.0020 0.0000 0.9960 0.0010 0.0010
62       62   (0)      7  : 0.0000 0.0000 1.0000 0.0000 0.0000
63       63   (0)      7  : 0.0010 0.0000 0.9935 0.0045 0.0010
64       64   (0)      7  : 0.0005 0.0000 0.9985 0.0000 0.0010
65       65   (0)      7  : 0.0160 0.0000 0.9825 0.0005 0.0010
66       66   (0)      8  : 0.0945 0.0000 0.0005 0.0575 0.8475
67       67   (0)      8  : 0.0020 0.0000 0.0000 0.0025 0.9955
68       68   (0)      8  : 0.0025 0.0000 0.0025 0.0010 0.9940
69       69   (0)      8  : 0.0015 0.0000 0.0000 0.0000 0.9985
70       70   (0)      8  : 0.0575 0.0000 0.0000 0.0010 0.9415
71       71   (0)      8  : 0.1145 0.0000 0.0000 0.0175 0.8680
72       72   (0)      8  : 0.0090 0.0000 0.0020 0.0025 0.9865
73       73   (0)      8  : 0.0290 0.1029 0.0000 0.0010 0.8671
74       74   (0)      8  : 0.0050 0.0000 0.0010 0.0010 0.9930
75       75   (0)      8  : 0.0780 0.0000 0.0010 0.0035 0.9175
76       76   (0)      8  : 0.1316 0.0000 0.0010 0.0070 0.8604
77       77   (0)      8  : 0.0455 0.0000 0.0015 0.0040 0.9490
78       78   (0)      9  : 0.8514 0.0000 0.0175 0.1261 0.0050
79       79   (0)      9  : 0.9025 0.0000 0.0045 0.0900 0.0030
80       80   (0)      9  : 0.9045 0.0000 0.0000 0.0955 0.0000
81       81   (0)      9  : 0.8309 0.0675 0.0015 0.0895 0.0105
82       82   (0)      9  : 0.8289 0.0280 0.0000 0.0875 0.0555
83       83   (0)      9  : 0.8500 0.0000 0.0065 0.1235 0.0200
84       84   (0)      9  : 0.9265 0.0000 0.0635 0.0080 0.0020
85       85   (0)      9  : 0.8740 0.0000 0.0035 0.1215 0.0010
86       86   (0)      9  : 0.8359 0.1171 0.0010 0.0450 0.0010
87       87   (0)      9  : 0.8160 0.0000 0.0010 0.1820 0.0010
88       88   (0)      9  : 0.8924 0.0000 0.0000 0.0990 0.0085
89       89   (0)      9  : 0.7959 0.1151 0.0000 0.0885 0.0005
90       90   (0)      9  : 0.8924 0.0350 0.0000 0.0715 0.0010
91       91   (0)     10  : 0.0315 0.0000 0.9195 0.0190 0.0300
92       92   (0)     10  : 0.0160 0.0000 0.9005 0.0050 0.0785
93       93   (0)     10  : 0.0125 0.0000 0.9730 0.0135 0.0010
94       94   (0)     10  : 0.0050 0.0000 0.9780 0.0150 0.0020
95       95   (0)     10  : 0.0020 0.0000 0.9965 0.0005 0.0010
96       96   (0)     10  : 0.0025 0.0000 0.9490 0.0440 0.0045
97       97   (0)     10  : 0.1095 0.0000 0.8755 0.0075 0.0075
98       98   (0)     10  : 0.0145 0.0000 0.9690 0.0075 0.0090
99       99   (0)     10  : 0.0015 0.1900 0.8070 0.0005 0.0010
100      100   (0)     10  : 0.0275 0.0000 0.9630 0.0080 0.0015
101      101   (0)     10  : 0.0005 0.1795 0.8190 0.0000 0.0010
102      102   (0)     10  : 0.0375 0.0000 0.9370 0.0035 0.0220
103      103   (0)     10  : 0.0185 0.0000 0.9725 0.0010 0.0080
