1        1   (0)      1  : 0.7391 0.0000 0.0000 0.0005 0.0000 0.0010 0.0000 0.2569 0.0000 0.0000 0.0015 0.0010 0.0000 0.0000 0.0000
2        2   (0)      1  : 0.4231 0.0000 0.0000 0.0000 0.0000 0.0000 0.0000 0.5413 0.0000 0.0000 0.0000 0.0350 0.0000 0.0000 0.0005
3        3   (0)      1  : 0.8565 0.0000 0.0020 0.0685 0.0000 0.0000 0.0000 0.0670 0.0000 0.0000 0.0055 0.0005 0.0000 0.0000 0.0000
4        4   (0)      1  : 0.6923 0.0000 0.0000 0.0020 0.0000 0.0000 0.0000 0.3042 0.0000 0.0000 0.0000 0.0005 0.0000 0.0010 0.0000
5        5   (0)      1  : 0.0405 0.0000 0.0000 0.0000 0.0000 0.0000 0.0000 0.9595 0.0000 0.0000 0.0000 0.0000 0.0000 0.0000 0.0000
6        6   (0)      1  : 0.3709 0.0000 0.0000 0.0000 0.0000 0.0000 0.0000 0.0000 0.0000 0.0000 0.6291 0.0000 0.0000 0.0000 0.0000
7        7   (0)      1  : 0.6311 0.0000 0.0000 0.0005 0.0000 0.0015 0.0010 0.0000 0.0000 0.0000 0.3649 0.0000 0.0000 0.0000 0.0010
8        8   (0)      1  : 0.7092 0.0000 0.0010 0.0030 0.0000 0.0020 0.0245 0.2177 0.0020 0.0000 0.0110 0.0005 0.0000 0.0025 0.0265
9        9   (0)      1  : 0.5807 0.0000 0.0000 0.0005 0.0000 0.0000 0.0000 0.2520 0.0000 0.0000 0.1663 0.0000 0.0000 0.0000 0.0005
10       10   (0)      1  : 0.1011 0.0000 0.0000 0.0000 0.0000 0.0000 0.8989 0.0000 0.0000 0.0000 0.0000 0.0000 0.0000 0.0000 0.0000
11       11   (0)      1  : 0.8979 0.0000 0.0225 0.0671 0.0000 0.0095 0.0000 0.0000 0.0000 0.0000 0.0025 0.0000 0.0000 0.0005 0.0000
12       12   (0)      1  : 0.1391 0.0000 0.0000 0.0000 0.0000 0.0000 0.0000 0.0000 0.0000 0.0000 0.0000 0.0000 0.0000 0.0000 0.8609
13       13   (0)      2  : 0.0000 1.0000 0.0000 0.0000 0.0000 0.0000 0.0000 0.0000 0.0000 0.0000 0.0000 0.0000 0.0000 0.0000 0.0000
14       14   (0)      2  : 0.0000 1.0000 0.0000 0.0000 0.0000 0.0000 0.0000 0.0000 0.0000 0.0000 0.0000 0.0000 0.0000 0.0000 0.0000
15       15   (0)      2  : 0.0000 1.0000 0.0000 0.0000 0.0000 0.0000 0.0000 0.0000 0.0000 0.0000 0.0000 0.0000 0.0000 0.0000 0.0000
16       16   (0)      3  : 0.0020 0.0000 0.0865 0.0005 0.0000 0.0405 0.0000 0.0000 0.8705 0.0000 0.0000 0.0000 0.0000 0.0000 0.0000
17       17   (0)      3  : 0.0000 0.0000 0.0000 0.0000 0.0000 0.0000 0.0000 0.0000 1.0000 0.0000 0.0000 0.0000 0.0000 0.0000 0.0000
18       18   (0)      3  : 0.0060 0.0000 0.0890 0.0005 0.0000 0.0015 0.0000 0.0000 0.8665 0.0365 0.0000 0.0000 0.0000 0.0000 0.0000
19       19   (0)      3  : 0.0000 0.0000 0.0000 0.0000 0.0000 0.0000 0.0010 0.0025 0.3701 0.0005 0.0000 0.0000 0.6248 0.0000 0.0010
20       20   (0)      3  : 0.0000 0.0000 0.0000 0.0000 0.0000 0.0000 0.0000 0.0000 0.1336 0.8664 0.0000 0.0000 0.0000 0.0000 0.0000
21       21   (0)      3  : 0.0655 0.0000 0.0325 0.0175 0.0000 0.0015 0.0000 0.0000 0.8829 0.0000 0.0000 0.0000 0.0000 0.0000 0.0000
22       22   (0)      3  : 0.0000 0.0000 0.0000 0.0000 0.0000 0.0000 0.0000 0.0070 0.6239 0.1688 0.0000 0.0666 0.1337 0.0000 0.0000
23       23   (0)      3  : 0.1166 0.0000 0.1016 0.0005 0.0000 0.0065 0.0000 0.0000 0.7748 0.0000 0.0000 0.0000 0.0000 0.0000 0.0000
24       24   (0)      3  : 0.0330 0.0000 0.0831 0.0050 0.0000 0.0050 0.0000 0.0000 0.8739 0.0000 0.0000 0.0000 0.0000 0.0000 0.0000
25       25   (0)      3  : 0.0010 0.0000 0.0040 0.0000 0.0000 0.0010 0.0235 0.0245 0.8744 0.0265 0.0000 0.0180 0.0270 0.0000 0.0000
26       26   (0)      3  : 0.0005 0.0000 0.0000 0.0010 0.0000 0.0005 0.0000 0.0000 0.9980 0.0000 0.0000 0.0000 0.0000 0.0000 0.0000
27       27   (0)      3  : 0.0005 0.0000 0.0000 0.0000 0.0000 0.0000 0.0000 0.0000 0.9995 0.0000 0.0000 0.0000 0.0000 0.0000 0.0000
28       28   (0)      4  : 0.6527 0.0000 0.0000 0.0005 0.0000 0.0000 0.0000 0.0000 0.0000 0.0000 0.0000 0.0000 0.0000 0.3468 0.0000
29       29   (0)      4  : 0.6792 0.0000 0.0000 0.0000 0.0000 0.0000 0.0000 0.0000 0.0000 0.0000 0.0000 0.0000 0.0000 0.3208 0.0000
30       30   (0)      4  : 0.6582 0.0000 0.0000 0.0005 0.0000 0.0000 0.0000 0.0000 0.0000 0.0000 0.0000 0.0000 0.0000 0.3413 0.0000
31       31   (0)      4  : 0.6389 0.0000 0.0005 0.0005 0.0000 0.0005 0.0000 0.0140 0.0000 0.0000 0.0000 0.0000 0.0000 0.3457 0.0000
32       32   (0)      4  : 0.5435 0.0000 0.0000 0.0015 0.0000 0.0000 0.0000 0.0000 0.0000 0.0000 0.0000 0.0000 0.0000 0.4550 0.0000
33       33   (0)      4  : 0.6523 0.0000 0.0000 0.0010 0.0000 0.0000 0.0000 0.0000 0.0000 0.0000 0.0000 0.0000 0.0000 0.3467 0.0000
34       34   (0)      4  : 0.6336 0.0000 0.0000 0.0000 0.0000 0.0000 0.0000 0.0000 0.0000 0.0000 0.0000 0.0000 0.0000 0.3664 0.0000
35       35   (0)      5  : 0.0025 0.0000 0.0000 0.9975 0.0000 0.0000 0.0000 0.0000 0.0000 0.0000 0.0000 0.0000 0.0000 0.0000 0.0000
36       36   (0)      5  : 0.0025 0.0000 0.0000 0.9975 0.0000 0.0000 0.0000 0.0000 0.0000 0.0000 0.0000 0.0000 0.0000 0.0000 0.0000
37       37   (0)      5  : 0.0010 0.0000 0.0000 0.9990 0.0000 0.0000 0.0000 0.0000 0.0000 0.0000 0.0000 0.0000 0.0000 0.0000 0.0000
38       38   (0)      5  : 0.0010 0.0000 0.0000 0.9990 0.0000 0.0000 0.0000 0.0000 0.0000 0.0000 0.0000 0.0000 0.0000 0.0000 0.0000
39       39   (0)      5  : 0.0000 0.0000 0.0000 1.0000 0.0000 0.0000 0.0000 0.0000 0.0000 0.0000 0.0000 0.0000 0.0000 0.0000 0.0000
40       40   (0)      5  : 0.0000 0.0000 0.0000 0.5992 0.0000 0.0000 0.0135 0.1100 0.0000 0.0105 0.0000 0.1688 0.0605 0.0000 0.0375
41       41   (0)      5  : 0.0010 0.0000 0.0000 0.9990 0.0000 0.0000 0.0000 0.0000 0.0000 0.0000 0.0000 0.0000 0.0000 0.0000 0.0000
42       42   (0)      5  : 0.0000 0.0000 0.0000 0.8949 0.0000 0.0000 0.0000 0.0000 0.0000 0.0000 0.0000 0.0000 0.1051 0.0000 0.0000
43       43   (0)      5  : 0.0415 0.0000 0.0000 0.9585 0.0000 0.0000 0.0000 0.0000 0.0000 0.0000 0.0000 0.0000 0.0000 0.0000 0.0000
44       44   (0)      5  : 0.0000 0.0000 0.0000 1.0000 0.0000 0.0000 0.0000 0.0000 0.0000 0.0000 0.0000 0.0000 0.0000 0.0000 0.0000
45       45   (0)      5  : 0.0035 0.0000 0.0000 0.9950 0.0000 0.0000 0.0000 0.0000 0.0000 0.0000 0.0000 0.0000 0.0000 0.0015 0.0000
46       46   (0)      5  : 0.0000 0.0000 0.0000 1.0000 0.0000 0.0000 0.0000 0.0000 0.0000 0.0000 0.0000 0.0000 0.0000 0.0000 0.0000
47       47   (0)      5  : 0.0005 0.0000 0.0000 0.9995 0.0000 0.0000 0.0000 0.0000 0.0000 0.0000 0.0000 0.0000 0.0000 0.0000 0.0000
48       48   (0)      6  : 0.9820 0.0000 0.0050 0.0000 0.0020 0.0055 0.0000 0.0000 0.0050 0.0000 0.0000 0.0000 0.0000 0.0005 0.0000
49       49   (0)      6  : 0.9670 0.0000 0.0000 0.0025 0.0000 0.0000 0.0000 0.0000 0.0000 0.0000 0.0000 0.0000 0.0000 0.0305 0.0000
50       50   (0)      6  : 0.9475 0.0000 0.0250 0.0050 0.0000 0.0095 0.0000 0.0000 0.0000 0.0000 0.0000 0.0000 0.0000 0.0130 0.0000
51       51   (0)      6  : 0.9890 0.0000 0.0000 0.0010 0.0080 0.0000 0.0000 0.0000 0.0000 0.0000 0.0000 0.0000 0.0000 0.0020 0.0000
52       52   (0)      6  : 0.9960 0.0000 0.0030 0.0000 0.0000 0.0010 0.0000 0.0000 0.0000 0.0000 0.0000 0.0000 0.0000 0.0000 0.0000
53       53   (0)      6  : 0.9715 0.0000 0.0000 0.0005 0.0005 0.0010 0.0000 0.0000 0.0060 0.0000 0.0000 0.0000 0.0000 0.0205 0.0000
54       54   (0)      6  : 0.9960 0.0000 0.0000 0.0015 0.0000 0.0020 0.0000 0.0000 0.0000 0.0000 0.0000 0.0000 0.0000 0.0005 0.0000
55       55   (0)      6  : 0.9545 0.0000 0.0000 0.0010 0.0000 0.0050 0.0000 0.0000 0.0000 0.0000 0.0000 0.0000 0.0000 0.0395 0.0000
56       56   (0)      6  : 0.8709 0.0000 0.0000 0.0035 0.0000 0.1216 0.0000 0.0000 0.0000 0.0000 0.0035 0.0000 0.0000 0.0005 0.0000
57       57   (0)      6  : 0.9975 0.0000 0.0000 0.0015 0.0000 0.0005 0.0000 0.0000 0.0000 0.0005 0.0000 0.0000 0.0000 0.0000 0.0000
58       58   (0)      6  : 0.0906 0.0000 0.1101 0.0040 0.7918 0.0020 0.0000 0.0000 0.0015 0.0000 0.0000 0.0000 0.0000 0.0000 0.0000
59       59   (0)      7  : 0.0020 0.0000 0.0020 0.0005 0.9935 0.0000 0.0000 0.0000 0.0020 0.0000 0.0000 0.0000 0.0000 0.0000 0.0000
60       60   (0)      7  : 0.0025 0.0000 0.0020 0.0000 0.9940 0.0000 0.0000 0.0000 0.0015 0.0000 0.0000 0.0000 0.0000 0.0000 0.0000
61       61   (0)      7  : 0.0070 0.0000 0.0145 0.0010 0.9765 0.0010 0.0000 0.0000 0.0000 0.0000 0.0000 0.0000 0.0000 0.0000 0.0000
62       62   (0)      7  : 0.0000 0.0000 0.0220 0.0000 0.9780 0.0000 0.0000 0.0000 0.0000 0.0000 0.0000 0.0000 0.0000 0.0000 0.0000
63       63   (0)      7  : 0.0040 0.0000 0.0020 0.0130 0.9800 0.0010 0.0000 0.0000 0.0000 0.0000 0.0000 0.0000 0.0000 0.0000 0.0000
64       64   (0)      7  : 0.0015 0.0000 0.0010 0.0010 0.9940 0.0015 0.0000 0.0000 0.0010 0.0000 0.0000 0.0000 0.0000 0.0000 0.0000
65       65   (0)      7  : 0.0295 0.0000 0.0095 0.0000 0.9595 0.0015 0.0000 0.0000 0.0000 0.0000 0.0000 0.0000 0.0000 0.0000 0.0000
66       66   (0)      8  : 0.1391 0.0000 0.0000 0.0345 0.0000 0.8214 0.0000 0.0000 0.0050 0.0000 0.0000 0.0000 0.0000 0.0000 0.0000
67       67   (0)      8  : 0.0020 0.0000 0.0000 0.0010 0.0000 0.9970 0.0000 0.0000 0.0000 0.0000 0.0000 0.0000 0.0000 0.0000 0.0000
68       68   (0)      8  : 0.0045 0.0000 0.0010 0.0000 0.0000 0.9945 0.0000 0.0000 0.0000 0.0000 0.0000 0.0000 0.0000 0.0000 0.0000
69       69   (0)      8  : 0.0050 0.0000 0.0000 0.0000 0.0000 0.9950 0.0000 0.0000 0.0000 0.0000 0.0000 0.0000 0.0000 0.0000 0.0000
70       70   (0)      8  : 0.0716 0.0000 0.0000 0.0000 0.0000 0.9284 0.0000 0.0000 0.0000 0.0000 0.0000 0.0000 0.0000 0.0000 0.0000
71       71   (0)      8  : 0.1172 0.0000 0.0000 0.0150 0.0000 0.8678 0.0000 0.0000 0.0000 0.0000 0.0000 0.0000 0.0000 0.0000 0.0000
72       72   (0)      8  : 0.0220 0.0000 0.0015 0.0010 0.0000 0.9745 0.0000 0.0000 0.0010 0.0000 0.0000 0.0000 0.0000 0.0000 0.0000
73       73   (0)      8  : 0.0045 0.0000 0.0000 0.0000 0.0000 0.8328 0.0020 0.1076 0.0000 0.0000 0.0000 0.0000 0.0511 0.0000 0.0020
74       74   (0)      8  : 0.0100 0.0000 0.0000 0.0000 0.0000 0.9494 0.0000 0.0000 0.0040 0.0000 0.0000 0.0035 0.0095 0.0000 0.0235
75       75   (0)      8  : 0.0955 0.0000 0.0000 0.0010 0.0000 0.9015 0.0000 0.0000 0.0020 0.0000 0.0000 0.0000 0.0000 0.0000 0.0000
76       76   (0)      8  : 0.1517 0.0000 0.0010 0.0020 0.0000 0.8428 0.0000 0.0000 0.0025 0.0000 0.0000 0.0000 0.0000 0.0000 0.0000
77       77   (0)      8  : 0.0405 0.0000 0.0005 0.0035 0.0000 0.9555 0.0000 0.0000 0.0000 0.0000 0.0000 0.0000 0.0000 0.0000 0.0000
78       78   (0)      9  : 0.7480 0.0000 0.0684 0.0900 0.0000 0.0005 0.0000 0.0000 0.0000 0.0010 0.0000 0.0831 0.0025 0.0000 0.0065
79       79   (0)      9  : 0.8814 0.0000 0.0010 0.0786 0.0000 0.0010 0.0000 0.0000 0.0005 0.0000 0.0000 0.0370 0.0005 0.0000 0.0000
80       80   (0)      9  : 0.8839 0.0000 0.0000 0.0641 0.0000 0.0000 0.0000 0.0000 0.0000 0.0000 0.0000 0.0511 0.0010 0.0000 0.0000
81       81   (0)      9  : 0.7668 0.0000 0.0000 0.0465 0.0000 0.0005 0.0060 0.0065 0.0000 0.0000 0.0000 0.1411 0.0325 0.0000 0.0000
82       82   (0)      9  : 0.7501 0.0000 0.0000 0.0811 0.0000 0.0336 0.0000 0.0000 0.0000 0.0000 0.0220 0.0811 0.0025 0.0296 0.0000
83       83   (0)      9  : 0.8364 0.0000 0.0065 0.1031 0.0000 0.0185 0.0000 0.0000 0.0000 0.0000 0.0000 0.0350 0.0005 0.0000 0.0000
84       84   (0)      9  : 0.8733 0.0000 0.0691 0.0020 0.0000 0.0005 0.0000 0.0000 0.0000 0.0000 0.0000 0.0541 0.0010 0.0000 0.0000
85       85   (0)      9  : 0.8700 0.0000 0.0000 0.0950 0.0115 0.0005 0.0000 0.0000 0.0010 0.0000 0.0000 0.0215 0.0000 0.0005 0.0000
86       86   (0)      9  : 0.7342 0.0060 0.0010 0.0120 0.0000 0.0000 0.0085 0.0485 0.0000 0.0025 0.0090 0.1723 0.0055 0.0005 0.0000
87       87   (0)      9  : 0.8182 0.0000 0.0000 0.1482 0.0000 0.0000 0.0000 0.0000 0.0000 0.0000 0.0000 0.0330 0.0005 0.0000 0.0000
88       88   (0)      9  : 0.8734 0.0000 0.0000 0.0931 0.0000 0.0010 0.0000 0.0000 0.0005 0.0000 0.0000 0.0315 0.0005 0.0000 0.0000
89       89   (0)      9  : 0.6932 0.0130 0.0000 0.0656 0.0000 0.0000 0.0000 0.0000 0.0000 0.0000 0.1046 0.1031 0.0200 0.0005 0.0000
90       90   (0)      9  : 0.8518 0.0000 0.0000 0.0285 0.0000 0.0000 0.0000 0.0000 0.0000 0.0000 0.0040 0.0862 0.0295 0.0000 0.0000
91       91   (0)     10  : 0.0050 0.0000 0.8574 0.0015 0.0250 0.0010 0.0000 0.0000 0.1101 0.0000 0.0000 0.0000 0.0000 0.0000 0.0000
92       92   (0)     10  : 0.0540 0.0000 0.9190 0.0010 0.0010 0.0205 0.0000 0.0000 0.0045 0.0000 0.0000 0.0000 0.0000 0.0000 0.0000
93       93   (0)     10  : 0.0010 0.0000 0.9965 0.0015 0.0000 0.0000 0.0000 0.0000 0.0010 0.0000 0.0000 0.0000 0.0000 0.0000 0.0000
94       94   (0)     10  : 0.0000 0.0000 0.9945 0.0020 0.0000 0.0000 0.0000 0.0000 0.0035 0.0000 0.0000 0.0000 0.0000 0.0000 0.0000
95       95   (0)     10  : 0.0015 0.0000 0.9980 0.0000 0.0005 0.0000 0.0000 0.0000 0.0000 0.0000 0.0000 0.0000 0.0000 0.0000 0.0000
96       96   (0)     10  : 0.0060 0.0000 0.9760 0.0045 0.0120 0.0010 0.0000 0.0000 0.0005 0.0000 0.0000 0.0000 0.0000 0.0000 0.0000
97       97   (0)     10  : 0.0766 0.0000 0.7938 0.0020 0.0300 0.0000 0.0000 0.0000 0.0976 0.0000 0.0000 0.0000 0.0000 0.0000 0.0000
98       98   (0)     10  : 0.0010 0.0000 0.9945 0.0045 0.0000 0.0000 0.0000 0.0000 0.0000 0.0000 0.0000 0.0000 0.0000 0.0000 0.0000
99       99   (0)     10  : 0.0000 0.0000 0.7319 0.0000 0.0000 0.0000 0.0170 0.0450 0.0005 0.0210 0.0000 0.1386 0.0445 0.0000 0.0015
100      100   (0)     10  : 0.0255 0.0000 0.9710 0.0015 0.0010 0.0010 0.0000 0.0000 0.0000 0.0000 0.0000 0.0000 0.0000 0.0000 0.0000
101      101   (0)     10  : 0.0000 0.0000 0.7440 0.0000 0.0005 0.0000 0.0020 0.0035 0.0000 0.0000 0.0000 0.1015 0.1480 0.0000 0.0005
102      102   (0)     10  : 0.0030 0.0000 0.9860 0.0010 0.0010 0.0060 0.0000 0.0000 0.0005 0.0000 0.0000 0.0000 0.0000 0.0025 0.0000
103      103   (0)     10  : 0.0005 0.0000 0.9930 0.0000 0.0000 0.0000 0.0000 0.0000 0.0065 0.0000 0.0000 0.0000 0.0000 0.0000 0.0000
