1        1   (0)      1  : 0.7299 0.0000 0.0000 0.0012 0.0006 0.0016 0.0000 0.2653 0.0000 0.0014
2        2   (0)      1  : 0.4155 0.0000 0.0000 0.0010 0.0000 0.0000 0.0624 0.5211 0.0000 0.0000
3        3   (0)      1  : 0.8463 0.0000 0.0014 0.0751 0.0004 0.0000 0.0000 0.0733 0.0000 0.0036
4        4   (0)      1  : 0.6813 0.0000 0.0000 0.0040 0.0000 0.0000 0.0000 0.3139 0.0000 0.0008
5        5   (0)      1  : 0.0474 0.0000 0.0000 0.0000 0.0000 0.0000 0.0615 0.8905 0.0000 0.0006
6        6   (0)      1  : 0.3603 0.0388 0.0000 0.0002 0.0000 0.0000 0.0000 0.2294 0.0000 0.3712
7        7   (0)      1  : 0.6140 0.0220 0.0000 0.0018 0.0000 0.0036 0.0000 0.1406 0.0000 0.2180
8        8   (0)      1  : 0.7121 0.0000 0.0006 0.0036 0.0000 0.0058 0.0376 0.2314 0.0008 0.0080
9        9   (0)      1  : 0.5649 0.0000 0.0000 0.0016 0.0000 0.0002 0.0000 0.3305 0.0000 0.1028
10       10   (0)      1  : 0.0618 0.0000 0.0000 0.0000 0.0000 0.0000 0.7240 0.1345 0.0000 0.0797
11       11   (0)      1  : 0.8829 0.0000 0.0176 0.0726 0.0000 0.0236 0.0000 0.0014 0.0000 0.0018
12       12   (0)      1  : 0.3501 0.0000 0.0000 0.0020 0.0000 0.0000 0.4722 0.1509 0.0000 0.0248
13       13   (0)      2  : 0.0000 1.0000 0.0000 0.0000 0.0000 0.0000 0.0000 0.0000 0.0000 0.0000
14       14   (0)      2  : 0.0000 1.0000 0.0000 0.0000 0.0000 0.0000 0.0000 0.0000 0.0000 0.0000
15       15   (0)      2  : 0.0000 1.0000 0.0000 0.0000 0.0000 0.0000 0.0000 0.0000 0.0000 0.0000
16       16   (0)      3  : 0.0122 0.0000 0.0698 0.0004 0.0000 0.0538 0.0000 0.0000 0.8637 0.0000
17       17   (0)      3  : 0.0002 0.0000 0.0000 0.0000 0.0000 0.0000 0.0000 0.0000 0.9998 0.0000
18       18   (0)      3  : 0.0160 0.0000 0.0700 0.0008 0.0000 0.0016 0.0000 0.0000 0.9042 0.0074
19       19   (0)      3  : 0.0000 0.0032 0.0000 0.0000 0.0000 0.0000 0.3745 0.0500 0.5628 0.0094
20       20   (0)      3  : 0.0000 0.0056 0.0000 0.0000 0.0000 0.0000 0.5015 0.0000 0.3209 0.1720
21       21   (0)      3  : 0.0660 0.0000 0.0278 0.0220 0.0000 0.0022 0.0000 0.0000 0.8820 0.0000
22       22   (0)      3  : 0.0000 0.0000 0.0000 0.0000 0.0000 0.0000 0.2846 0.0002 0.6824 0.0328
23       23   (0)      3  : 0.1154 0.0000 0.0952 0.0010 0.0000 0.0146 0.0000 0.0000 0.7738 0.0000
24       24   (0)      3  : 0.0326 0.0000 0.0804 0.0132 0.0000 0.0090 0.0000 0.0000 0.8648 0.0000
25       25   (0)      3  : 0.0018 0.0000 0.0072 0.0000 0.0000 0.0014 0.0961 0.0008 0.8873 0.0054
26       26   (0)      3  : 0.0016 0.0000 0.0000 0.0014 0.0000 0.0010 0.0000 0.0000 0.9960 0.0000
27       27   (0)      3  : 0.0022 0.0000 0.0000 0.0006 0.0000 0.0002 0.0000 0.0000 0.9970 0.0000
28       28   (0)      4  : 0.9147 0.0000 0.0000 0.0010 0.0000 0.0000 0.0000 0.0000 0.0000 0.0843
29       29   (0)      4  : 0.9203 0.0000 0.0000 0.0002 0.0000 0.0000 0.0000 0.0000 0.0000 0.0795
30       30   (0)      4  : 0.9143 0.0000 0.0000 0.0006 0.0000 0.0000 0.0000 0.0000 0.0000 0.0851
31       31   (0)      4  : 0.8702 0.0000 0.0012 0.0002 0.0000 0.0020 0.0000 0.0412 0.0000 0.0852
32       32   (0)      4  : 0.8603 0.0004 0.0000 0.0010 0.0046 0.0000 0.0000 0.0306 0.0000 0.1031
33       33   (0)      4  : 0.9139 0.0000 0.0000 0.0008 0.0000 0.0000 0.0000 0.0000 0.0000 0.0853
34       34   (0)      4  : 0.9097 0.0000 0.0000 0.0000 0.0000 0.0000 0.0000 0.0000 0.0000 0.0903
35       35   (0)      5  : 0.0022 0.0000 0.0000 0.9978 0.0000 0.0000 0.0000 0.0000 0.0000 0.0000
36       36   (0)      5  : 0.0022 0.0000 0.0000 0.9976 0.0000 0.0000 0.0000 0.0000 0.0000 0.0002
37       37   (0)      5  : 0.0014 0.0000 0.0000 0.9986 0.0000 0.0000 0.0000 0.0000 0.0000 0.0000
38       38   (0)      5  : 0.0012 0.0000 0.0000 0.9982 0.0000 0.0006 0.0000 0.0000 0.0000 0.0000
39       39   (0)      5  : 0.0000 0.0000 0.0000 1.0000 0.0000 0.0000 0.0000 0.0000 0.0000 0.0000
40       40   (0)      5  : 0.0000 0.0000 0.0000 0.6353 0.0000 0.0000 0.2264 0.1330 0.0000 0.0052
41       41   (0)      5  : 0.0008 0.0000 0.0000 0.9992 0.0000 0.0000 0.0000 0.0000 0.0000 0.0000
42       42   (0)      5  : 0.0000 0.0000 0.0000 0.9110 0.0002 0.0000 0.0888 0.0000 0.0000 0.0000
43       43   (0)      5  : 0.0328 0.0000 0.0000 0.9668 0.0000 0.0004 0.0000 0.0000 0.0000 0.0000
44       44   (0)      5  : 0.0000 0.0000 0.0000 1.0000 0.0000 0.0000 0.0000 0.0000 0.0000 0.0000
45       45   (0)      5  : 0.0050 0.0000 0.0000 0.9944 0.0000 0.0002 0.0000 0.0000 0.0000 0.0004
46       46   (0)      5  : 0.0000 0.0000 0.0000 1.0000 0.0000 0.0000 0.0000 0.0000 0.0000 0.0000
47       47   (0)      5  : 0.0012 0.0000 0.0000 0.9988 0.0000 0.0000 0.0000 0.0000 0.0000 0.0000
48       48   (0)      6  : 0.9848 0.0000 0.0040 0.0000 0.0012 0.0052 0.0000 0.0000 0.0046 0.0002
49       49   (0)      6  : 0.9896 0.0000 0.0000 0.0028 0.0000 0.0000 0.0000 0.0000 0.0000 0.0076
50       50   (0)      6  : 0.9566 0.0000 0.0144 0.0088 0.0000 0.0152 0.0000 0.0000 0.0004 0.0046
51       51   (0)      6  : 0.9926 0.0000 0.0012 0.0016 0.0042 0.0000 0.0000 0.0000 0.0000 0.0004
52       52   (0)      6  : 0.9958 0.0000 0.0022 0.0006 0.0000 0.0014 0.0000 0.0000 0.0000 0.0000
53       53   (0)      6  : 0.9870 0.0000 0.0000 0.0004 0.0000 0.0016 0.0000 0.0000 0.0050 0.0060
54       54   (0)      6  : 0.9938 0.0000 0.0000 0.0036 0.0000 0.0024 0.0000 0.0000 0.0000 0.0002
55       55   (0)      6  : 0.9816 0.0000 0.0000 0.0008 0.0000 0.0066 0.0000 0.0000 0.0000 0.0110
56       56   (0)      6  : 0.8667 0.0000 0.0000 0.0020 0.0000 0.1295 0.0000 0.0000 0.0000 0.0018
57       57   (0)      6  : 0.9978 0.0000 0.0000 0.0018 0.0000 0.0002 0.0002 0.0000 0.0000 0.0000
58       58   (0)      6  : 0.0658 0.0000 0.2757 0.0086 0.6409 0.0058 0.0000 0.0000 0.0032 0.0000
59       59   (0)      7  : 0.0014 0.0000 0.2000 0.0006 0.7968 0.0000 0.0000 0.0000 0.0012 0.0000
60       60   (0)      7  : 0.0012 0.0000 0.2008 0.0000 0.7966 0.0000 0.0000 0.0000 0.0014 0.0000
61       61   (0)      7  : 0.0028 0.0000 0.2052 0.0010 0.7902 0.0008 0.0000 0.0000 0.0000 0.0000
62       62   (0)      7  : 0.0000 0.0000 0.2100 0.0000 0.7896 0.0004 0.0000 0.0000 0.0000 0.0000
63       63   (0)      7  : 0.0012 0.0000 0.2010 0.0102 0.7866 0.0010 0.0000 0.0000 0.0000 0.0000
64       64   (0)      7  : 0.0010 0.0000 0.1998 0.0008 0.7968 0.0012 0.0000 0.0000 0.0004 0.0000
65       65   (0)      7  : 0.0200 0.0000 0.1956 0.0000 0.7832 0.0010 0.0000 0.0000 0.0002 0.0000
66       66   (0)      8  : 0.1145 0.0000 0.0000 0.0420 0.0000 0.8374 0.0000 0.0000 0.0060 0.0000
67       67   (0)      8  : 0.0060 0.0000 0.0000 0.0010 0.0000 0.9930 0.0000 0.0000 0.0000 0.0000
68       68   (0)      8  : 0.0088 0.0000 0.0010 0.0002 0.0000 0.9896 0.0000 0.0000 0.0004 0.0000
69       69   (0)      8  : 0.0098 0.0000 0.0000 0.0000 0.0000 0.9902 0.0000 0.0000 0.0000 0.0000
70       70   (0)      8  : 0.0502 0.0000 0.0000 0.0000 0.0000 0.9498 0.0000 0.0000 0.0000 0.0000
71       71   (0)      8  : 0.1128 0.0000 0.0000 0.0118 0.0000 0.8752 0.0000 0.0000 0.0000 0.0002
72       72   (0)      8  : 0.0132 0.0000 0.0014 0.0010 0.0000 0.9828 0.0000 0.0000 0.0016 0.0000
73       73   (0)      8  : 0.0062 0.0000 0.0000 0.0000 0.0000 0.8449 0.0710 0.0778 0.0000 0.0000
74       74   (0)      8  : 0.0136 0.0000 0.0000 0.0000 0.0000 0.9372 0.0474 0.0000 0.0018 0.0000
75       75   (0)      8  : 0.0790 0.0000 0.0002 0.0026 0.0000 0.9154 0.0000 0.0000 0.0028 0.0000
76       76   (0)      8  : 0.1376 0.0000 0.0012 0.0024 0.0000 0.8560 0.0000 0.0000 0.0028 0.0000
77       77   (0)      8  : 0.0306 0.0000 0.0008 0.0028 0.0004 0.9654 0.0000 0.0000 0.0000 0.0000
78       78   (0)      9  : 0.7518 0.0000 0.0988 0.1040 0.0302 0.0008 0.0120 0.0000 0.0000 0.0024
79       79   (0)      9  : 0.8972 0.0000 0.0020 0.0850 0.0134 0.0014 0.0000 0.0000 0.0008 0.0002
80       80   (0)      9  : 0.9070 0.0000 0.0000 0.0742 0.0188 0.0000 0.0000 0.0000 0.0000 0.0000
81       81   (0)      9  : 0.7988 0.0000 0.0006 0.0807 0.0478 0.0010 0.0652 0.0056 0.0002 0.0000
82       82   (0)      9  : 0.8123 0.0060 0.0000 0.0754 0.0274 0.0418 0.0004 0.0054 0.0010 0.0302
83       83   (0)      9  : 0.8399 0.0000 0.0040 0.1090 0.0134 0.0336 0.0000 0.0000 0.0000 0.0000
84       84   (0)      9  : 0.8872 0.0000 0.0866 0.0054 0.0200 0.0008 0.0000 0.0000 0.0000 0.0000
85       85   (0)      9  : 0.8814 0.0000 0.0004 0.1032 0.0136 0.0010 0.0000 0.0000 0.0002 0.0002
86       86   (0)      9  : 0.7623 0.0088 0.0014 0.0328 0.0571 0.0008 0.0420 0.0848 0.0000 0.0100
87       87   (0)      9  : 0.8301 0.0000 0.0006 0.1563 0.0122 0.0004 0.0000 0.0000 0.0004 0.0000
88       88   (0)      9  : 0.8876 0.0000 0.0000 0.0986 0.0110 0.0018 0.0000 0.0000 0.0008 0.0002
89       89   (0)      9  : 0.7239 0.0292 0.0000 0.0813 0.0322 0.0000 0.0098 0.0426 0.0000 0.0809
90       90   (0)      9  : 0.8671 0.0000 0.0000 0.0566 0.0310 0.0000 0.0312 0.0050 0.0000 0.0090
91       91   (0)     10  : 0.0238 0.0000 0.8438 0.0018 0.0198 0.0020 0.0000 0.0000 0.1088 0.0000
92       92   (0)     10  : 0.0350 0.0000 0.9042 0.0014 0.0014 0.0502 0.0000 0.0000 0.0078 0.0000
93       93   (0)     10  : 0.0238 0.0000 0.9738 0.0018 0.0002 0.0002 0.0000 0.0000 0.0002 0.0000
94       94   (0)     10  : 0.0268 0.0000 0.9632 0.0018 0.0000 0.0002 0.0000 0.0000 0.0080 0.0000
95       95   (0)     10  : 0.0250 0.0000 0.9744 0.0000 0.0006 0.0000 0.0000 0.0000 0.0000 0.0000
96       96   (0)     10  : 0.0358 0.0000 0.9506 0.0030 0.0088 0.0012 0.0000 0.0000 0.0006 0.0000
97       97   (0)     10  : 0.0834 0.0000 0.7957 0.0036 0.0266 0.0006 0.0000 0.0000 0.0902 0.0000
98       98   (0)     10  : 0.0256 0.0000 0.9692 0.0040 0.0000 0.0010 0.0000 0.0000 0.0002 0.0000
99       99   (0)     10  : 0.0002 0.0000 0.7702 0.0002 0.0000 0.0002 0.1752 0.0442 0.0016 0.0082
100      100   (0)     10  : 0.0352 0.0000 0.9614 0.0014 0.0008 0.0010 0.0000 0.0000 0.0002 0.0000
101      101   (0)     10  : 0.0002 0.0000 0.7767 0.0000 0.0008 0.0002 0.1851 0.0358 0.0012 0.0000
102      102   (0)     10  : 0.0320 0.0000 0.9566 0.0006 0.0008 0.0082 0.0000 0.0000 0.0012 0.0006
103      103   (0)     10  : 0.0300 0.0000 0.9636 0.0002 0.0000 0.0002 0.0000 0.0000 0.0060 0.0000
