  1        1   (0)      1 :  0.0000 0.0010 0.0256 0.0000 0.1107 0.0498 0.8128 
  2        2   (0)      1 :  0.0000 0.0012 0.0658 0.0002 0.3021 0.0666 0.5641 
  3        3   (0)      1 :  0.0000 0.0608 0.0000 0.0020 0.0224 0.0154 0.8994 
  4        4   (0)      1 :  0.0000 0.0034 0.0276 0.0000 0.1240 0.0574 0.7875 
  5        5   (0)      1 :  0.0000 0.0000 0.1146 0.0000 0.5084 0.1085 0.2685 
  6        6   (0)      1 :  0.0000 0.0002 0.1558 0.0000 0.1959 0.0981 0.5500 
  7        7   (0)      1 :  0.0000 0.0010 0.0941 0.0000 0.1152 0.0593 0.7304 
  8        8   (0)      1 :  0.0004 0.0042 0.0294 0.0000 0.1503 0.0242 0.7915 
  9        9   (0)      1 :  0.0000 0.0016 0.0412 0.0000 0.1656 0.0756 0.7160 
 10       10   (0)      1 :  0.0000 0.0000 0.1415 0.0000 0.6937 0.0000 0.1647 
 11       11   (0)      1 :  0.0002 0.0733 0.0000 0.0122 0.0000 0.0066 0.9077 
 12       12   (0)      1 :  0.0000 0.0026 0.0992 0.0000 0.4813 0.0000 0.4169 
 13       13   (0)      2 :  0.0000 0.0000 1.0000 0.0000 0.0000 0.0000 0.0000 
 14       14   (0)      2 :  0.0000 0.0000 1.0000 0.0000 0.0000 0.0000 0.0000 
 15       15   (0)      2 :  0.0000 0.0000 1.0000 0.0000 0.0000 0.0000 0.0000 
 16       16   (0)      3 :  0.8750 0.0008 0.0000 0.0764 0.0000 0.0332 0.0146 
 17       17   (0)      3 :  0.9978 0.0010 0.0000 0.0006 0.0000 0.0004 0.0002 
 18       18   (0)      3 :  0.9184 0.0016 0.0000 0.0706 0.0000 0.0024 0.0070 
 19       19   (0)      3 :  0.5861 0.0000 0.0714 0.0000 0.3331 0.0094 0.0000 
 20       20   (0)      3 :  0.3898 0.0000 0.1204 0.0000 0.4898 0.0000 0.0000 
 21       21   (0)      3 :  0.8678 0.0226 0.0000 0.0362 0.0000 0.0016 0.0718 
 22       22   (0)      3 :  0.7033 0.0000 0.0450 0.0000 0.2517 0.0000 0.0000 
 23       23   (0)      3 :  0.7620 0.0016 0.0000 0.1067 0.0000 0.0154 0.1143 
 24       24   (0)      3 :  0.8507 0.0256 0.0000 0.0885 0.0000 0.0130 0.0222 
 25       25   (0)      3 :  0.9016 0.0006 0.0000 0.0060 0.0894 0.0006 0.0018 
 26       26   (0)      3 :  0.9930 0.0040 0.0000 0.0004 0.0000 0.0006 0.0020 
 27       27   (0)      3 :  0.9976 0.0010 0.0000 0.0000 0.0000 0.0002 0.0012 
 28       28   (0)      4 :  0.0000 0.0054 0.0000 0.0000 0.0000 0.0000 0.9946 
 29       29   (0)      4 :  0.0000 0.0010 0.0000 0.0000 0.0000 0.0002 0.9988 
 30       30   (0)      4 :  0.0000 0.0010 0.0000 0.0000 0.0000 0.0000 0.9990 
 31       31   (0)      4 :  0.0000 0.0008 0.0006 0.0008 0.0348 0.0012 0.9618 
 32       32   (0)      4 :  0.0000 0.0016 0.0044 0.0000 0.0262 0.0054 0.9624 
 33       33   (0)      4 :  0.0000 0.0010 0.0000 0.0000 0.0000 0.0000 0.9990 
 34       34   (0)      4 :  0.0000 0.0000 0.0000 0.0000 0.0000 0.0000 1.0000 
 35       35   (0)      5 :  0.0000 0.9958 0.0000 0.0000 0.0000 0.0000 0.0042 
 36       36   (0)      5 :  0.0000 0.9970 0.0000 0.0000 0.0000 0.0000 0.0030 
 37       37   (0)      5 :  0.0000 0.9978 0.0000 0.0004 0.0000 0.0000 0.0018 
 38       38   (0)      5 :  0.0000 0.9986 0.0000 0.0000 0.0000 0.0002 0.0012 
 39       39   (0)      5 :  0.0000 0.9994 0.0000 0.0000 0.0000 0.0000 0.0006 
 40       40   (0)      5 :  0.0000 0.6735 0.0573 0.0000 0.2673 0.0020 0.0000 
 41       41   (0)      5 :  0.0000 0.9986 0.0000 0.0002 0.0000 0.0000 0.0012 
 42       42   (0)      5 :  0.0000 0.9161 0.0142 0.0000 0.0697 0.0000 0.0000 
 43       43   (0)      5 :  0.0000 0.9638 0.0000 0.0000 0.0000 0.0004 0.0358 
 44       44   (0)      5 :  0.0000 1.0000 0.0000 0.0000 0.0000 0.0000 0.0000 
 45       45   (0)      5 :  0.0000 0.9912 0.0000 0.0000 0.0000 0.0002 0.0086 
 46       46   (0)      5 :  0.0000 0.9992 0.0000 0.0000 0.0000 0.0000 0.0008 
 47       47   (0)      5 :  0.0000 0.9992 0.0000 0.0000 0.0000 0.0000 0.0008 
 48       48   (0)      6 :  0.0056 0.0000 0.0000 0.0072 0.0002 0.0042 0.9828 
 49       49   (0)      6 :  0.0000 0.0028 0.0000 0.0002 0.0000 0.0000 0.9970 
 50       50   (0)      6 :  0.0010 0.0090 0.0000 0.0138 0.0000 0.0076 0.9686 
 51       51   (0)      6 :  0.0000 0.0026 0.0000 0.0030 0.0014 0.0052 0.9878 
 52       52   (0)      6 :  0.0000 0.0006 0.0000 0.0018 0.0000 0.0008 0.9968 
 53       53   (0)      6 :  0.0046 0.0010 0.0000 0.0002 0.0000 0.0006 0.9936 
 54       54   (0)      6 :  0.0004 0.0062 0.0000 0.0000 0.0000 0.0014 0.9920 
 55       55   (0)      6 :  0.0000 0.0012 0.0000 0.0000 0.0000 0.0022 0.9966 
 56       56   (0)      6 :  0.0008 0.0028 0.0000 0.0000 0.0000 0.0490 0.9474 
 57       57   (0)      6 :  0.0000 0.0022 0.0000 0.0000 0.0000 0.0004 0.9974 
 58       58   (0)      6 :  0.0022 0.0070 0.0000 0.4474 0.1610 0.3134 0.0690 
 59       59   (0)      7 :  0.0012 0.0006 0.0000 0.4022 0.1994 0.3928 0.0038 
 60       60   (0)      7 :  0.0008 0.0004 0.0000 0.4020 0.1994 0.3930 0.0044 
 61       61   (0)      7 :  0.0000 0.0014 0.0000 0.4050 0.1980 0.3864 0.0092 
 62       62   (0)      7 :  0.0000 0.0000 0.0000 0.4148 0.1980 0.3868 0.0004 
 63       63   (0)      7 :  0.0000 0.0154 0.0000 0.3988 0.1962 0.3836 0.0060 
 64       64   (0)      7 :  0.0008 0.0014 0.0000 0.4004 0.1994 0.3922 0.0058 
 65       65   (0)      7 :  0.0000 0.0000 0.0000 0.3932 0.1970 0.3768 0.0330 
 66       66   (0)      8 :  0.2083 0.0554 0.0000 0.0000 0.0000 0.3434 0.3929 
 67       67   (0)      8 :  0.2241 0.0032 0.0000 0.0000 0.0000 0.3992 0.3735 
 68       68   (0)      8 :  0.2468 0.0004 0.0000 0.0008 0.0114 0.4010 0.3396 
 69       69   (0)      8 :  0.2518 0.0000 0.0000 0.0000 0.0042 0.3996 0.3444 
 70       70   (0)      8 :  0.1999 0.0004 0.0000 0.0000 0.0000 0.3896 0.4101 
 71       71   (0)      8 :  0.1938 0.0126 0.0000 0.0000 0.0000 0.3556 0.4380 
 72       72   (0)      8 :  0.2507 0.0004 0.0000 0.0006 0.0000 0.3976 0.3507 
 73       73   (0)      8 :  0.2221 0.0000 0.0204 0.0000 0.1041 0.3488 0.3046 
 74       74   (0)      8 :  0.2440 0.0000 0.0000 0.0000 0.0388 0.3884 0.3287 
 75       75   (0)      8 :  0.2394 0.0022 0.0000 0.0002 0.0000 0.3728 0.3854 
 76       76   (0)      8 :  0.2196 0.0020 0.0000 0.0008 0.0000 0.3494 0.4282 
 77       77   (0)      8 :  0.2247 0.0024 0.0000 0.0004 0.0002 0.3902 0.3821 
 78       78   (0)      9 :  0.0000 0.1190 0.0000 0.0982 0.0120 0.0006 0.7701 
 79       79   (0)      9 :  0.0010 0.0886 0.0000 0.0018 0.0002 0.0008 0.9076 
 80       80   (0)      9 :  0.0000 0.0914 0.0000 0.0000 0.0000 0.0000 0.9086 
 81       81   (0)      9 :  0.0018 0.0928 0.0124 0.0014 0.0716 0.0068 0.8132 
 82       82   (0)      9 :  0.0090 0.0810 0.0160 0.0000 0.0056 0.0318 0.8566 
 83       83   (0)      9 :  0.0006 0.1112 0.0000 0.0088 0.0002 0.0106 0.8686 
 84       84   (0)      9 :  0.0000 0.0138 0.0000 0.0959 0.0000 0.0006 0.8897 
 85       85   (0)      9 :  0.0000 0.1102 0.0000 0.0026 0.0008 0.0044 0.8820 
 86       86   (0)      9 :  0.0000 0.0448 0.0320 0.0012 0.0955 0.0170 0.8095 
 87       87   (0)      9 :  0.0008 0.1686 0.0000 0.0006 0.0000 0.0004 0.8296 
 88       88   (0)      9 :  0.0008 0.0970 0.0000 0.0000 0.0000 0.0020 0.9002 
 89       89   (0)      9 :  0.0000 0.0886 0.0588 0.0000 0.0538 0.0248 0.7739 
 90       90   (0)      9 :  0.0000 0.0709 0.0066 0.0000 0.0398 0.0064 0.8763 
 91       91   (0)     10 :  0.1075 0.0062 0.0000 0.8349 0.0050 0.0184 0.0280 
 92       92   (0)     10 :  0.0106 0.0020 0.0000 0.8864 0.0002 0.0292 0.0716 
 93       93   (0)     10 :  0.0004 0.0036 0.0000 0.9682 0.0000 0.0002 0.0276 
 94       94   (0)     10 :  0.0120 0.0084 0.0000 0.9536 0.0000 0.0004 0.0256 
 95       95   (0)     10 :  0.0000 0.0002 0.0000 0.9728 0.0000 0.0006 0.0264 
 96       96   (0)     10 :  0.0008 0.0160 0.0000 0.9400 0.0014 0.0060 0.0358 
 97       97   (0)     10 :  0.0792 0.0062 0.0000 0.7886 0.0078 0.0176 0.1006 
 98       98   (0)     10 :  0.0004 0.0060 0.0000 0.9604 0.0000 0.0034 0.0298 
 99       99   (0)     10 :  0.0030 0.0002 0.0346 0.7815 0.1773 0.0002 0.0032 
100      100   (0)     10 :  0.0008 0.0030 0.0000 0.9472 0.0002 0.0022 0.0466 
101      101   (0)     10 :  0.0066 0.0000 0.0348 0.7862 0.1716 0.0004 0.0004 
102      102   (0)     10 :  0.0052 0.0014 0.0000 0.9404 0.0002 0.0106 0.0422 
103      103   (0)     10 :  0.0056 0.0004 0.0000 0.9504 0.0000 0.0024 0.0412 
