  1        1   (0)      1 :  0.7346 0.0000 0.2624 0.0016 0.0014 0.0000 0.0000 0.0000 
  2        2   (0)      1 :  0.4264 0.0000 0.5029 0.0010 0.0000 0.0697 0.0000 0.0000 
  3        3   (0)      1 :  0.8464 0.0000 0.0758 0.0764 0.0002 0.0000 0.0000 0.0012 
  4        4   (0)      1 :  0.6900 0.0000 0.3062 0.0036 0.0002 0.0000 0.0000 0.0000 
  5        5   (0)      1 :  0.0615 0.0000 0.8113 0.0000 0.0000 0.1273 0.0000 0.0000 
  6        6   (0)      1 :  0.4102 0.0998 0.4895 0.0004 0.0002 0.0000 0.0000 0.0000 
  7        7   (0)      1 :  0.6437 0.0576 0.2971 0.0012 0.0004 0.0000 0.0000 0.0000 
  8        8   (0)      1 :  0.7203 0.0000 0.2263 0.0074 0.0028 0.0432 0.0000 0.0000 
  9        9   (0)      1 :  0.5881 0.0002 0.4089 0.0026 0.0002 0.0000 0.0000 0.0000 
 10       10   (0)      1 :  0.0651 0.0000 0.3715 0.0000 0.0000 0.5634 0.0000 0.0000 
 11       11   (0)      1 :  0.8822 0.0000 0.0014 0.0780 0.0220 0.0000 0.0008 0.0156 
 12       12   (0)      1 :  0.3635 0.0000 0.2279 0.0022 0.0000 0.4063 0.0000 0.0000 
 13       13   (0)      2 :  0.0000 1.0000 0.0000 0.0000 0.0000 0.0000 0.0000 0.0000 
 14       14   (0)      2 :  0.0000 1.0000 0.0000 0.0000 0.0000 0.0000 0.0000 0.0000 
 15       15   (0)      2 :  0.0000 1.0000 0.0000 0.0000 0.0000 0.0000 0.0000 0.0000 
 16       16   (0)      3 :  0.0020 0.0002 0.0006 0.0006 0.3937 0.1688 0.0132 0.4208 
 17       17   (0)      3 :  0.0002 0.0000 0.0000 0.0000 0.3924 0.2010 0.0066 0.3998 
 18       18   (0)      3 :  0.0032 0.0000 0.0000 0.0014 0.3624 0.1828 0.0152 0.4350 
 19       19   (0)      3 :  0.0000 0.0060 0.1099 0.0000 0.2173 0.4428 0.0028 0.2212 
 20       20   (0)      3 :  0.0000 0.0144 0.1229 0.0000 0.1290 0.5994 0.0014 0.1329 
 21       21   (0)      3 :  0.0432 0.0000 0.0000 0.0194 0.3536 0.1750 0.0078 0.4010 
 22       22   (0)      3 :  0.0000 0.0000 0.0650 0.0000 0.2637 0.4018 0.0034 0.2661 
 23       23   (0)      3 :  0.0868 0.0000 0.0000 0.0010 0.3254 0.1522 0.0208 0.4138 
 24       24   (0)      3 :  0.0070 0.0000 0.0000 0.0200 0.3619 0.1688 0.0170 0.4253 
 25       25   (0)      3 :  0.0006 0.0000 0.0220 0.0004 0.3440 0.2694 0.0060 0.3576 
 26       26   (0)      3 :  0.0012 0.0000 0.0000 0.0034 0.3914 0.1992 0.0072 0.3976 
 27       27   (0)      3 :  0.0008 0.0000 0.0000 0.0006 0.3922 0.2124 0.0062 0.3878 
 28       28   (0)      4 :  0.9952 0.0000 0.0000 0.0048 0.0000 0.0000 0.0000 0.0000 
 29       29   (0)      4 :  0.9992 0.0000 0.0000 0.0008 0.0000 0.0000 0.0000 0.0000 
 30       30   (0)      4 :  0.9992 0.0000 0.0000 0.0008 0.0000 0.0000 0.0000 0.0000 
 31       31   (0)      4 :  0.9502 0.0000 0.0302 0.0004 0.0014 0.0170 0.0000 0.0008 
 32       32   (0)      4 :  0.9600 0.0004 0.0278 0.0012 0.0000 0.0106 0.0000 0.0000 
 33       33   (0)      4 :  0.9990 0.0000 0.0000 0.0010 0.0000 0.0000 0.0000 0.0000 
 34       34   (0)      4 :  1.0000 0.0000 0.0000 0.0000 0.0000 0.0000 0.0000 0.0000 
 35       35   (0)      5 :  0.0034 0.0000 0.0000 0.9966 0.0000 0.0000 0.0000 0.0000 
 36       36   (0)      5 :  0.0024 0.0000 0.0000 0.9976 0.0000 0.0000 0.0000 0.0000 
 37       37   (0)      5 :  0.0012 0.0000 0.0000 0.9988 0.0000 0.0000 0.0000 0.0000 
 38       38   (0)      5 :  0.0010 0.0000 0.0000 0.9986 0.0004 0.0000 0.0000 0.0000 
 39       39   (0)      5 :  0.0000 0.0000 0.0000 1.0000 0.0000 0.0000 0.0000 0.0000 
 40       40   (0)      5 :  0.0000 0.0000 0.1379 0.6477 0.0000 0.2145 0.0000 0.0000 
 41       41   (0)      5 :  0.0010 0.0000 0.0000 0.9986 0.0000 0.0000 0.0000 0.0004 
 42       42   (0)      5 :  0.0000 0.0000 0.0192 0.9112 0.0000 0.0696 0.0000 0.0000 
 43       43   (0)      5 :  0.0358 0.0000 0.0000 0.9642 0.0000 0.0000 0.0000 0.0000 
 44       44   (0)      5 :  0.0000 0.0000 0.0000 1.0000 0.0000 0.0000 0.0000 0.0000 
 45       45   (0)      5 :  0.0062 0.0000 0.0000 0.9938 0.0000 0.0000 0.0000 0.0000 
 46       46   (0)      5 :  0.0006 0.0000 0.0000 0.9994 0.0000 0.0000 0.0000 0.0000 
 47       47   (0)      5 :  0.0008 0.0000 0.0000 0.9992 0.0000 0.0000 0.0000 0.0000 
 48       48   (0)      6 :  0.9848 0.0000 0.0000 0.0000 0.0052 0.0006 0.0034 0.0060 
 49       49   (0)      6 :  0.9962 0.0000 0.0000 0.0036 0.0000 0.0000 0.0000 0.0002 
 50       50   (0)      6 :  0.9626 0.0000 0.0000 0.0102 0.0122 0.0000 0.0004 0.0146 
 51       51   (0)      6 :  0.9892 0.0000 0.0000 0.0024 0.0002 0.0000 0.0082 0.0000 
 52       52   (0)      6 :  0.9970 0.0000 0.0000 0.0002 0.0010 0.0000 0.0002 0.0016 
 53       53   (0)      6 :  0.9918 0.0000 0.0000 0.0008 0.0042 0.0004 0.0002 0.0026 
 54       54   (0)      6 :  0.9934 0.0000 0.0000 0.0042 0.0024 0.0000 0.0000 0.0000 
 55       55   (0)      6 :  0.9926 0.0000 0.0000 0.0010 0.0064 0.0000 0.0000 0.0000 
 56       56   (0)      6 :  0.9171 0.0000 0.0000 0.0020 0.0809 0.0000 0.0000 0.0000 
 57       57   (0)      6 :  0.9974 0.0000 0.0000 0.0020 0.0000 0.0004 0.0000 0.0002 
 58       58   (0)      6 :  0.0658 0.0000 0.0000 0.0078 0.0026 0.0004 0.8283 0.0951 
 59       59   (0)      7 :  0.0034 0.0000 0.0000 0.0010 0.0006 0.0002 0.9914 0.0034 
 60       60   (0)      7 :  0.0034 0.0000 0.0000 0.0004 0.0008 0.0002 0.9918 0.0034 
 61       61   (0)      7 :  0.0086 0.0000 0.0000 0.0010 0.0004 0.0000 0.9818 0.0082 
 62       62   (0)      7 :  0.0006 0.0000 0.0000 0.0000 0.0004 0.0000 0.9836 0.0154 
 63       63   (0)      7 :  0.0038 0.0000 0.0000 0.0158 0.0006 0.0000 0.9772 0.0026 
 64       64   (0)      7 :  0.0050 0.0000 0.0000 0.0012 0.0016 0.0000 0.9914 0.0008 
 65       65   (0)      7 :  0.0240 0.0000 0.0000 0.0000 0.0012 0.0000 0.9688 0.0060 
 66       66   (0)      8 :  0.2845 0.0000 0.0000 0.0508 0.6621 0.0010 0.0000 0.0016 
 67       67   (0)      8 :  0.2336 0.0000 0.0000 0.0026 0.7638 0.0000 0.0000 0.0000 
 68       68   (0)      8 :  0.2066 0.0000 0.0114 0.0006 0.7802 0.0000 0.0002 0.0010 
 69       69   (0)      8 :  0.2131 0.0000 0.0000 0.0000 0.7849 0.0020 0.0000 0.0000 
 70       70   (0)      8 :  0.2710 0.0000 0.0000 0.0000 0.7290 0.0000 0.0000 0.0000 
 71       71   (0)      8 :  0.3161 0.0000 0.0000 0.0086 0.6753 0.0000 0.0000 0.0000 
 72       72   (0)      8 :  0.2179 0.0000 0.0000 0.0010 0.7793 0.0002 0.0002 0.0014 
 73       73   (0)      8 :  0.1782 0.0000 0.0694 0.0000 0.6813 0.0710 0.0000 0.0000 
 74       74   (0)      8 :  0.2059 0.0000 0.0102 0.0000 0.7443 0.0388 0.0000 0.0008 
 75       75   (0)      8 :  0.2630 0.0000 0.0000 0.0028 0.7326 0.0004 0.0000 0.0012 
 76       76   (0)      8 :  0.3149 0.0000 0.0000 0.0024 0.6799 0.0004 0.0002 0.0022 
 77       77   (0)      8 :  0.2432 0.0000 0.0000 0.0032 0.7530 0.0000 0.0002 0.0004 
 78       78   (0)      9 :  0.7699 0.0000 0.0000 0.1163 0.0022 0.0202 0.0010 0.0905 
 79       79   (0)      9 :  0.9046 0.0000 0.0000 0.0910 0.0016 0.0002 0.0004 0.0022 
 80       80   (0)      9 :  0.9128 0.0000 0.0000 0.0872 0.0000 0.0000 0.0000 0.0000 
 81       81   (0)      9 :  0.8064 0.0000 0.0240 0.0990 0.0014 0.0680 0.0002 0.0010 
 82       82   (0)      9 :  0.8505 0.0112 0.0176 0.0801 0.0310 0.0092 0.0000 0.0004 
 83       83   (0)      9 :  0.8556 0.0000 0.0000 0.1110 0.0268 0.0000 0.0020 0.0046 
 84       84   (0)      9 :  0.8864 0.0000 0.0000 0.0148 0.0006 0.0000 0.0144 0.0838 
 85       85   (0)      9 :  0.8828 0.0000 0.0000 0.1088 0.0006 0.0000 0.0074 0.0004 
 86       86   (0)      9 :  0.7788 0.0108 0.1148 0.0452 0.0006 0.0488 0.0002 0.0008 
 87       87   (0)      9 :  0.8329 0.0000 0.0000 0.1651 0.0010 0.0002 0.0000 0.0008 
 88       88   (0)      9 :  0.8944 0.0000 0.0000 0.1022 0.0032 0.0000 0.0000 0.0002 
 89       89   (0)      9 :  0.7499 0.0450 0.0968 0.0882 0.0000 0.0200 0.0000 0.0000 
 90       90   (0)      9 :  0.8699 0.0000 0.0240 0.0725 0.0000 0.0336 0.0000 0.0000 
 91       91   (0)     10 :  0.0050 0.0000 0.0000 0.0046 0.0476 0.0192 0.1912 0.7325 
 92       92   (0)     10 :  0.0334 0.0000 0.0000 0.0018 0.0460 0.0008 0.1776 0.7404 
 93       93   (0)     10 :  0.0012 0.0000 0.0000 0.0034 0.0004 0.0000 0.1978 0.7972 
 94       94   (0)     10 :  0.0008 0.0000 0.0000 0.0058 0.0012 0.0004 0.1912 0.8006 
 95       95   (0)     10 :  0.0012 0.0000 0.0000 0.0000 0.0002 0.0000 0.2026 0.7960 
 96       96   (0)     10 :  0.0052 0.0000 0.0000 0.0118 0.0016 0.0000 0.2060 0.7754 
 97       97   (0)     10 :  0.0826 0.0000 0.0000 0.0038 0.0284 0.0168 0.1973 0.6711 
 98       98   (0)     10 :  0.0016 0.0000 0.0000 0.0064 0.0016 0.0000 0.1960 0.7944 
 99       99   (0)     10 :  0.0000 0.0000 0.0668 0.0000 0.0000 0.1591 0.1566 0.6176 
100      100   (0)     10 :  0.0122 0.0000 0.0000 0.0030 0.0014 0.0000 0.2040 0.7794 
101      101   (0)     10 :  0.0000 0.0000 0.0470 0.0000 0.0002 0.1653 0.1594 0.6281 
102      102   (0)     10 :  0.0130 0.0000 0.0000 0.0014 0.0106 0.0002 0.1930 0.7818 
103      103   (0)     10 :  0.0036 0.0000 0.0000 0.0004 0.0044 0.0010 0.1926 0.7980 
