1        1   (0)      1  : 0.5239 0.0000 0.0000 0.0010 0.0000 0.0000 0.0000 0.1078 0.0000 0.1999 0.0837 0.0010 0.0695 0.0134
2        2   (0)      1  : 0.3739 0.0000 0.0000 0.0010 0.0000 0.0000 0.0010 0.2705 0.0000 0.0677 0.1250 0.0000 0.1608 0.0000
3        3   (0)      1  : 0.5621 0.0000 0.0003 0.0736 0.0000 0.0000 0.0000 0.0263 0.0000 0.2509 0.0467 0.0010 0.0216 0.0173
4        4   (0)      1  : 0.4733 0.0000 0.0000 0.0057 0.0000 0.0000 0.0000 0.1192 0.0000 0.1693 0.1111 0.0357 0.0838 0.0020
5        5   (0)      1  : 0.1651 0.0000 0.0000 0.0000 0.0000 0.0000 0.0000 0.6542 0.0000 0.0000 0.1803 0.0000 0.0003 0.0000
6        6   (0)      1  : 0.3245 0.0260 0.0000 0.0003 0.0000 0.0000 0.0000 0.0000 0.0000 0.0410 0.6047 0.0000 0.0023 0.0010
7        7   (0)      1  : 0.4728 0.0114 0.0000 0.0017 0.0000 0.0000 0.0007 0.0000 0.0000 0.1329 0.3676 0.0007 0.0113 0.0010
8        8   (0)      1  : 0.5075 0.0000 0.0000 0.0020 0.0000 0.0003 0.0174 0.1181 0.0003 0.1994 0.0704 0.0103 0.0729 0.0013
9        9   (0)      1  : 0.4893 0.0000 0.0000 0.0010 0.0000 0.0000 0.0000 0.1134 0.0000 0.0814 0.2841 0.0000 0.0307 0.0000
10       10   (0)      1  : 0.0911 0.0000 0.0000 0.0000 0.0000 0.0000 0.8225 0.0000 0.0000 0.0073 0.0317 0.0000 0.0474 0.0000
11       11   (0)      1  : 0.5289 0.0000 0.0063 0.0804 0.0000 0.0020 0.0000 0.0000 0.0000 0.3534 0.0120 0.0057 0.0080 0.0033
12       12   (0)      1  : 0.2371 0.0000 0.0000 0.0030 0.0000 0.0000 0.2255 0.2090 0.0000 0.1367 0.0013 0.0250 0.1584 0.0040
13       13   (0)      2  : 0.0000 1.0000 0.0000 0.0000 0.0000 0.0000 0.0000 0.0000 0.0000 0.0000 0.0000 0.0000 0.0000 0.0000
14       14   (0)      2  : 0.0000 1.0000 0.0000 0.0000 0.0000 0.0000 0.0000 0.0000 0.0000 0.0000 0.0000 0.0000 0.0000 0.0000
15       15   (0)      2  : 0.0000 1.0000 0.0000 0.0000 0.0000 0.0000 0.0000 0.0000 0.0000 0.0000 0.0000 0.0000 0.0000 0.0000
16       16   (0)      3  : 0.4191 0.0000 0.0223 0.0000 0.0000 0.0010 0.0000 0.0000 0.5575 0.0000 0.0000 0.0000 0.0000 0.0000
17       17   (0)      3  : 0.3933 0.0000 0.0000 0.0000 0.0000 0.0000 0.0000 0.0000 0.6067 0.0000 0.0000 0.0000 0.0000 0.0000
18       18   (0)      3  : 0.4474 0.0000 0.0060 0.0000 0.0000 0.0000 0.0000 0.0000 0.5199 0.0000 0.0000 0.0133 0.0133 0.0000
19       19   (0)      3  : 0.1654 0.0087 0.0000 0.0000 0.0000 0.0000 0.1547 0.1034 0.4035 0.0000 0.0003 0.0000 0.1640 0.0000
20       20   (0)      3  : 0.0167 0.0000 0.0000 0.0000 0.0000 0.0000 0.2125 0.0000 0.1931 0.0000 0.0000 0.2873 0.2903 0.0000
21       21   (0)      3  : 0.4471 0.0000 0.0010 0.0010 0.0000 0.0010 0.0000 0.0000 0.5499 0.0000 0.0000 0.0000 0.0000 0.0000
22       22   (0)      3  : 0.1967 0.0000 0.0000 0.0000 0.0000 0.0000 0.1010 0.0570 0.4753 0.0000 0.0000 0.0583 0.1117 0.0000
23       23   (0)      3  : 0.4972 0.0000 0.0370 0.0000 0.0000 0.0037 0.0000 0.0000 0.4618 0.0003 0.0000 0.0000 0.0000 0.0000
24       24   (0)      3  : 0.4388 0.0000 0.0033 0.0010 0.0003 0.0000 0.0000 0.0000 0.5565 0.0000 0.0000 0.0000 0.0000 0.0000
25       25   (0)      3  : 0.3562 0.0000 0.0000 0.0000 0.0000 0.0000 0.0350 0.0217 0.5440 0.0000 0.0000 0.0117 0.0314 0.0000
26       26   (0)      3  : 0.4094 0.0000 0.0000 0.0000 0.0000 0.0000 0.0000 0.0000 0.5906 0.0000 0.0000 0.0000 0.0000 0.0000
27       27   (0)      3  : 0.3741 0.0000 0.0000 0.0000 0.0000 0.0000 0.0000 0.0000 0.6259 0.0000 0.0000 0.0000 0.0000 0.0000
28       28   (0)      4  : 0.5172 0.0000 0.0000 0.0003 0.0000 0.0000 0.0000 0.0000 0.0000 0.2179 0.0000 0.2646 0.0000 0.0000
29       29   (0)      4  : 0.5756 0.0000 0.0000 0.0000 0.0000 0.0000 0.0000 0.0000 0.0000 0.1845 0.0000 0.2399 0.0000 0.0000
30       30   (0)      4  : 0.5504 0.0000 0.0000 0.0003 0.0000 0.0000 0.0000 0.0000 0.0000 0.1718 0.0000 0.2775 0.0000 0.0000
31       31   (0)      4  : 0.4790 0.0000 0.0003 0.0000 0.0000 0.0003 0.0000 0.0223 0.0000 0.2391 0.0000 0.2589 0.0000 0.0000
32       32   (0)      4  : 0.4459 0.0000 0.0000 0.0017 0.0000 0.0000 0.0000 0.0100 0.0000 0.1824 0.0000 0.3537 0.0000 0.0063
33       33   (0)      4  : 0.5320 0.0000 0.0000 0.0007 0.0000 0.0000 0.0000 0.0000 0.0000 0.2000 0.0000 0.2673 0.0000 0.0000
34       34   (0)      4  : 0.5464 0.0000 0.0000 0.0000 0.0000 0.0000 0.0000 0.0000 0.0000 0.1680 0.0000 0.2856 0.0000 0.0000
35       35   (0)      5  : 0.0487 0.0000 0.0000 0.9513 0.0000 0.0000 0.0000 0.0000 0.0000 0.0000 0.0000 0.0000 0.0000 0.0000
36       36   (0)      5  : 0.0263 0.0000 0.0000 0.9727 0.0000 0.0000 0.0000 0.0000 0.0000 0.0003 0.0000 0.0007 0.0000 0.0000
37       37   (0)      5  : 0.0320 0.0000 0.0000 0.9680 0.0000 0.0000 0.0000 0.0000 0.0000 0.0000 0.0000 0.0000 0.0000 0.0000
38       38   (0)      5  : 0.0187 0.0000 0.0000 0.9803 0.0000 0.0000 0.0000 0.0000 0.0000 0.0010 0.0000 0.0000 0.0000 0.0000
39       39   (0)      5  : 0.0407 0.0000 0.0000 0.9593 0.0000 0.0000 0.0000 0.0000 0.0000 0.0000 0.0000 0.0000 0.0000 0.0000
40       40   (0)      5  : 0.0000 0.0000 0.0000 0.6504 0.0000 0.0000 0.0731 0.1808 0.0000 0.0000 0.0000 0.0000 0.0957 0.0000
41       41   (0)      5  : 0.0737 0.0000 0.0000 0.9263 0.0000 0.0000 0.0000 0.0000 0.0000 0.0000 0.0000 0.0000 0.0000 0.0000
42       42   (0)      5  : 0.0000 0.0000 0.0000 0.9109 0.0000 0.0000 0.0290 0.0254 0.0000 0.0000 0.0000 0.0000 0.0287 0.0060
43       43   (0)      5  : 0.0934 0.0000 0.0000 0.9059 0.0000 0.0000 0.0000 0.0000 0.0000 0.0007 0.0000 0.0000 0.0000 0.0000
44       44   (0)      5  : 0.0207 0.0000 0.0000 0.9793 0.0000 0.0000 0.0000 0.0000 0.0000 0.0000 0.0000 0.0000 0.0000 0.0000
45       45   (0)      5  : 0.0290 0.0000 0.0000 0.9697 0.0000 0.0000 0.0000 0.0000 0.0000 0.0007 0.0000 0.0007 0.0000 0.0000
46       46   (0)      5  : 0.0330 0.0000 0.0000 0.9670 0.0000 0.0000 0.0000 0.0000 0.0000 0.0000 0.0000 0.0000 0.0000 0.0000
47       47   (0)      5  : 0.0260 0.0000 0.0000 0.9740 0.0000 0.0000 0.0000 0.0000 0.0000 0.0000 0.0000 0.0000 0.0000 0.0000
48       48   (0)      6  : 0.4705 0.0000 0.0010 0.0000 0.0003 0.0023 0.0000 0.0000 0.0023 0.5232 0.0000 0.0003 0.0000 0.0000
49       49   (0)      6  : 0.4645 0.0000 0.0000 0.0023 0.0000 0.0000 0.0000 0.0000 0.0000 0.5085 0.0000 0.0243 0.0000 0.0003
50       50   (0)      6  : 0.4663 0.0000 0.0083 0.0057 0.0000 0.0020 0.0000 0.0000 0.0003 0.5070 0.0000 0.0103 0.0000 0.0000
51       51   (0)      6  : 0.4678 0.0000 0.0000 0.0013 0.0000 0.0000 0.0000 0.0000 0.0000 0.5305 0.0000 0.0003 0.0000 0.0000
52       52   (0)      6  : 0.4840 0.0000 0.0007 0.0003 0.0000 0.0003 0.0000 0.0000 0.0000 0.5143 0.0000 0.0003 0.0000 0.0000
53       53   (0)      6  : 0.4960 0.0000 0.0000 0.0003 0.0000 0.0000 0.0000 0.0000 0.0010 0.4857 0.0000 0.0170 0.0000 0.0000
54       54   (0)      6  : 0.5010 0.0000 0.0000 0.0030 0.0000 0.0013 0.0000 0.0000 0.0000 0.4923 0.0000 0.0023 0.0000 0.0000
55       55   (0)      6  : 0.4343 0.0000 0.0000 0.0010 0.0000 0.0013 0.0000 0.0000 0.0000 0.5357 0.0000 0.0277 0.0000 0.0000
56       56   (0)      6  : 0.4556 0.0000 0.0000 0.0017 0.0000 0.0824 0.0000 0.0000 0.0000 0.4593 0.0003 0.0007 0.0000 0.0000
57       57   (0)      6  : 0.4536 0.0000 0.0000 0.0023 0.0000 0.0000 0.0000 0.0000 0.0000 0.5437 0.0000 0.0003 0.0000 0.0000
58       58   (0)      6  : 0.4024 0.0000 0.0330 0.0013 0.5626 0.0000 0.0000 0.0000 0.0007 0.0000 0.0000 0.0000 0.0000 0.0000
59       59   (0)      7  : 0.3461 0.0000 0.0000 0.0000 0.6539 0.0000 0.0000 0.0000 0.0000 0.0000 0.0000 0.0000 0.0000 0.0000
60       60   (0)      7  : 0.3606 0.0000 0.0000 0.0000 0.6391 0.0000 0.0000 0.0000 0.0003 0.0000 0.0000 0.0000 0.0000 0.0000
61       61   (0)      7  : 0.3267 0.0000 0.0010 0.0000 0.6717 0.0000 0.0000 0.0000 0.0000 0.0007 0.0000 0.0000 0.0000 0.0000
62       62   (0)      7  : 0.3271 0.0000 0.0040 0.0000 0.6689 0.0000 0.0000 0.0000 0.0000 0.0000 0.0000 0.0000 0.0000 0.0000
63       63   (0)      7  : 0.3264 0.0000 0.0000 0.0013 0.6722 0.0000 0.0000 0.0000 0.0000 0.0000 0.0000 0.0000 0.0000 0.0000
64       64   (0)      7  : 0.3480 0.0000 0.0000 0.0000 0.6520 0.0000 0.0000 0.0000 0.0000 0.0000 0.0000 0.0000 0.0000 0.0000
65       65   (0)      7  : 0.3473 0.0000 0.0010 0.0000 0.6517 0.0000 0.0000 0.0000 0.0000 0.0000 0.0000 0.0000 0.0000 0.0000
66       66   (0)      8  : 0.5269 0.0000 0.0000 0.0277 0.0000 0.4364 0.0000 0.0000 0.0017 0.0073 0.0000 0.0000 0.0000 0.0000
67       67   (0)      8  : 0.4254 0.0000 0.0000 0.0000 0.0000 0.5746 0.0000 0.0000 0.0000 0.0000 0.0000 0.0000 0.0000 0.0000
68       68   (0)      8  : 0.4571 0.0000 0.0000 0.0000 0.0000 0.5422 0.0000 0.0007 0.0000 0.0000 0.0000 0.0000 0.0000 0.0000
69       69   (0)      8  : 0.4745 0.0000 0.0000 0.0000 0.0000 0.5255 0.0000 0.0000 0.0000 0.0000 0.0000 0.0000 0.0000 0.0000
70       70   (0)      8  : 0.5172 0.0000 0.0000 0.0000 0.0000 0.4828 0.0000 0.0000 0.0000 0.0000 0.0000 0.0000 0.0000 0.0000
71       71   (0)      8  : 0.5032 0.0000 0.0000 0.0213 0.0000 0.4622 0.0000 0.0000 0.0000 0.0107 0.0000 0.0027 0.0000 0.0000
72       72   (0)      8  : 0.4902 0.0000 0.0000 0.0003 0.0000 0.5095 0.0000 0.0000 0.0000 0.0000 0.0000 0.0000 0.0000 0.0000
73       73   (0)      8  : 0.4048 0.0000 0.0000 0.0000 0.0000 0.4623 0.0210 0.0808 0.0000 0.0000 0.0000 0.0000 0.0311 0.0000
74       74   (0)      8  : 0.4588 0.0000 0.0000 0.0000 0.0000 0.4942 0.0157 0.0157 0.0010 0.0000 0.0000 0.0000 0.0147 0.0000
75       75   (0)      8  : 0.5107 0.0000 0.0000 0.0037 0.0000 0.4837 0.0000 0.0000 0.0010 0.0010 0.0000 0.0000 0.0000 0.0000
76       76   (0)      8  : 0.4985 0.0000 0.0010 0.0033 0.0000 0.4608 0.0000 0.0000 0.0010 0.0353 0.0000 0.0000 0.0000 0.0000
77       77   (0)      8  : 0.4563 0.0000 0.0000 0.0007 0.0000 0.5430 0.0000 0.0000 0.0000 0.0000 0.0000 0.0000 0.0000 0.0000
78       78   (0)      9  : 0.5077 0.0000 0.0000 0.0843 0.0000 0.0007 0.0000 0.0000 0.0000 0.2037 0.0000 0.0000 0.0000 0.2037
79       79   (0)      9  : 0.5340 0.0000 0.0000 0.0794 0.0000 0.0000 0.0000 0.0000 0.0000 0.2747 0.0000 0.0010 0.0000 0.1108
80       80   (0)      9  : 0.5550 0.0000 0.0000 0.0660 0.0000 0.0000 0.0000 0.0000 0.0000 0.2353 0.0000 0.0000 0.0000 0.1437
81       81   (0)      9  : 0.4995 0.0000 0.0000 0.0503 0.0000 0.0000 0.0000 0.0000 0.0000 0.1497 0.0000 0.0007 0.0000 0.2998
82       82   (0)      9  : 0.5137 0.0000 0.0000 0.0787 0.0000 0.0073 0.0000 0.0000 0.0000 0.1756 0.0007 0.0384 0.0000 0.1857
83       83   (0)      9  : 0.5445 0.0000 0.0000 0.1028 0.0000 0.0143 0.0000 0.0000 0.0000 0.2289 0.0000 0.0000 0.0000 0.1094
84       84   (0)      9  : 0.6101 0.0000 0.0013 0.0063 0.0000 0.0003 0.0000 0.0000 0.0000 0.2275 0.0000 0.0020 0.0000 0.1524
85       85   (0)      9  : 0.5908 0.0000 0.0000 0.0861 0.0027 0.0000 0.0000 0.0000 0.0000 0.2393 0.0000 0.0010 0.0000 0.0801
86       86   (0)      9  : 0.4798 0.0033 0.0000 0.0037 0.0000 0.0000 0.0087 0.0294 0.0000 0.1925 0.0364 0.0027 0.0000 0.2436
87       87   (0)      9  : 0.5269 0.0000 0.0000 0.1358 0.0000 0.0000 0.0000 0.0000 0.0000 0.2376 0.0000 0.0000 0.0000 0.0998
88       88   (0)      9  : 0.5378 0.0000 0.0000 0.0904 0.0000 0.0000 0.0000 0.0000 0.0000 0.2844 0.0000 0.0020 0.0000 0.0854
89       89   (0)      9  : 0.5155 0.0013 0.0000 0.0483 0.0000 0.0000 0.0000 0.0000 0.0000 0.0984 0.0640 0.0003 0.0000 0.2721
90       90   (0)      9  : 0.5602 0.0000 0.0000 0.0157 0.0000 0.0000 0.0000 0.0000 0.0000 0.2154 0.0000 0.0000 0.0000 0.2087
91       91   (0)     10  : 0.4378 0.0000 0.4932 0.0010 0.0167 0.0000 0.0000 0.0000 0.0513 0.0000 0.0000 0.0000 0.0000 0.0000
92       92   (0)     10  : 0.4727 0.0000 0.5227 0.0010 0.0010 0.0010 0.0000 0.0000 0.0010 0.0007 0.0000 0.0000 0.0000 0.0000
93       93   (0)     10  : 0.4198 0.0000 0.5799 0.0003 0.0000 0.0000 0.0000 0.0000 0.0000 0.0000 0.0000 0.0000 0.0000 0.0000
94       94   (0)     10  : 0.4406 0.0000 0.5574 0.0010 0.0000 0.0000 0.0000 0.0000 0.0010 0.0000 0.0000 0.0000 0.0000 0.0000
95       95   (0)     10  : 0.4531 0.0000 0.5469 0.0000 0.0000 0.0000 0.0000 0.0000 0.0000 0.0000 0.0000 0.0000 0.0000 0.0000
96       96   (0)     10  : 0.4505 0.0000 0.5455 0.0000 0.0040 0.0000 0.0000 0.0000 0.0000 0.0000 0.0000 0.0000 0.0000 0.0000
97       97   (0)     10  : 0.4345 0.0000 0.4762 0.0020 0.0243 0.0000 0.0000 0.0000 0.0600 0.0023 0.0000 0.0000 0.0000 0.0007
98       98   (0)     10  : 0.4315 0.0000 0.5678 0.0007 0.0000 0.0000 0.0000 0.0000 0.0000 0.0000 0.0000 0.0000 0.0000 0.0000
99       99   (0)     10  : 0.2899 0.0000 0.4972 0.0000 0.0000 0.0000 0.0749 0.0607 0.0010 0.0000 0.0000 0.0127 0.0636 0.0000
100      100   (0)     10  : 0.4473 0.0000 0.5524 0.0003 0.0000 0.0000 0.0000 0.0000 0.0000 0.0000 0.0000 0.0000 0.0000 0.0000
101      101   (0)     10  : 0.3092 0.0000 0.4937 0.0000 0.0007 0.0000 0.0644 0.0620 0.0000 0.0000 0.0000 0.0000 0.0701 0.0000
102      102   (0)     10  : 0.4661 0.0000 0.5332 0.0000 0.0003 0.0003 0.0000 0.0000 0.0000 0.0000 0.0000 0.0000 0.0000 0.0000
103      103   (0)     10  : 0.4595 0.0000 0.5395 0.0000 0.0000 0.0000 0.0000 0.0000 0.0010 0.0000 0.0000 0.0000 0.0000 0.0000
