1        1   (0)      1  : 0.6830 0.0000 0.0000 0.0010 0.0000 0.0012 0.0000 0.2325 0.0000 0.0448 0.0088 0.0042 0.0244
2        2   (0)      1  : 0.4176 0.0000 0.0000 0.0010 0.0000 0.0000 0.0004 0.5157 0.0000 0.0214 0.0002 0.0000 0.0436
3        3   (0)      1  : 0.7868 0.0000 0.0010 0.0652 0.0000 0.0000 0.0000 0.0682 0.0000 0.0537 0.0136 0.0060 0.0054
4        4   (0)      1  : 0.6402 0.0000 0.0000 0.0048 0.0000 0.0000 0.0000 0.2928 0.0000 0.0376 0.0042 0.0116 0.0088
5        5   (0)      1  : 0.0841 0.0000 0.0000 0.0000 0.0000 0.0000 0.0070 0.8169 0.0000 0.0000 0.0238 0.0000 0.0682
6        6   (0)      1  : 0.3476 0.0166 0.0000 0.0000 0.0000 0.0000 0.0000 0.1238 0.0000 0.0122 0.4995 0.0000 0.0002
7        7   (0)      1  : 0.5873 0.0090 0.0004 0.0018 0.0000 0.0010 0.0010 0.0769 0.0000 0.0274 0.2933 0.0004 0.0014
8        8   (0)      1  : 0.6743 0.0000 0.0002 0.0028 0.0000 0.0014 0.0220 0.2023 0.0006 0.0426 0.0180 0.0036 0.0322
9        9   (0)      1  : 0.5547 0.0000 0.0000 0.0010 0.0000 0.0000 0.0008 0.2799 0.0000 0.0228 0.1406 0.0000 0.0002
10       10   (0)      1  : 0.0949 0.0000 0.0000 0.0000 0.0000 0.0000 0.8555 0.0236 0.0000 0.0060 0.0200 0.0000 0.0000
11       11   (0)      1  : 0.8093 0.0000 0.0206 0.0707 0.0000 0.0100 0.0000 0.0040 0.0000 0.0710 0.0046 0.0034 0.0064
12       12   (0)      1  : 0.3213 0.0000 0.0000 0.0012 0.0000 0.0000 0.1814 0.1511 0.0000 0.0809 0.0092 0.0008 0.2541
13       13   (0)      2  : 0.0000 1.0000 0.0000 0.0000 0.0000 0.0000 0.0000 0.0000 0.0000 0.0000 0.0000 0.0000 0.0000
14       14   (0)      2  : 0.0000 1.0000 0.0000 0.0000 0.0000 0.0000 0.0000 0.0000 0.0000 0.0000 0.0000 0.0000 0.0000
15       15   (0)      2  : 0.0000 1.0000 0.0000 0.0000 0.0000 0.0000 0.0000 0.0000 0.0000 0.0000 0.0000 0.0000 0.0000
16       16   (0)      3  : 0.1167 0.0000 0.0622 0.0004 0.0000 0.0282 0.0000 0.0000 0.7925 0.0000 0.0000 0.0000 0.0000
17       17   (0)      3  : 0.0969 0.0000 0.0000 0.0000 0.0000 0.0000 0.0000 0.0000 0.9031 0.0000 0.0000 0.0000 0.0000
18       18   (0)      3  : 0.1293 0.0000 0.0560 0.0006 0.0000 0.0014 0.0000 0.0000 0.7835 0.0292 0.0000 0.0000 0.0000
19       19   (0)      3  : 0.0294 0.0104 0.0000 0.0000 0.0000 0.0000 0.1011 0.0671 0.5084 0.0162 0.0026 0.0000 0.2646
20       20   (0)      3  : 0.0004 0.0000 0.0000 0.0000 0.0000 0.0000 0.1277 0.0000 0.1830 0.6889 0.0000 0.0000 0.0000
21       21   (0)      3  : 0.1820 0.0000 0.0132 0.0064 0.0000 0.0012 0.0000 0.0000 0.7972 0.0000 0.0000 0.0000 0.0000
22       22   (0)      3  : 0.0372 0.0000 0.0000 0.0000 0.0000 0.0000 0.0609 0.0450 0.6157 0.1341 0.0000 0.0000 0.1071
23       23   (0)      3  : 0.2296 0.0000 0.0764 0.0002 0.0000 0.0042 0.0000 0.0000 0.6896 0.0000 0.0000 0.0000 0.0000
24       24   (0)      3  : 0.1542 0.0000 0.0480 0.0056 0.0002 0.0026 0.0000 0.0000 0.7894 0.0000 0.0000 0.0000 0.0000
25       25   (0)      3  : 0.0890 0.0000 0.0036 0.0000 0.0000 0.0010 0.0338 0.0148 0.7971 0.0224 0.0000 0.0000 0.0382
26       26   (0)      3  : 0.1061 0.0000 0.0000 0.0008 0.0000 0.0004 0.0000 0.0000 0.8927 0.0000 0.0000 0.0000 0.0000
27       27   (0)      3  : 0.0965 0.0000 0.0000 0.0000 0.0000 0.0000 0.0000 0.0000 0.9035 0.0000 0.0000 0.0000 0.0000
28       28   (0)      4  : 0.7623 0.0000 0.0000 0.0012 0.0000 0.0000 0.0000 0.0000 0.0000 0.0144 0.0026 0.2193 0.0002
29       29   (0)      4  : 0.7893 0.0000 0.0000 0.0006 0.0002 0.0002 0.0000 0.0000 0.0000 0.0086 0.0000 0.2009 0.0002
30       30   (0)      4  : 0.7770 0.0000 0.0000 0.0004 0.0000 0.0000 0.0000 0.0000 0.0000 0.0026 0.0000 0.2200 0.0000
31       31   (0)      4  : 0.7329 0.0000 0.0010 0.0000 0.0000 0.0014 0.0000 0.0360 0.0000 0.0246 0.0000 0.2034 0.0006
32       32   (0)      4  : 0.6828 0.0012 0.0000 0.0012 0.0000 0.0000 0.0000 0.0166 0.0000 0.0022 0.0000 0.2954 0.0006
33       33   (0)      4  : 0.7701 0.0000 0.0000 0.0010 0.0000 0.0000 0.0000 0.0000 0.0000 0.0094 0.0000 0.2195 0.0000
34       34   (0)      4  : 0.7668 0.0000 0.0000 0.0000 0.0000 0.0000 0.0000 0.0000 0.0000 0.0000 0.0000 0.2332 0.0000
35       35   (0)      5  : 0.0134 0.0000 0.0000 0.9864 0.0000 0.0000 0.0000 0.0000 0.0000 0.0000 0.0000 0.0002 0.0000
36       36   (0)      5  : 0.0080 0.0000 0.0000 0.9916 0.0000 0.0000 0.0000 0.0000 0.0000 0.0000 0.0000 0.0004 0.0000
37       37   (0)      5  : 0.0060 0.0000 0.0000 0.9940 0.0000 0.0000 0.0000 0.0000 0.0000 0.0000 0.0000 0.0000 0.0000
38       38   (0)      5  : 0.0044 0.0000 0.0000 0.9952 0.0000 0.0002 0.0000 0.0000 0.0000 0.0002 0.0000 0.0000 0.0000
39       39   (0)      5  : 0.0070 0.0000 0.0000 0.9930 0.0000 0.0000 0.0000 0.0000 0.0000 0.0000 0.0000 0.0000 0.0000
40       40   (0)      5  : 0.0000 0.0000 0.0000 0.6218 0.0000 0.0000 0.0438 0.1591 0.0000 0.0052 0.0000 0.0000 0.1701
41       41   (0)      5  : 0.0168 0.0000 0.0000 0.9832 0.0000 0.0000 0.0000 0.0000 0.0000 0.0000 0.0000 0.0000 0.0000
42       42   (0)      5  : 0.0000 0.0000 0.0000 0.8985 0.0000 0.0000 0.0176 0.0138 0.0000 0.0002 0.0078 0.0084 0.0536
43       43   (0)      5  : 0.0539 0.0000 0.0000 0.9459 0.0000 0.0000 0.0000 0.0000 0.0000 0.0002 0.0000 0.0000 0.0000
44       44   (0)      5  : 0.0030 0.0000 0.0000 0.9970 0.0000 0.0000 0.0000 0.0000 0.0000 0.0000 0.0000 0.0000 0.0000
45       45   (0)      5  : 0.0114 0.0000 0.0000 0.9876 0.0000 0.0000 0.0000 0.0000 0.0000 0.0000 0.0000 0.0010 0.0000
46       46   (0)      5  : 0.0052 0.0000 0.0000 0.9948 0.0000 0.0000 0.0000 0.0000 0.0000 0.0000 0.0000 0.0000 0.0000
47       47   (0)      5  : 0.0052 0.0000 0.0000 0.9948 0.0000 0.0000 0.0000 0.0000 0.0000 0.0000 0.0000 0.0000 0.0000
48       48   (0)      6  : 0.8398 0.0000 0.0032 0.0000 0.0014 0.0034 0.0000 0.0000 0.0040 0.1016 0.0000 0.0004 0.0462
49       49   (0)      6  : 0.8434 0.0000 0.0002 0.0028 0.0000 0.0000 0.0000 0.0000 0.0000 0.0967 0.0000 0.0204 0.0364
50       50   (0)      6  : 0.8225 0.0000 0.0176 0.0052 0.0000 0.0052 0.0000 0.0000 0.0000 0.0980 0.0000 0.0094 0.0420
51       51   (0)      6  : 0.8478 0.0000 0.0000 0.0010 0.0048 0.0000 0.0000 0.0000 0.0000 0.1034 0.0000 0.0014 0.0416
52       52   (0)      6  : 0.8610 0.0000 0.0030 0.0000 0.0000 0.0010 0.0000 0.0000 0.0000 0.0998 0.0000 0.0002 0.0350
53       53   (0)      6  : 0.8511 0.0000 0.0000 0.0000 0.0000 0.0008 0.0000 0.0000 0.0042 0.0930 0.0000 0.0130 0.0378
54       54   (0)      6  : 0.8636 0.0000 0.0000 0.0024 0.0000 0.0028 0.0000 0.0000 0.0000 0.0950 0.0000 0.0014 0.0348
55       55   (0)      6  : 0.8295 0.0000 0.0000 0.0008 0.0000 0.0040 0.0000 0.0000 0.0000 0.1021 0.0000 0.0232 0.0404
56       56   (0)      6  : 0.7583 0.0000 0.0000 0.0020 0.0000 0.1098 0.0000 0.0000 0.0000 0.0903 0.0014 0.0008 0.0374
57       57   (0)      6  : 0.8460 0.0000 0.0000 0.0018 0.0000 0.0000 0.0000 0.0000 0.0000 0.1059 0.0000 0.0002 0.0460
58       58   (0)      6  : 0.1747 0.0000 0.0814 0.0044 0.7351 0.0014 0.0000 0.0000 0.0030 0.0000 0.0000 0.0000 0.0000
59       59   (0)      7  : 0.0888 0.0000 0.0010 0.0004 0.9086 0.0000 0.0000 0.0000 0.0012 0.0000 0.0000 0.0000 0.0000
60       60   (0)      7  : 0.0957 0.0000 0.0010 0.0000 0.9021 0.0000 0.0000 0.0000 0.0012 0.0000 0.0000 0.0000 0.0000
61       61   (0)      7  : 0.0857 0.0000 0.0048 0.0006 0.9089 0.0000 0.0000 0.0000 0.0000 0.0000 0.0000 0.0000 0.0000
62       62   (0)      7  : 0.0765 0.0000 0.0138 0.0000 0.9093 0.0004 0.0000 0.0000 0.0000 0.0000 0.0000 0.0000 0.0000
63       63   (0)      7  : 0.0837 0.0000 0.0012 0.0096 0.9049 0.0006 0.0000 0.0000 0.0000 0.0000 0.0000 0.0000 0.0000
64       64   (0)      7  : 0.0877 0.0000 0.0002 0.0008 0.9097 0.0010 0.0000 0.0000 0.0006 0.0000 0.0000 0.0000 0.0000
65       65   (0)      7  : 0.1076 0.0000 0.0056 0.0000 0.8862 0.0004 0.0000 0.0000 0.0002 0.0000 0.0000 0.0000 0.0000
66       66   (0)      8  : 0.2577 0.0000 0.0000 0.0290 0.0000 0.7081 0.0000 0.0000 0.0040 0.0012 0.0000 0.0000 0.0000
67       67   (0)      8  : 0.1194 0.0000 0.0000 0.0006 0.0000 0.8800 0.0000 0.0000 0.0000 0.0000 0.0000 0.0000 0.0000
68       68   (0)      8  : 0.1324 0.0000 0.0006 0.0000 0.0000 0.8668 0.0000 0.0000 0.0002 0.0000 0.0000 0.0000 0.0000
69       69   (0)      8  : 0.1385 0.0000 0.0000 0.0000 0.0000 0.8615 0.0000 0.0000 0.0000 0.0000 0.0000 0.0000 0.0000
70       70   (0)      8  : 0.2056 0.0000 0.0000 0.0000 0.0000 0.7944 0.0000 0.0000 0.0000 0.0000 0.0000 0.0000 0.0000
71       71   (0)      8  : 0.2371 0.0000 0.0000 0.0134 0.0000 0.7481 0.0000 0.0000 0.0000 0.0004 0.0000 0.0010 0.0000
72       72   (0)      8  : 0.1481 0.0000 0.0012 0.0010 0.0000 0.8487 0.0000 0.0000 0.0010 0.0000 0.0000 0.0000 0.0000
73       73   (0)      8  : 0.1125 0.0000 0.0000 0.0000 0.0000 0.7401 0.0116 0.0819 0.0000 0.0000 0.0000 0.0000 0.0539
74       74   (0)      8  : 0.1343 0.0000 0.0000 0.0000 0.0000 0.8216 0.0098 0.0024 0.0018 0.0000 0.0000 0.0000 0.0300
75       75   (0)      8  : 0.2114 0.0000 0.0000 0.0018 0.0000 0.7852 0.0000 0.0000 0.0014 0.0002 0.0000 0.0000 0.0000
76       76   (0)      8  : 0.2527 0.0000 0.0010 0.0020 0.0000 0.7349 0.0000 0.0000 0.0022 0.0066 0.0000 0.0002 0.0004
77       77   (0)      8  : 0.1615 0.0000 0.0002 0.0014 0.0000 0.8369 0.0000 0.0000 0.0000 0.0000 0.0000 0.0000 0.0000
78       78   (0)      9  : 0.6968 0.0000 0.0260 0.0766 0.0000 0.0006 0.0000 0.0000 0.0000 0.0369 0.0356 0.0781 0.0495
79       79   (0)      9  : 0.7854 0.0000 0.0006 0.0773 0.0000 0.0004 0.0000 0.0000 0.0002 0.0505 0.0174 0.0414 0.0269
80       80   (0)      9  : 0.7925 0.0000 0.0000 0.0580 0.0000 0.0000 0.0000 0.0000 0.0000 0.0418 0.0230 0.0517 0.0330
81       81   (0)      9  : 0.6725 0.0000 0.0000 0.0428 0.0000 0.0002 0.0008 0.0002 0.0000 0.0282 0.0554 0.1145 0.0854
82       82   (0)      9  : 0.7060 0.0000 0.0000 0.0688 0.0000 0.0176 0.0000 0.0000 0.0004 0.0246 0.0452 0.0951 0.0422
83       83   (0)      9  : 0.7547 0.0000 0.0020 0.1015 0.0002 0.0200 0.0000 0.0000 0.0000 0.0418 0.0164 0.0375 0.0260
84       84   (0)      9  : 0.8137 0.0000 0.0322 0.0036 0.0000 0.0006 0.0000 0.0000 0.0000 0.0388 0.0232 0.0522 0.0356
85       85   (0)      9  : 0.7993 0.0000 0.0004 0.0924 0.0064 0.0006 0.0000 0.0000 0.0004 0.0430 0.0104 0.0270 0.0200
86       86   (0)      9  : 0.6577 0.0056 0.0006 0.0096 0.0002 0.0006 0.0070 0.0810 0.0000 0.0378 0.0406 0.1075 0.0518
87       87   (0)      9  : 0.7400 0.0000 0.0002 0.1411 0.0000 0.0000 0.0000 0.0000 0.0002 0.0437 0.0156 0.0358 0.0234
88       88   (0)      9  : 0.7797 0.0000 0.0000 0.0927 0.0000 0.0010 0.0000 0.0000 0.0002 0.0539 0.0144 0.0318 0.0262
89       89   (0)      9  : 0.6452 0.0076 0.0000 0.0442 0.0000 0.0000 0.0000 0.0000 0.0000 0.0156 0.1428 0.0851 0.0594
90       90   (0)      9  : 0.7631 0.0000 0.0000 0.0228 0.0000 0.0000 0.0000 0.0000 0.0000 0.0382 0.0408 0.0786 0.0565
91       91   (0)     10  : 0.1200 0.0000 0.7617 0.0010 0.0220 0.0006 0.0000 0.0000 0.0947 0.0000 0.0000 0.0000 0.0000
92       92   (0)     10  : 0.1671 0.0000 0.8135 0.0010 0.0010 0.0118 0.0000 0.0000 0.0054 0.0002 0.0000 0.0000 0.0000
93       93   (0)     10  : 0.1120 0.0000 0.8862 0.0012 0.0000 0.0000 0.0000 0.0000 0.0006 0.0000 0.0000 0.0000 0.0000
94       94   (0)     10  : 0.1136 0.0000 0.8804 0.0032 0.0000 0.0000 0.0000 0.0000 0.0028 0.0000 0.0000 0.0000 0.0000
95       95   (0)     10  : 0.1227 0.0000 0.8767 0.0000 0.0006 0.0000 0.0000 0.0000 0.0000 0.0000 0.0000 0.0000 0.0000
96       96   (0)     10  : 0.1298 0.0000 0.8570 0.0028 0.0090 0.0008 0.0000 0.0000 0.0006 0.0000 0.0000 0.0000 0.0000
97       97   (0)     10  : 0.1687 0.0000 0.7129 0.0026 0.0312 0.0000 0.0000 0.0000 0.0839 0.0002 0.0000 0.0002 0.0002
98       98   (0)     10  : 0.1118 0.0000 0.8854 0.0028 0.0000 0.0000 0.0000 0.0000 0.0000 0.0000 0.0000 0.0000 0.0000
99       99   (0)     10  : 0.0576 0.0000 0.7095 0.0000 0.0000 0.0000 0.0570 0.0704 0.0010 0.0314 0.0000 0.0002 0.0729
100      100   (0)     10  : 0.1360 0.0000 0.8620 0.0012 0.0004 0.0004 0.0000 0.0000 0.0000 0.0000 0.0000 0.0000 0.0000
101      101   (0)     10  : 0.0608 0.0000 0.7169 0.0000 0.0010 0.0000 0.0472 0.0471 0.0000 0.0002 0.0000 0.0000 0.1268
102      102   (0)     10  : 0.1304 0.0000 0.8628 0.0006 0.0006 0.0040 0.0000 0.0000 0.0006 0.0000 0.0000 0.0010 0.0000
103      103   (0)     10  : 0.1229 0.0000 0.8713 0.0000 0.0000 0.0002 0.0000 0.0000 0.0056 0.0000 0.0000 0.0000 0.0000
