  1        1   (0)      1 :  0.0000 0.0060 0.1365 0.8575 
  2        2   (0)      1 :  0.0006 0.0052 0.3300 0.6642 
  3        3   (0)      1 :  0.0024 0.0560 0.0086 0.9330 
  4        4   (0)      1 :  0.0000 0.0148 0.1488 0.8364 
  5        5   (0)      1 :  0.0000 0.0008 0.5683 0.4309 
  6        6   (0)      1 :  0.0000 0.0008 0.3539 0.6453 
  7        7   (0)      1 :  0.0000 0.0052 0.2130 0.7818 
  8        8   (0)      1 :  0.0008 0.0134 0.1526 0.8332 
  9        9   (0)      1 :  0.0000 0.0106 0.2042 0.7852 
 10       10   (0)      1 :  0.0000 0.0008 0.6897 0.3095 
 11       11   (0)      1 :  0.0038 0.0694 0.0000 0.9268 
 12       12   (0)      1 :  0.0000 0.0140 0.4837 0.5023 
 13       13   (0)      2 :  0.0000 0.0000 1.0000 0.0000 
 14       14   (0)      2 :  0.0000 0.0000 1.0000 0.0000 
 15       15   (0)      2 :  0.0000 0.0000 1.0000 0.0000 
 16       16   (0)      3 :  0.7704 0.1826 0.0158 0.0312 
 17       17   (0)      3 :  0.7774 0.1988 0.0200 0.0038 
 18       18   (0)      3 :  0.8034 0.1842 0.0000 0.0124 
 19       19   (0)      3 :  0.4868 0.1288 0.3844 0.0000 
 20       20   (0)      3 :  0.3326 0.0914 0.5760 0.0000 
 21       21   (0)      3 :  0.7336 0.1776 0.0000 0.0888 
 22       22   (0)      3 :  0.5749 0.1493 0.2756 0.0002 
 23       23   (0)      3 :  0.7554 0.1498 0.0000 0.0948 
 24       24   (0)      3 :  0.7546 0.2148 0.0000 0.0306 
 25       25   (0)      3 :  0.7198 0.1790 0.0946 0.0066 
 26       26   (0)      3 :  0.7812 0.2082 0.0000 0.0106 
 27       27   (0)      3 :  0.7558 0.1996 0.0360 0.0086 
 28       28   (0)      4 :  0.0002 0.0422 0.0002 0.9574 
 29       29   (0)      4 :  0.0022 0.0050 0.0000 0.9928 
 30       30   (0)      4 :  0.0000 0.0072 0.0000 0.9928 
 31       31   (0)      4 :  0.0012 0.0018 0.0292 0.9678 
 32       32   (0)      4 :  0.0000 0.0080 0.0336 0.9584 
 33       33   (0)      4 :  0.0000 0.0030 0.0000 0.9970 
 34       34   (0)      4 :  0.0000 0.0008 0.0000 0.9992 
 35       35   (0)      5 :  0.0000 0.7944 0.0000 0.2056 
 36       36   (0)      5 :  0.0000 0.7962 0.0000 0.2038 
 37       37   (0)      5 :  0.0008 0.7948 0.0000 0.2044 
 38       38   (0)      5 :  0.0000 0.7968 0.0000 0.2032 
 39       39   (0)      5 :  0.0004 0.7984 0.0000 0.2012 
 40       40   (0)      5 :  0.0000 0.5776 0.2798 0.1426 
 41       41   (0)      5 :  0.0006 0.7964 0.0000 0.2030 
 42       42   (0)      5 :  0.0000 0.7440 0.0714 0.1846 
 43       43   (0)      5 :  0.0000 0.7670 0.0000 0.2330 
 44       44   (0)      5 :  0.0000 0.8000 0.0000 0.2000 
 45       45   (0)      5 :  0.0000 0.7902 0.0000 0.2098 
 46       46   (0)      5 :  0.0002 0.7988 0.0000 0.2010 
 47       47   (0)      5 :  0.0000 0.7984 0.0000 0.2016 
 48       48   (0)      6 :  0.0230 0.0022 0.0000 0.9748 
 49       49   (0)      6 :  0.0012 0.0138 0.0000 0.9850 
 50       50   (0)      6 :  0.0070 0.0192 0.0000 0.9738 
 51       51   (0)      6 :  0.0080 0.0162 0.0000 0.9758 
 52       52   (0)      6 :  0.0016 0.0008 0.0000 0.9976 
 53       53   (0)      6 :  0.0018 0.0100 0.0000 0.9882 
 54       54   (0)      6 :  0.0000 0.0334 0.0000 0.9666 
 55       55   (0)      6 :  0.0008 0.0030 0.0000 0.9962 
 56       56   (0)      6 :  0.0000 0.0180 0.0000 0.9820 
 57       57   (0)      6 :  0.0010 0.0050 0.0000 0.9940 
 58       58   (0)      6 :  0.9732 0.0014 0.0000 0.0254 
 59       59   (0)      7 :  0.9944 0.0004 0.0000 0.0052 
 60       60   (0)      7 :  0.9962 0.0010 0.0000 0.0028 
 61       61   (0)      7 :  0.9918 0.0008 0.0000 0.0074 
 62       62   (0)      7 :  0.9988 0.0004 0.0000 0.0008 
 63       63   (0)      7 :  0.9848 0.0040 0.0000 0.0112 
 64       64   (0)      7 :  0.9936 0.0008 0.0000 0.0056 
 65       65   (0)      7 :  0.9658 0.0010 0.0000 0.0332 
 66       66   (0)      8 :  0.1242 0.0972 0.0000 0.7786 
 67       67   (0)      8 :  0.1216 0.0866 0.0000 0.7918 
 68       68   (0)      8 :  0.1289 0.0980 0.0192 0.7539 
 69       69   (0)      8 :  0.1162 0.0964 0.0174 0.7700 
 70       70   (0)      8 :  0.0877 0.0728 0.0000 0.8395 
 71       71   (0)      8 :  0.1012 0.0748 0.0000 0.8240 
 72       72   (0)      8 :  0.1356 0.0904 0.0000 0.7740 
 73       73   (0)      8 :  0.1019 0.0885 0.1128 0.6968 
 74       74   (0)      8 :  0.1278 0.0957 0.0434 0.7331 
 75       75   (0)      8 :  0.1284 0.0872 0.0000 0.7844 
 76       76   (0)      8 :  0.1578 0.0796 0.0000 0.7626 
 77       77   (0)      8 :  0.1390 0.0815 0.0000 0.7796 
 78       78   (0)      9 :  0.0572 0.1168 0.0006 0.8254 
 79       79   (0)      9 :  0.0044 0.0856 0.0000 0.9100 
 80       80   (0)      9 :  0.0000 0.0988 0.0000 0.9012 
 81       81   (0)      9 :  0.0014 0.0956 0.0720 0.8310 
 82       82   (0)      9 :  0.0008 0.0920 0.0338 0.8734 
 83       83   (0)      9 :  0.0170 0.1042 0.0000 0.8788 
 84       84   (0)      9 :  0.0716 0.0346 0.0000 0.8938 
 85       85   (0)      9 :  0.0100 0.0998 0.0000 0.8902 
 86       86   (0)      9 :  0.0012 0.0528 0.1190 0.8270 
 87       87   (0)      9 :  0.0010 0.1580 0.0000 0.8410 
 88       88   (0)      9 :  0.0008 0.0844 0.0000 0.9148 
 89       89   (0)      9 :  0.0000 0.0898 0.1167 0.7935 
 90       90   (0)      9 :  0.0002 0.0726 0.0414 0.8858 
 91       91   (0)     10 :  0.8947 0.0372 0.0000 0.0680 
 92       92   (0)     10 :  0.8768 0.0102 0.0000 0.1130 
 93       93   (0)     10 :  0.9532 0.0104 0.0000 0.0364 
 94       94   (0)     10 :  0.9364 0.0162 0.0000 0.0474 
 95       95   (0)     10 :  0.9682 0.0010 0.0000 0.0308 
 96       96   (0)     10 :  0.9236 0.0326 0.0000 0.0438 
 97       97   (0)     10 :  0.8474 0.0274 0.0000 0.1252 
 98       98   (0)     10 :  0.9474 0.0086 0.0000 0.0440 
 99       99   (0)     10 :  0.7908 0.0066 0.1850 0.0176 
100      100   (0)     10 :  0.9380 0.0120 0.0000 0.0500 
101      101   (0)     10 :  0.8018 0.0232 0.1726 0.0024 
102      102   (0)     10 :  0.9180 0.0086 0.0000 0.0734 
103      103   (0)     10 :  0.9474 0.0022 0.0000 0.0504 
