1        1   (0)      1  : 0.7184 0.0000 0.0000 0.0014 0.0000 0.0011 0.0000 0.2407 0.0000 0.0000 0.0057 0.0199 0.0014 0.0113
2        2   (0)      1  : 0.4435 0.0000 0.0000 0.0006 0.0000 0.0000 0.0006 0.5470 0.0000 0.0007 0.0000 0.0000 0.0076 0.0000
3        3   (0)      1  : 0.8417 0.0000 0.0014 0.0622 0.0000 0.0000 0.0000 0.0652 0.0000 0.0000 0.0121 0.0143 0.0000 0.0030
4        4   (0)      1  : 0.6955 0.0000 0.0000 0.0054 0.0000 0.0000 0.0000 0.2945 0.0000 0.0000 0.0021 0.0024 0.0000 0.0000
5        5   (0)      1  : 0.0872 0.0000 0.0000 0.0000 0.0000 0.0000 0.0000 0.8991 0.0000 0.0000 0.0136 0.0000 0.0000 0.0001
6        6   (0)      1  : 0.3786 0.0000 0.0000 0.0000 0.0000 0.0000 0.0000 0.0000 0.0000 0.0000 0.3527 0.0884 0.0000 0.1803
7        7   (0)      1  : 0.6274 0.0000 0.0000 0.0013 0.0000 0.0013 0.0014 0.0000 0.0000 0.0000 0.2053 0.0571 0.0004 0.1058
8        8   (0)      1  : 0.7083 0.0000 0.0004 0.0033 0.0000 0.0021 0.0256 0.2188 0.0010 0.0003 0.0126 0.0162 0.0061 0.0053
9        9   (0)      1  : 0.5925 0.0000 0.0000 0.0003 0.0000 0.0000 0.0000 0.2369 0.0000 0.0000 0.1006 0.0240 0.0000 0.0458
10       10   (0)      1  : 0.0996 0.0000 0.0000 0.0000 0.0000 0.0000 0.9002 0.0000 0.0000 0.0000 0.0000 0.0000 0.0001 0.0000
11       11   (0)      1  : 0.8564 0.0000 0.0289 0.0682 0.0000 0.0129 0.0000 0.0000 0.0000 0.0000 0.0034 0.0149 0.0000 0.0154
12       12   (0)      1  : 0.3079 0.0000 0.0000 0.0004 0.0000 0.0000 0.1211 0.1407 0.0000 0.0666 0.0007 0.0024 0.3600 0.0001
13       13   (0)      2  : 0.0000 1.0000 0.0000 0.0000 0.0000 0.0000 0.0000 0.0000 0.0000 0.0000 0.0000 0.0000 0.0000 0.0000
14       14   (0)      2  : 0.0000 1.0000 0.0000 0.0000 0.0000 0.0000 0.0000 0.0000 0.0000 0.0000 0.0000 0.0000 0.0000 0.0000
15       15   (0)      2  : 0.0000 1.0000 0.0000 0.0000 0.0000 0.0000 0.0000 0.0000 0.0000 0.0000 0.0000 0.0000 0.0000 0.0000
16       16   (0)      3  : 0.0848 0.0000 0.0631 0.0001 0.0000 0.0239 0.0000 0.0000 0.8281 0.0000 0.0000 0.0000 0.0000 0.0000
17       17   (0)      3  : 0.0482 0.0000 0.0000 0.0000 0.0000 0.0000 0.0000 0.0000 0.9518 0.0000 0.0000 0.0000 0.0000 0.0000
18       18   (0)      3  : 0.1008 0.0000 0.0497 0.0006 0.0000 0.0004 0.0000 0.0000 0.8166 0.0319 0.0000 0.0000 0.0000 0.0000
19       19   (0)      3  : 0.0000 0.0026 0.0000 0.0000 0.0000 0.0000 0.0099 0.0341 0.4706 0.0060 0.0031 0.0000 0.4737 0.0000
20       20   (0)      3  : 0.0000 0.0000 0.0000 0.0000 0.0000 0.0000 0.0909 0.0000 0.1694 0.7397 0.0000 0.0000 0.0000 0.0000
21       21   (0)      3  : 0.1599 0.0000 0.0100 0.0021 0.0000 0.0010 0.0000 0.0000 0.8270 0.0000 0.0000 0.0000 0.0000 0.0000
22       22   (0)      3  : 0.0000 0.0000 0.0000 0.0000 0.0000 0.0000 0.0283 0.0576 0.6407 0.1531 0.0000 0.0000 0.1203 0.0000
23       23   (0)      3  : 0.2110 0.0000 0.0706 0.0000 0.0000 0.0024 0.0000 0.0000 0.7159 0.0000 0.0000 0.0000 0.0000 0.0000
24       24   (0)      3  : 0.1376 0.0000 0.0376 0.0029 0.0004 0.0016 0.0000 0.0000 0.8199 0.0000 0.0000 0.0000 0.0000 0.0000
25       25   (0)      3  : 0.0487 0.0000 0.0030 0.0000 0.0000 0.0010 0.0242 0.0209 0.8346 0.0266 0.0000 0.0000 0.0410 0.0000
26       26   (0)      3  : 0.0616 0.0000 0.0000 0.0011 0.0000 0.0003 0.0000 0.0000 0.9370 0.0000 0.0000 0.0000 0.0000 0.0000
27       27   (0)      3  : 0.0564 0.0000 0.0000 0.0001 0.0000 0.0000 0.0000 0.0000 0.9435 0.0000 0.0000 0.0000 0.0000 0.0000
28       28   (0)      4  : 0.8589 0.0001 0.0000 0.0013 0.0000 0.0000 0.0000 0.0000 0.0000 0.0000 0.1385 0.0000 0.0000 0.0011
29       29   (0)      4  : 0.8817 0.0000 0.0000 0.0009 0.0006 0.0007 0.0000 0.0000 0.0000 0.0000 0.1152 0.0000 0.0000 0.0009
30       30   (0)      4  : 0.8791 0.0000 0.0000 0.0000 0.0000 0.0000 0.0000 0.0000 0.0000 0.0000 0.1209 0.0000 0.0000 0.0000
31       31   (0)      4  : 0.8177 0.0000 0.0013 0.0000 0.0000 0.0029 0.0000 0.0339 0.0000 0.0014 0.1407 0.0000 0.0000 0.0021
32       32   (0)      4  : 0.7839 0.0017 0.0000 0.0007 0.0000 0.0000 0.0000 0.0253 0.0000 0.0000 0.1765 0.0109 0.0001 0.0009
33       33   (0)      4  : 0.8750 0.0000 0.0000 0.0010 0.0000 0.0000 0.0000 0.0000 0.0000 0.0000 0.1240 0.0000 0.0000 0.0000
34       34   (0)      4  : 0.8705 0.0000 0.0000 0.0000 0.0000 0.0000 0.0000 0.0000 0.0000 0.0000 0.1295 0.0000 0.0000 0.0000
35       35   (0)      5  : 0.0120 0.0000 0.0000 0.9880 0.0000 0.0000 0.0000 0.0000 0.0000 0.0000 0.0000 0.0000 0.0000 0.0000
36       36   (0)      5  : 0.0090 0.0000 0.0000 0.9910 0.0000 0.0000 0.0000 0.0000 0.0000 0.0000 0.0000 0.0000 0.0000 0.0000
37       37   (0)      5  : 0.0037 0.0000 0.0000 0.9963 0.0000 0.0000 0.0000 0.0000 0.0000 0.0000 0.0000 0.0000 0.0000 0.0000
38       38   (0)      5  : 0.0017 0.0000 0.0000 0.9983 0.0000 0.0000 0.0000 0.0000 0.0000 0.0000 0.0000 0.0000 0.0000 0.0000
39       39   (0)      5  : 0.0006 0.0000 0.0000 0.9994 0.0000 0.0000 0.0000 0.0000 0.0000 0.0000 0.0000 0.0000 0.0000 0.0000
40       40   (0)      5  : 0.0000 0.0000 0.0000 0.6105 0.0000 0.0000 0.0037 0.1515 0.0000 0.0610 0.0000 0.0000 0.1733 0.0000
41       41   (0)      5  : 0.0060 0.0000 0.0000 0.9940 0.0000 0.0000 0.0000 0.0000 0.0000 0.0000 0.0000 0.0000 0.0000 0.0000
42       42   (0)      5  : 0.0000 0.0000 0.0000 0.9018 0.0000 0.0000 0.0007 0.0126 0.0000 0.0000 0.0000 0.0006 0.0843 0.0000
43       43   (0)      5  : 0.0579 0.0000 0.0000 0.9421 0.0000 0.0000 0.0000 0.0000 0.0000 0.0000 0.0000 0.0000 0.0000 0.0000
44       44   (0)      5  : 0.0000 0.0000 0.0000 1.0000 0.0000 0.0000 0.0000 0.0000 0.0000 0.0000 0.0000 0.0000 0.0000 0.0000
45       45   (0)      5  : 0.0140 0.0000 0.0000 0.9857 0.0000 0.0000 0.0000 0.0000 0.0000 0.0000 0.0003 0.0000 0.0000 0.0000
46       46   (0)      5  : 0.0009 0.0000 0.0000 0.9991 0.0000 0.0000 0.0000 0.0000 0.0000 0.0000 0.0000 0.0000 0.0000 0.0000
47       47   (0)      5  : 0.0029 0.0000 0.0000 0.9971 0.0000 0.0000 0.0000 0.0000 0.0000 0.0000 0.0000 0.0000 0.0000 0.0000
48       48   (0)      6  : 0.8240 0.0000 0.0020 0.0000 0.0007 0.0017 0.0000 0.0000 0.0027 0.0000 0.0004 0.0000 0.0000 0.1684
49       49   (0)      6  : 0.8538 0.0000 0.0000 0.0019 0.0001 0.0000 0.0000 0.0000 0.0000 0.0000 0.0090 0.0001 0.0000 0.1351
50       50   (0)      6  : 0.8216 0.0000 0.0126 0.0050 0.0000 0.0029 0.0000 0.0000 0.0004 0.0000 0.0010 0.0000 0.0000 0.1566
51       51   (0)      6  : 0.8393 0.0000 0.0000 0.0007 0.0026 0.0000 0.0000 0.0000 0.0000 0.0000 0.0000 0.0000 0.0000 0.1574
52       52   (0)      6  : 0.8656 0.0000 0.0020 0.0001 0.0000 0.0004 0.0000 0.0000 0.0000 0.0000 0.0000 0.0000 0.0000 0.1318
53       53   (0)      6  : 0.8487 0.0000 0.0000 0.0001 0.0000 0.0004 0.0000 0.0000 0.0046 0.0000 0.0017 0.0000 0.0000 0.1444
54       54   (0)      6  : 0.8678 0.0000 0.0000 0.0014 0.0000 0.0017 0.0000 0.0000 0.0000 0.0000 0.0006 0.0000 0.0000 0.1285
55       55   (0)      6  : 0.8381 0.0000 0.0000 0.0009 0.0000 0.0036 0.0000 0.0000 0.0000 0.0000 0.0039 0.0000 0.0000 0.1536
56       56   (0)      6  : 0.7567 0.0000 0.0000 0.0017 0.0000 0.1032 0.0000 0.0000 0.0000 0.0000 0.0000 0.0000 0.0000 0.1384
57       57   (0)      6  : 0.8275 0.0000 0.0000 0.0019 0.0000 0.0000 0.0001 0.0000 0.0000 0.0001 0.0004 0.0001 0.0000 0.1698
58       58   (0)      6  : 0.1626 0.0000 0.0777 0.0020 0.7550 0.0011 0.0000 0.0000 0.0016 0.0000 0.0000 0.0000 0.0000 0.0000
59       59   (0)      7  : 0.0592 0.0000 0.0019 0.0003 0.9375 0.0000 0.0000 0.0000 0.0011 0.0000 0.0000 0.0000 0.0000 0.0000
60       60   (0)      7  : 0.0684 0.0000 0.0010 0.0000 0.9293 0.0000 0.0000 0.0000 0.0013 0.0000 0.0000 0.0000 0.0000 0.0000
61       61   (0)      7  : 0.0562 0.0000 0.0040 0.0006 0.9389 0.0003 0.0000 0.0000 0.0000 0.0000 0.0000 0.0000 0.0000 0.0000
62       62   (0)      7  : 0.0347 0.0000 0.0193 0.0001 0.9458 0.0000 0.0000 0.0000 0.0000 0.0000 0.0000 0.0000 0.0000 0.0000
63       63   (0)      7  : 0.0519 0.0000 0.0017 0.0106 0.9355 0.0003 0.0000 0.0000 0.0000 0.0000 0.0000 0.0000 0.0000 0.0000
64       64   (0)      7  : 0.0551 0.0000 0.0001 0.0007 0.9429 0.0010 0.0000 0.0000 0.0001 0.0000 0.0000 0.0000 0.0000 0.0000
65       65   (0)      7  : 0.0799 0.0000 0.0044 0.0000 0.9151 0.0004 0.0000 0.0000 0.0001 0.0000 0.0000 0.0000 0.0000 0.0000
66       66   (0)      8  : 0.2661 0.0000 0.0000 0.0250 0.0000 0.7050 0.0000 0.0000 0.0039 0.0000 0.0000 0.0000 0.0000 0.0000
67       67   (0)      8  : 0.0961 0.0000 0.0000 0.0006 0.0000 0.9033 0.0000 0.0000 0.0000 0.0000 0.0000 0.0000 0.0000 0.0000
68       68   (0)      8  : 0.1150 0.0000 0.0006 0.0000 0.0000 0.8844 0.0000 0.0000 0.0000 0.0000 0.0000 0.0000 0.0000 0.0000
69       69   (0)      8  : 0.1215 0.0000 0.0000 0.0000 0.0000 0.8785 0.0000 0.0000 0.0000 0.0000 0.0000 0.0000 0.0000 0.0000
70       70   (0)      8  : 0.2122 0.0000 0.0000 0.0000 0.0000 0.7878 0.0000 0.0000 0.0000 0.0000 0.0000 0.0000 0.0000 0.0000
71       71   (0)      8  : 0.2478 0.0000 0.0000 0.0050 0.0000 0.7472 0.0000 0.0000 0.0000 0.0000 0.0000 0.0000 0.0000 0.0000
72       72   (0)      8  : 0.1467 0.0000 0.0007 0.0003 0.0000 0.8515 0.0000 0.0000 0.0007 0.0000 0.0000 0.0000 0.0000 0.0000
73       73   (0)      8  : 0.0895 0.0000 0.0000 0.0000 0.0000 0.7570 0.0014 0.1054 0.0000 0.0000 0.0000 0.0000 0.0468 0.0000
74       74   (0)      8  : 0.1244 0.0000 0.0000 0.0000 0.0000 0.8316 0.0000 0.0000 0.0014 0.0020 0.0010 0.0000 0.0396 0.0000
75       75   (0)      8  : 0.2045 0.0000 0.0000 0.0004 0.0000 0.7941 0.0000 0.0000 0.0010 0.0000 0.0000 0.0000 0.0000 0.0000
76       76   (0)      8  : 0.2518 0.0000 0.0010 0.0019 0.0000 0.7395 0.0000 0.0000 0.0034 0.0000 0.0000 0.0000 0.0000 0.0024
77       77   (0)      8  : 0.1493 0.0000 0.0000 0.0007 0.0000 0.8500 0.0000 0.0000 0.0000 0.0000 0.0000 0.0000 0.0000 0.0000
78       78   (0)      9  : 0.7448 0.0000 0.0177 0.0597 0.0000 0.0006 0.0000 0.0000 0.0000 0.0001 0.0000 0.1736 0.0034 0.0000
79       79   (0)      9  : 0.8253 0.0000 0.0009 0.0779 0.0000 0.0004 0.0000 0.0000 0.0001 0.0000 0.0001 0.0945 0.0000 0.0007
80       80   (0)      9  : 0.8395 0.0000 0.0000 0.0446 0.0000 0.0000 0.0000 0.0000 0.0000 0.0000 0.0000 0.1159 0.0000 0.0000
81       81   (0)      9  : 0.6965 0.0000 0.0001 0.0386 0.0000 0.0000 0.0013 0.0006 0.0000 0.0000 0.0000 0.2493 0.0136 0.0000
82       82   (0)      9  : 0.7544 0.0000 0.0000 0.0616 0.0000 0.0164 0.0000 0.0000 0.0001 0.0000 0.0086 0.1585 0.0001 0.0001
83       83   (0)      9  : 0.8020 0.0000 0.0026 0.0972 0.0000 0.0112 0.0000 0.0000 0.0000 0.0000 0.0000 0.0871 0.0000 0.0000
84       84   (0)      9  : 0.8556 0.0000 0.0250 0.0020 0.0003 0.0010 0.0000 0.0000 0.0000 0.0000 0.0000 0.1161 0.0000 0.0000
85       85   (0)      9  : 0.8423 0.0000 0.0004 0.0861 0.0064 0.0001 0.0000 0.0000 0.0006 0.0000 0.0001 0.0639 0.0000 0.0000
86       86   (0)      9  : 0.6729 0.0029 0.0007 0.0074 0.0001 0.0003 0.0037 0.0280 0.0001 0.0019 0.0001 0.2811 0.0003 0.0004
87       87   (0)      9  : 0.7778 0.0000 0.0001 0.1373 0.0000 0.0001 0.0000 0.0000 0.0001 0.0000 0.0000 0.0845 0.0000 0.0000
88       88   (0)      9  : 0.8179 0.0000 0.0000 0.0876 0.0000 0.0014 0.0000 0.0000 0.0001 0.0000 0.0000 0.0723 0.0000 0.0206
89       89   (0)      9  : 0.6813 0.0113 0.0000 0.0350 0.0000 0.0000 0.0000 0.0000 0.0000 0.0000 0.0520 0.1928 0.0021 0.0255
90       90   (0)      9  : 0.8015 0.0000 0.0000 0.0130 0.0000 0.0000 0.0000 0.0000 0.0000 0.0000 0.0000 0.1769 0.0086 0.0000
91       91   (0)     10  : 0.0789 0.0000 0.7920 0.0016 0.0241 0.0010 0.0000 0.0000 0.1019 0.0000 0.0006 0.0000 0.0000 0.0000
92       92   (0)     10  : 0.1459 0.0000 0.8396 0.0009 0.0011 0.0077 0.0000 0.0000 0.0047 0.0000 0.0000 0.0000 0.0000 0.0000
93       93   (0)     10  : 0.0781 0.0000 0.9202 0.0014 0.0000 0.0000 0.0000 0.0000 0.0003 0.0000 0.0000 0.0000 0.0000 0.0000
94       94   (0)     10  : 0.0774 0.0000 0.9153 0.0039 0.0000 0.0000 0.0000 0.0000 0.0034 0.0000 0.0000 0.0000 0.0000 0.0000
95       95   (0)     10  : 0.0892 0.0000 0.9103 0.0000 0.0004 0.0000 0.0000 0.0000 0.0000 0.0000 0.0000 0.0000 0.0000 0.0000
96       96   (0)     10  : 0.1050 0.0000 0.8847 0.0020 0.0074 0.0007 0.0000 0.0000 0.0001 0.0000 0.0000 0.0000 0.0000 0.0000
97       97   (0)     10  : 0.1394 0.0000 0.7382 0.0021 0.0313 0.0000 0.0000 0.0000 0.0879 0.0000 0.0010 0.0000 0.0000 0.0000
98       98   (0)     10  : 0.0721 0.0000 0.9247 0.0033 0.0000 0.0000 0.0000 0.0000 0.0000 0.0000 0.0000 0.0000 0.0000 0.0000
99       99   (0)     10  : 0.0021 0.0000 0.7520 0.0000 0.0000 0.0000 0.0263 0.0696 0.0010 0.0730 0.0001 0.0000 0.0757 0.0000
100      100   (0)     10  : 0.1141 0.0000 0.8849 0.0009 0.0000 0.0001 0.0000 0.0000 0.0000 0.0000 0.0000 0.0000 0.0000 0.0000
101      101   (0)     10  : 0.0059 0.0000 0.7616 0.0000 0.0010 0.0000 0.0113 0.0320 0.0001 0.0320 0.0000 0.0000 0.1560 0.0000
102      102   (0)     10  : 0.1002 0.0000 0.8936 0.0004 0.0009 0.0039 0.0000 0.0000 0.0004 0.0000 0.0006 0.0000 0.0000 0.0000
103      103   (0)     10  : 0.0856 0.0000 0.9098 0.0000 0.0000 0.0000 0.0000 0.0000 0.0046 0.0000 0.0000 0.0000 0.0000 0.0000
