1        1   (0)      1  : 0.8261 0.0648 0.0000 0.0018 0.1069 0.0004
2        2   (0)      1  : 0.5845 0.1542 0.0004 0.0014 0.2595 0.0000
3        3   (0)      1  : 0.9136 0.0094 0.0040 0.0514 0.0216 0.0000
4        4   (0)      1  : 0.8047 0.0709 0.0000 0.0040 0.1202 0.0002
5        5   (0)      1  : 0.3026 0.2605 0.0000 0.0000 0.4368 0.0000
6        6   (0)      1  : 0.5818 0.2050 0.0000 0.0226 0.1903 0.0002
7        7   (0)      1  : 0.7468 0.1258 0.0000 0.0156 0.1116 0.0002
8        8   (0)      1  : 0.7969 0.0730 0.0002 0.0046 0.1241 0.0012
9        9   (0)      1  : 0.7409 0.0965 0.0000 0.0030 0.1595 0.0002
10       10   (0)      1  : 0.1663 0.3121 0.0000 0.0000 0.5215 0.0000
11       11   (0)      1  : 0.9204 0.0000 0.0140 0.0604 0.0000 0.0052
12       12   (0)      1  : 0.4177 0.2179 0.0000 0.0030 0.3614 0.0000
13       13   (0)      2  : 0.0000 0.8000 0.0000 0.2000 0.0000 0.0000
14       14   (0)      2  : 0.0000 0.8000 0.0000 0.2000 0.0000 0.0000
15       15   (0)      2  : 0.0000 0.8000 0.0000 0.2000 0.0000 0.0000
16       16   (0)      3  : 0.0312 0.0008 0.2096 0.0014 0.0028 0.7542
17       17   (0)      3  : 0.0010 0.0020 0.1426 0.0020 0.0022 0.8502
18       18   (0)      3  : 0.0200 0.0000 0.1953 0.0012 0.0048 0.7787
19       19   (0)      3  : 0.0000 0.1588 0.0806 0.0002 0.2730 0.4874
20       20   (0)      3  : 0.0000 0.2512 0.0484 0.0036 0.3917 0.3051
21       21   (0)      3  : 0.0934 0.0000 0.1768 0.0046 0.0004 0.7248
22       22   (0)      3  : 0.0000 0.1147 0.0927 0.0000 0.2034 0.5892
23       23   (0)      3  : 0.1122 0.0000 0.2358 0.0012 0.0002 0.6506
24       24   (0)      3  : 0.0434 0.0000 0.2222 0.0216 0.0000 0.7127
25       25   (0)      3  : 0.0112 0.0366 0.1375 0.0006 0.0756 0.7385
26       26   (0)      3  : 0.0176 0.0000 0.1560 0.0046 0.0000 0.8218
27       27   (0)      3  : 0.0072 0.0000 0.1378 0.0014 0.0150 0.8386
28       28   (0)      4  : 0.9872 0.0000 0.0000 0.0128 0.0000 0.0000
29       29   (0)      4  : 0.9974 0.0000 0.0004 0.0012 0.0010 0.0000
30       30   (0)      4  : 0.9984 0.0000 0.0002 0.0014 0.0000 0.0000
31       31   (0)      4  : 0.9566 0.0154 0.0008 0.0006 0.0260 0.0006
32       32   (0)      4  : 0.9588 0.0160 0.0000 0.0024 0.0228 0.0000
33       33   (0)      4  : 0.9990 0.0000 0.0000 0.0010 0.0000 0.0000
34       34   (0)      4  : 0.9998 0.0000 0.0000 0.0002 0.0000 0.0000
35       35   (0)      5  : 0.2048 0.0000 0.0000 0.7952 0.0000 0.0000
36       36   (0)      5  : 0.2028 0.0000 0.0000 0.7972 0.0000 0.0000
37       37   (0)      5  : 0.2024 0.0000 0.0004 0.7972 0.0000 0.0000
38       38   (0)      5  : 0.2012 0.0000 0.0000 0.7986 0.0000 0.0002
39       39   (0)      5  : 0.2004 0.0000 0.0000 0.7994 0.0000 0.0002
40       40   (0)      5  : 0.1316 0.1256 0.0000 0.5413 0.2015 0.0000
41       41   (0)      5  : 0.2016 0.0000 0.0004 0.7978 0.0000 0.0002
42       42   (0)      5  : 0.1814 0.0328 0.0000 0.7336 0.0522 0.0000
43       43   (0)      5  : 0.2334 0.0000 0.0000 0.7666 0.0000 0.0000
44       44   (0)      5  : 0.2000 0.0000 0.0000 0.8000 0.0000 0.0000
45       45   (0)      5  : 0.2078 0.0000 0.0000 0.7920 0.0000 0.0002
46       46   (0)      5  : 0.2008 0.0000 0.0000 0.7992 0.0000 0.0000
47       47   (0)      5  : 0.2010 0.0000 0.0000 0.7990 0.0000 0.0000
48       48   (0)      6  : 0.9784 0.0000 0.0120 0.0000 0.0024 0.0072
49       49   (0)      6  : 0.9944 0.0000 0.0008 0.0042 0.0002 0.0004
50       50   (0)      6  : 0.9694 0.0000 0.0144 0.0108 0.0000 0.0054
51       51   (0)      6  : 0.9842 0.0000 0.0030 0.0050 0.0074 0.0004
52       52   (0)      6  : 0.9962 0.0000 0.0024 0.0006 0.0000 0.0008
53       53   (0)      6  : 0.9900 0.0000 0.0006 0.0010 0.0002 0.0082
54       54   (0)      6  : 0.9872 0.0000 0.0000 0.0100 0.0000 0.0028
55       55   (0)      6  : 0.9970 0.0000 0.0002 0.0010 0.0002 0.0016
56       56   (0)      6  : 0.9648 0.0000 0.0000 0.0038 0.0000 0.0314
57       57   (0)      6  : 0.9934 0.0038 0.0004 0.0018 0.0002 0.0004
58       58   (0)      6  : 0.0824 0.0000 0.4714 0.0014 0.3041 0.1406
59       59   (0)      7  : 0.0186 0.0000 0.4506 0.0006 0.3802 0.1500
60       60   (0)      7  : 0.0208 0.0000 0.4478 0.0004 0.3778 0.1532
61       61   (0)      7  : 0.0210 0.0000 0.4466 0.0010 0.3770 0.1544
62       62   (0)      7  : 0.0050 0.0000 0.4651 0.0004 0.3794 0.1500
63       63   (0)      7  : 0.0242 0.0000 0.4404 0.0120 0.3714 0.1520
64       64   (0)      7  : 0.0208 0.0000 0.4492 0.0010 0.3786 0.1504
65       65   (0)      7  : 0.0530 0.0000 0.4354 0.0002 0.3688 0.1425
66       66   (0)      8  : 0.5547 0.0000 0.0002 0.0390 0.0000 0.4061
67       67   (0)      8  : 0.5410 0.0000 0.0002 0.0046 0.0000 0.4542
68       68   (0)      8  : 0.4915 0.0022 0.0016 0.0006 0.0102 0.4939
69       69   (0)      8  : 0.4973 0.0000 0.0002 0.0000 0.0064 0.4961
70       70   (0)      8  : 0.5881 0.0000 0.0002 0.0000 0.0000 0.4117
71       71   (0)      8  : 0.6004 0.0000 0.0002 0.0076 0.0000 0.3918
72       72   (0)      8  : 0.5166 0.0000 0.0022 0.0004 0.0000 0.4808
73       73   (0)      8  : 0.4412 0.0450 0.0000 0.0002 0.0813 0.4324
74       74   (0)      8  : 0.4756 0.0152 0.0000 0.0002 0.0316 0.4774
75       75   (0)      8  : 0.5385 0.0000 0.0004 0.0010 0.0000 0.4601
76       76   (0)      8  : 0.5636 0.0000 0.0014 0.0014 0.0000 0.4336
77       77   (0)      8  : 0.5469 0.0000 0.0006 0.0010 0.0000 0.4515
78       78   (0)      9  : 0.7906 0.0036 0.0892 0.1010 0.0146 0.0010
79       79   (0)      9  : 0.9212 0.0000 0.0040 0.0724 0.0002 0.0022
80       80   (0)      9  : 0.9183 0.0030 0.0000 0.0787 0.0000 0.0000
81       81   (0)      9  : 0.8261 0.0344 0.0014 0.0800 0.0570 0.0010
82       82   (0)      9  : 0.8752 0.0230 0.0002 0.0728 0.0066 0.0222
83       83   (0)      9  : 0.8910 0.0000 0.0110 0.0910 0.0008 0.0062
84       84   (0)      9  : 0.8860 0.0000 0.0976 0.0154 0.0004 0.0006
85       85   (0)      9  : 0.8994 0.0000 0.0034 0.0898 0.0054 0.0020
86       86   (0)      9  : 0.8175 0.0595 0.0014 0.0414 0.0800 0.0002
87       87   (0)      9  : 0.8582 0.0000 0.0016 0.1390 0.0000 0.0012
88       88   (0)      9  : 0.9188 0.0000 0.0002 0.0786 0.0000 0.0024
89       89   (0)      9  : 0.7943 0.0708 0.0000 0.0822 0.0526 0.0000
90       90   (0)      9  : 0.8851 0.0208 0.0000 0.0607 0.0334 0.0000
91       91   (0)     10  : 0.0468 0.0000 0.8380 0.0064 0.0112 0.0976
92       92   (0)     10  : 0.0980 0.0000 0.8706 0.0018 0.0008 0.0288
93       93   (0)     10  : 0.0388 0.0000 0.9546 0.0060 0.0000 0.0006
94       94   (0)     10  : 0.0420 0.0000 0.9420 0.0074 0.0000 0.0086
95       95   (0)     10  : 0.0354 0.0000 0.9632 0.0002 0.0004 0.0008
96       96   (0)     10  : 0.0532 0.0000 0.9192 0.0198 0.0044 0.0034
97       97   (0)     10  : 0.1232 0.0000 0.7882 0.0032 0.0172 0.0682
98       98   (0)     10  : 0.0446 0.0000 0.9462 0.0062 0.0000 0.0030
99       99   (0)     10  : 0.0014 0.0784 0.7825 0.0002 0.1357 0.0018
100      100   (0)     10  : 0.0660 0.0000 0.9292 0.0038 0.0004 0.0006
101      101   (0)     10  : 0.0006 0.0776 0.7861 0.0000 0.1295 0.0062
102      102   (0)     10  : 0.0710 0.0000 0.9192 0.0008 0.0004 0.0086
103      103   (0)     10  : 0.0548 0.0000 0.9390 0.0004 0.0000 0.0058
